2024-10-22 15:34:19 [INFO] Question: Which are the top 5 countries by sales?
2024-10-22 15:34:19 [INFO] Running PandasAI with bamboo_llm LLM...
2024-10-22 15:34:19 [INFO] Prompt ID: 330eb3b7-3830-4b0f-bdb7-ab35d29017f7
2024-10-22 15:34:19 [INFO] Executing Pipeline: GenerateChatPipeline
2024-10-22 15:34:19 [INFO] Executing Step 0: ValidatePipelineInput
2024-10-22 15:34:19 [INFO] Executing Step 1: CacheLookup
2024-10-22 15:34:19 [INFO] Executing Step 2: PromptGeneration
2024-10-22 15:34:20 [INFO] Using prompt: <dataframe>
dfs[0]:10x2
country,sales
France,2900
United States,2300
Italy,2600
</dataframe>




Update this initial code:
```python
# TODO: import the required dependencies
import pandas as pd

# Write code here

# Declare result var: 
type (possible values "string", "number", "dataframe", "plot"). Examples: { "type": "string", "value": f"The highest salary is {highest_salary}." } or { "type": "number", "value": 125 } or { "type": "dataframe", "value": pd.DataFrame({...}) } or { "type": "plot", "value": "temp_chart.png" }

```







### QUERY
 Which are the top 5 countries by sales?

Variable `dfs: list[pd.DataFrame]` is already declared.

At the end, declare "result" variable as a dictionary of type and value.

If you are asked to plot a chart, use "matplotlib" for charts, save as png.


Generate python code and return full updated code:
2024-10-22 15:34:20 [INFO] Executing Step 3: CodeGenerator
2024-10-22 15:34:22 [INFO] Prompt used:
            None
            
2024-10-22 15:34:22 [INFO] Code generated:
            ```
            # TODO: import the required dependencies
import pandas as pd

# Write code here
df = dfs[0]
top_countries = df.sort_values(by='sales', ascending=False).head(5)['country']

# Declare result var
result = {
    "type": "string",
    "value": f"The top 5 countries by sales are: {', '.join(top_countries)}"
}
            ```
            
2024-10-22 15:34:22 [INFO] Executing Step 4: CachePopulation
2024-10-22 15:34:22 [INFO] Executing Step 5: CodeCleaning
2024-10-22 15:34:22 [INFO] 
Code running:
```
df = dfs[0]
top_countries = df.sort_values(by='sales', ascending=False).head(5)['country']
result = {'type': 'string', 'value': f"The top 5 countries by sales are: {', '.join(top_countries)}"}
        ```
2024-10-22 15:34:22 [INFO] Executing Step 6: CodeExecution
2024-10-22 15:34:22 [INFO] Executing Step 7: ResultValidation
2024-10-22 15:34:22 [INFO] Answer: {'type': 'string', 'value': 'The top 5 countries by sales are: China, United States, Japan, Germany, United Kingdom'}
2024-10-22 15:34:22 [INFO] Executing Step 8: ResultParsing
2024-10-22 15:34:22 [INFO] Question: What is the total sales across all countries?
2024-10-22 15:34:22 [INFO] Running PandasAI with bamboo_llm LLM...
2024-10-22 15:34:22 [INFO] Prompt ID: 28fc3698-2b55-4636-bfab-1f542db46c46
2024-10-22 15:34:22 [INFO] Executing Pipeline: GenerateChatPipeline
2024-10-22 15:34:22 [INFO] Executing Step 0: ValidatePipelineInput
2024-10-22 15:34:22 [INFO] Executing Step 1: CacheLookup
2024-10-22 15:34:22 [INFO] Executing Step 2: PromptGeneration
2024-10-22 15:34:22 [INFO] Using prompt: <dataframe>
dfs[0]:10x2
country,sales
France,2900
United States,2300
Italy,2600
</dataframe>




Update this initial code:
```python
# TODO: import the required dependencies
import pandas as pd

# Write code here

# Declare result var: 
type (possible values "string", "number", "dataframe", "plot"). Examples: { "type": "string", "value": f"The highest salary is {highest_salary}." } or { "type": "number", "value": 125 } or { "type": "dataframe", "value": pd.DataFrame({...}) } or { "type": "plot", "value": "temp_chart.png" }

```







### QUERY
 What is the total sales across all countries?

Variable `dfs: list[pd.DataFrame]` is already declared.

At the end, declare "result" variable as a dictionary of type and value.

If you are asked to plot a chart, use "matplotlib" for charts, save as png.


Generate python code and return full updated code:
2024-10-22 15:34:22 [INFO] Executing Step 3: CodeGenerator
2024-10-22 15:34:25 [INFO] Prompt used:
            None
            
2024-10-22 15:34:25 [INFO] Code generated:
            ```
            # TODO: import the required dependencies
import pandas as pd

# Given data
data = {
    'country': ['France', 'United States', 'Italy'],
    'sales': [2900, 2300, 2600]
}

# Creating DataFrame
df = pd.DataFrame(data)

# Calculate total sales across all countries
total_sales = df['sales'].sum()

# Declare result variable
result = {"type": "string", "value": f"The total sales across all countries is {total_sales}."}
            ```
            
2024-10-22 15:34:25 [INFO] Executing Step 4: CachePopulation
2024-10-22 15:34:25 [INFO] Executing Step 5: CodeCleaning
2024-10-22 15:34:25 [INFO] 
Code running:
```
data = {'country': ['France', 'United States', 'Italy'], 'sales': [2900, 2300, 2600]}
df = dfs[0]
total_sales = df['sales'].sum()
result = {'type': 'string', 'value': f'The total sales across all countries is {total_sales}.'}
        ```
2024-10-22 15:34:25 [INFO] Executing Step 6: CodeExecution
2024-10-22 15:34:25 [INFO] Executing Step 7: ResultValidation
2024-10-22 15:34:25 [INFO] Answer: {'type': 'string', 'value': 'The total sales across all countries is 36200.'}
2024-10-22 15:34:25 [INFO] Executing Step 8: ResultParsing
2024-10-22 15:41:57 [INFO] Question: How many games did Hikaru play as white?
2024-10-22 15:41:57 [INFO] Running PandasAI with bamboo_llm LLM...
2024-10-22 15:41:57 [INFO] Prompt ID: 963eee14-a655-4a27-90ae-695df309f08d
2024-10-22 15:41:57 [INFO] Executing Pipeline: GenerateChatPipeline
2024-10-22 15:41:57 [INFO] Executing Step 0: ValidatePipelineInput
2024-10-22 15:41:57 [INFO] Executing Step 1: CacheLookup
2024-10-22 15:41:58 [INFO] Executing Step 2: PromptGeneration
2024-10-22 15:41:58 [INFO] Using prompt: <dataframe>
dfs[0]:25088x10
game_id,date,time,player,role,opponent,player_result,winner,rated,time_class
14967,2024-04-20,18:53:15,baki83,black,Koksal06,draw,SenorNadie,True,rapid
16390,2024-01-26,19:13:13,agustinv04,black,fm24601,loss,Peng_Li-Min,True,bullet
23560,2024-06-22,19:17:46,thechesscorner64,white,Kosak12,win,ChristopherYoo,False,blitz
</dataframe>




Update this initial code:
```python
# TODO: import the required dependencies
import pandas as pd

# Write code here

# Declare result var: 
type (possible values "string", "number", "dataframe", "plot"). Examples: { "type": "string", "value": f"The highest salary is {highest_salary}." } or { "type": "number", "value": 125 } or { "type": "dataframe", "value": pd.DataFrame({...}) } or { "type": "plot", "value": "temp_chart.png" }

```







### QUERY
 How many games did Hikaru play as white?

Variable `dfs: list[pd.DataFrame]` is already declared.

At the end, declare "result" variable as a dictionary of type and value.

If you are asked to plot a chart, use "matplotlib" for charts, save as png.


Generate python code and return full updated code:
2024-10-22 15:41:58 [INFO] Executing Step 3: CodeGenerator
2024-10-22 15:42:00 [INFO] Prompt used:
            None
            
2024-10-22 15:42:00 [INFO] Code generated:
            ```
            # TODO: import the required dependencies
import pandas as pd

# Write code here
white_games = 0
for df in dfs:
    white_games += len(df[df['player'] == 'Hikaru' & (df['role'] == 'white')])

# Declare result var
result = { "type": "number", "value": white_games }
            ```
            
2024-10-22 15:42:00 [INFO] Executing Step 4: CachePopulation
2024-10-22 15:42:00 [INFO] Executing Step 5: CodeCleaning
2024-10-22 15:42:00 [INFO] 
Code running:
```
white_games = 0
for df in dfs:
    white_games += len(df[df['player'] == 'Hikaru' & (df['role'] == 'white')])
result = {'type': 'number', 'value': white_games}
        ```
2024-10-22 15:42:00 [INFO] Executing Step 6: CodeExecution
2024-10-22 15:42:00 [ERROR] Unable to extract filters for passed code
2024-10-22 15:42:00 [ERROR] Failed with error: Traceback (most recent call last):
  File "/opt/anaconda3/envs/privateprojects/lib/python3.12/site-packages/pandas/core/ops/array_ops.py", line 305, in na_logical_op
    result = op(x, y)
             ^^^^^^^^
  File "/opt/anaconda3/envs/privateprojects/lib/python3.12/site-packages/pandas/core/roperator.py", line 54, in rand_
    return operator.and_(right, left)
           ^^^^^^^^^^^^^^^^^^^^^^^^^^
TypeError: ufunc 'bitwise_and' not supported for the input types, and the inputs could not be safely coerced to any supported types according to the casting rule ''safe''

During handling of the above exception, another exception occurred:

Traceback (most recent call last):
  File "/opt/anaconda3/envs/privateprojects/lib/python3.12/site-packages/pandas/core/ops/array_ops.py", line 319, in na_logical_op
    result = libops.scalar_binop(x, y, op)
             ^^^^^^^^^^^^^^^^^^^^^^^^^^^^^
  File "pandas/_libs/ops.pyx", line 180, in pandas._libs.ops.scalar_binop
ValueError: Buffer dtype mismatch, expected 'Python object' but got 'bool'

The above exception was the direct cause of the following exception:

Traceback (most recent call last):
  File "/opt/anaconda3/envs/privateprojects/lib/python3.12/site-packages/pandasai/pipelines/chat/code_execution.py", line 85, in execute
    result = self.execute_code(code_to_run, code_context)
             ^^^^^^^^^^^^^^^^^^^^^^^^^^^^^^^^^^^^^^^^^^^^
  File "/opt/anaconda3/envs/privateprojects/lib/python3.12/site-packages/pandasai/pipelines/chat/code_execution.py", line 171, in execute_code
    exec(code, environment)
  File "<string>", line 3, in <module>
  File "/opt/anaconda3/envs/privateprojects/lib/python3.12/site-packages/pandas/core/ops/common.py", line 72, in new_method
    return method(self, other)
           ^^^^^^^^^^^^^^^^^^^
  File "/opt/anaconda3/envs/privateprojects/lib/python3.12/site-packages/pandas/core/arraylike.py", line 76, in __rand__
    return self._logical_method(other, roperator.rand_)
           ^^^^^^^^^^^^^^^^^^^^^^^^^^^^^^^^^^^^^^^^^^^^
  File "/opt/anaconda3/envs/privateprojects/lib/python3.12/site-packages/pandas/core/series.py", line 6254, in _logical_method
    res_values = ops.logical_op(lvalues, rvalues, op)
                 ^^^^^^^^^^^^^^^^^^^^^^^^^^^^^^^^^^^^
  File "/opt/anaconda3/envs/privateprojects/lib/python3.12/site-packages/pandas/core/ops/array_ops.py", line 395, in logical_op
    res_values = na_logical_op(lvalues, rvalues, op)
                 ^^^^^^^^^^^^^^^^^^^^^^^^^^^^^^^^^^^
  File "/opt/anaconda3/envs/privateprojects/lib/python3.12/site-packages/pandas/core/ops/array_ops.py", line 328, in na_logical_op
    raise TypeError(
TypeError: Cannot perform 'rand_' with a dtyped [bool] array and scalar of type [bool]

2024-10-22 15:42:00 [WARNING] Failed to execute code retrying with a correction framework [retry number: 1]
2024-10-22 15:42:00 [INFO] Executing Pipeline: ErrorCorrectionPipeline
2024-10-22 15:42:00 [INFO] Executing Step 0: ErrorPromptGeneration
2024-10-22 15:42:00 [INFO] Using prompt: <dataframe>
dfs[0]:25088x10
game_id,date,time,player,role,opponent,player_result,winner,rated,time_class
14967,2024-04-20,18:53:15,baki83,black,Koksal06,draw,SenorNadie,True,rapid
16390,2024-01-26,19:13:13,agustinv04,black,fm24601,loss,Peng_Li-Min,True,bullet
23560,2024-06-22,19:17:46,thechesscorner64,white,Kosak12,win,ChristopherYoo,False,blitz
</dataframe>


The user asked the following question:
### QUERY
 How many games did Hikaru play as white?

You generated this python code:
white_games = 0
for df in dfs:
    white_games += len(df[df['player'] == 'Hikaru' & (df['role'] == 'white')])
result = {'type': 'number', 'value': white_games}

It fails with the following error:
Traceback (most recent call last):
  File "/opt/anaconda3/envs/privateprojects/lib/python3.12/site-packages/pandas/core/ops/array_ops.py", line 305, in na_logical_op
    result = op(x, y)
             ^^^^^^^^
  File "/opt/anaconda3/envs/privateprojects/lib/python3.12/site-packages/pandas/core/roperator.py", line 54, in rand_
    return operator.and_(right, left)
           ^^^^^^^^^^^^^^^^^^^^^^^^^^
TypeError: ufunc 'bitwise_and' not supported for the input types, and the inputs could not be safely coerced to any supported types according to the casting rule ''safe''

During handling of the above exception, another exception occurred:

Traceback (most recent call last):
  File "/opt/anaconda3/envs/privateprojects/lib/python3.12/site-packages/pandas/core/ops/array_ops.py", line 319, in na_logical_op
    result = libops.scalar_binop(x, y, op)
             ^^^^^^^^^^^^^^^^^^^^^^^^^^^^^
  File "pandas/_libs/ops.pyx", line 180, in pandas._libs.ops.scalar_binop
ValueError: Buffer dtype mismatch, expected 'Python object' but got 'bool'

The above exception was the direct cause of the following exception:

Traceback (most recent call last):
  File "/opt/anaconda3/envs/privateprojects/lib/python3.12/site-packages/pandasai/pipelines/chat/code_execution.py", line 85, in execute
    result = self.execute_code(code_to_run, code_context)
             ^^^^^^^^^^^^^^^^^^^^^^^^^^^^^^^^^^^^^^^^^^^^
  File "/opt/anaconda3/envs/privateprojects/lib/python3.12/site-packages/pandasai/pipelines/chat/code_execution.py", line 171, in execute_code
    exec(code, environment)
  File "<string>", line 3, in <module>
  File "/opt/anaconda3/envs/privateprojects/lib/python3.12/site-packages/pandas/core/ops/common.py", line 72, in new_method
    return method(self, other)
           ^^^^^^^^^^^^^^^^^^^
  File "/opt/anaconda3/envs/privateprojects/lib/python3.12/site-packages/pandas/core/arraylike.py", line 76, in __rand__
    return self._logical_method(other, roperator.rand_)
           ^^^^^^^^^^^^^^^^^^^^^^^^^^^^^^^^^^^^^^^^^^^^
  File "/opt/anaconda3/envs/privateprojects/lib/python3.12/site-packages/pandas/core/series.py", line 6254, in _logical_method
    res_values = ops.logical_op(lvalues, rvalues, op)
                 ^^^^^^^^^^^^^^^^^^^^^^^^^^^^^^^^^^^^
  File "/opt/anaconda3/envs/privateprojects/lib/python3.12/site-packages/pandas/core/ops/array_ops.py", line 395, in logical_op
    res_values = na_logical_op(lvalues, rvalues, op)
                 ^^^^^^^^^^^^^^^^^^^^^^^^^^^^^^^^^^^
  File "/opt/anaconda3/envs/privateprojects/lib/python3.12/site-packages/pandas/core/ops/array_ops.py", line 328, in na_logical_op
    raise TypeError(
TypeError: Cannot perform 'rand_' with a dtyped [bool] array and scalar of type [bool]


Fix the python code above and return the new python code:
2024-10-22 15:42:00 [INFO] Executing Step 1: CodeGenerator
2024-10-22 15:42:02 [INFO] Prompt used:
            None
            
2024-10-22 15:42:02 [INFO] Code generated:
            ```
            white_games = 0
for df in dfs:
    white_games += len(df[(df['player'] == 'Hikaru') & (df['role'] == 'white')])
result = {'type': 'number', 'value': white_games}
            ```
            
2024-10-22 15:42:02 [INFO] Executing Step 2: CodeCleaning
2024-10-22 15:42:02 [INFO] 
Code running:
```
white_games = 0
for df in dfs:
    white_games += len(df[(df['player'] == 'Hikaru') & (df['role'] == 'white')])
result = {'type': 'number', 'value': white_games}
        ```
2024-10-22 15:42:02 [ERROR] Unable to extract filters for passed code
2024-10-22 15:42:02 [INFO] Executing Step 7: ResultValidation
2024-10-22 15:42:02 [INFO] Answer: {'type': 'number', 'value': 3164}
2024-10-22 15:42:02 [INFO] Executing Step 8: ResultParsing
2024-10-22 16:48:55 [INFO] Question: How many games did Hikaru play as white?
2024-10-22 16:50:40 [INFO] Question: How many games did Hikaru play as white?
2024-10-22 16:50:41 [INFO] Running PandasAI with cohere LLM...
2024-10-22 16:50:41 [INFO] Prompt ID: a85ce488-92d3-41ba-8632-46696a7ca706
2024-10-22 16:50:41 [INFO] Executing Pipeline: GenerateChatPipeline
2024-10-22 16:50:41 [INFO] Executing Step 0: ValidatePipelineInput
2024-10-22 16:50:41 [INFO] Executing Step 1: CacheLookup
2024-10-22 16:50:41 [INFO] Using cached response
2024-10-22 16:50:41 [INFO] Executing Step 2: PromptGeneration
2024-10-22 16:50:41 [INFO] Executing Step 2: Skipping...
2024-10-22 16:50:41 [INFO] Executing Step 3: CodeGenerator
2024-10-22 16:50:41 [INFO] Executing Step 3: Skipping...
2024-10-22 16:50:41 [INFO] Executing Step 4: CachePopulation
2024-10-22 16:50:41 [INFO] Executing Step 4: Skipping...
2024-10-22 16:50:41 [INFO] Executing Step 5: CodeCleaning
2024-10-22 16:50:41 [INFO] 
Code running:
```
white_games = 0
for df in dfs:
    white_games += len(df[df['player'] == 'Hikaru' & (df['role'] == 'white')])
result = {'type': 'number', 'value': white_games}
        ```
2024-10-22 16:50:41 [INFO] Executing Step 6: CodeExecution
2024-10-22 16:50:41 [ERROR] Unable to extract filters for passed code
2024-10-22 16:50:41 [ERROR] Failed with error: Traceback (most recent call last):
  File "/opt/anaconda3/envs/privateprojects/lib/python3.12/site-packages/pandas/core/ops/array_ops.py", line 305, in na_logical_op
    result = op(x, y)
             ^^^^^^^^
  File "/opt/anaconda3/envs/privateprojects/lib/python3.12/site-packages/pandas/core/roperator.py", line 54, in rand_
    return operator.and_(right, left)
           ^^^^^^^^^^^^^^^^^^^^^^^^^^
TypeError: ufunc 'bitwise_and' not supported for the input types, and the inputs could not be safely coerced to any supported types according to the casting rule ''safe''

During handling of the above exception, another exception occurred:

Traceback (most recent call last):
  File "/opt/anaconda3/envs/privateprojects/lib/python3.12/site-packages/pandas/core/ops/array_ops.py", line 319, in na_logical_op
    result = libops.scalar_binop(x, y, op)
             ^^^^^^^^^^^^^^^^^^^^^^^^^^^^^
  File "pandas/_libs/ops.pyx", line 180, in pandas._libs.ops.scalar_binop
ValueError: Buffer dtype mismatch, expected 'Python object' but got 'bool'

The above exception was the direct cause of the following exception:

Traceback (most recent call last):
  File "/opt/anaconda3/envs/privateprojects/lib/python3.12/site-packages/pandasai/pipelines/chat/code_execution.py", line 85, in execute
    result = self.execute_code(code_to_run, code_context)
             ^^^^^^^^^^^^^^^^^^^^^^^^^^^^^^^^^^^^^^^^^^^^
  File "/opt/anaconda3/envs/privateprojects/lib/python3.12/site-packages/pandasai/pipelines/chat/code_execution.py", line 171, in execute_code
    exec(code, environment)
  File "<string>", line 3, in <module>
  File "/opt/anaconda3/envs/privateprojects/lib/python3.12/site-packages/pandas/core/ops/common.py", line 72, in new_method
    return method(self, other)
           ^^^^^^^^^^^^^^^^^^^
  File "/opt/anaconda3/envs/privateprojects/lib/python3.12/site-packages/pandas/core/arraylike.py", line 76, in __rand__
    return self._logical_method(other, roperator.rand_)
           ^^^^^^^^^^^^^^^^^^^^^^^^^^^^^^^^^^^^^^^^^^^^
  File "/opt/anaconda3/envs/privateprojects/lib/python3.12/site-packages/pandas/core/series.py", line 6254, in _logical_method
    res_values = ops.logical_op(lvalues, rvalues, op)
                 ^^^^^^^^^^^^^^^^^^^^^^^^^^^^^^^^^^^^
  File "/opt/anaconda3/envs/privateprojects/lib/python3.12/site-packages/pandas/core/ops/array_ops.py", line 395, in logical_op
    res_values = na_logical_op(lvalues, rvalues, op)
                 ^^^^^^^^^^^^^^^^^^^^^^^^^^^^^^^^^^^
  File "/opt/anaconda3/envs/privateprojects/lib/python3.12/site-packages/pandas/core/ops/array_ops.py", line 328, in na_logical_op
    raise TypeError(
TypeError: Cannot perform 'rand_' with a dtyped [bool] array and scalar of type [bool]

2024-10-22 16:50:41 [WARNING] Failed to execute code retrying with a correction framework [retry number: 1]
2024-10-22 16:50:41 [INFO] Executing Pipeline: ErrorCorrectionPipeline
2024-10-22 16:50:41 [INFO] Executing Step 0: ErrorPromptGeneration
2024-10-22 16:50:41 [INFO] Using prompt: <dataframe>
dfs[0]:25088x10
game_id,date,time,player,role,opponent,player_result,winner,rated,time_class
23077,2024-05-21,23:49:22,DrKerfuffle,black,GasconJR,win,LyonBeast,True,bullet
24995,2024-03-20,15:19:45,dburk03,black,bazar-wokzal,draw,OhanyanEminChess,False,daily
24332,2024-09-04,20:32:07,Nasrin_Babayeva,white,albi1999,loss,artooon,True,blitz
</dataframe>


The user asked the following question:
### QUERY
 How many games did Hikaru play as white?

You generated this python code:
white_games = 0
for df in dfs:
    white_games += len(df[df['player'] == 'Hikaru' & (df['role'] == 'white')])
result = {'type': 'number', 'value': white_games}

It fails with the following error:
Traceback (most recent call last):
  File "/opt/anaconda3/envs/privateprojects/lib/python3.12/site-packages/pandas/core/ops/array_ops.py", line 305, in na_logical_op
    result = op(x, y)
             ^^^^^^^^
  File "/opt/anaconda3/envs/privateprojects/lib/python3.12/site-packages/pandas/core/roperator.py", line 54, in rand_
    return operator.and_(right, left)
           ^^^^^^^^^^^^^^^^^^^^^^^^^^
TypeError: ufunc 'bitwise_and' not supported for the input types, and the inputs could not be safely coerced to any supported types according to the casting rule ''safe''

During handling of the above exception, another exception occurred:

Traceback (most recent call last):
  File "/opt/anaconda3/envs/privateprojects/lib/python3.12/site-packages/pandas/core/ops/array_ops.py", line 319, in na_logical_op
    result = libops.scalar_binop(x, y, op)
             ^^^^^^^^^^^^^^^^^^^^^^^^^^^^^
  File "pandas/_libs/ops.pyx", line 180, in pandas._libs.ops.scalar_binop
ValueError: Buffer dtype mismatch, expected 'Python object' but got 'bool'

The above exception was the direct cause of the following exception:

Traceback (most recent call last):
  File "/opt/anaconda3/envs/privateprojects/lib/python3.12/site-packages/pandasai/pipelines/chat/code_execution.py", line 85, in execute
    result = self.execute_code(code_to_run, code_context)
             ^^^^^^^^^^^^^^^^^^^^^^^^^^^^^^^^^^^^^^^^^^^^
  File "/opt/anaconda3/envs/privateprojects/lib/python3.12/site-packages/pandasai/pipelines/chat/code_execution.py", line 171, in execute_code
    exec(code, environment)
  File "<string>", line 3, in <module>
  File "/opt/anaconda3/envs/privateprojects/lib/python3.12/site-packages/pandas/core/ops/common.py", line 72, in new_method
    return method(self, other)
           ^^^^^^^^^^^^^^^^^^^
  File "/opt/anaconda3/envs/privateprojects/lib/python3.12/site-packages/pandas/core/arraylike.py", line 76, in __rand__
    return self._logical_method(other, roperator.rand_)
           ^^^^^^^^^^^^^^^^^^^^^^^^^^^^^^^^^^^^^^^^^^^^
  File "/opt/anaconda3/envs/privateprojects/lib/python3.12/site-packages/pandas/core/series.py", line 6254, in _logical_method
    res_values = ops.logical_op(lvalues, rvalues, op)
                 ^^^^^^^^^^^^^^^^^^^^^^^^^^^^^^^^^^^^
  File "/opt/anaconda3/envs/privateprojects/lib/python3.12/site-packages/pandas/core/ops/array_ops.py", line 395, in logical_op
    res_values = na_logical_op(lvalues, rvalues, op)
                 ^^^^^^^^^^^^^^^^^^^^^^^^^^^^^^^^^^^
  File "/opt/anaconda3/envs/privateprojects/lib/python3.12/site-packages/pandas/core/ops/array_ops.py", line 328, in na_logical_op
    raise TypeError(
TypeError: Cannot perform 'rand_' with a dtyped [bool] array and scalar of type [bool]


Fix the python code above and return the new python code:
2024-10-22 16:50:41 [INFO] Executing Step 1: CodeGenerator
2024-10-22 16:50:41 [ERROR] Pipeline failed on step 1: CohereLLM.call() takes 2 positional arguments but 3 were given
2024-10-22 16:50:41 [ERROR] Pipeline failed on step 6: CohereLLM.call() takes 2 positional arguments but 3 were given
2024-10-22 17:05:44 [INFO] Question: How many games did Hikaru play as white?
2024-10-22 17:05:45 [INFO] Running PandasAI with bamboo_llm LLM...
2024-10-22 17:05:45 [INFO] Prompt ID: f139df5d-83ce-4475-8fa0-8ceefff4ef52
2024-10-22 17:05:45 [INFO] Executing Pipeline: GenerateChatPipeline
2024-10-22 17:05:45 [INFO] Executing Step 0: ValidatePipelineInput
2024-10-22 17:05:45 [INFO] Executing Step 1: CacheLookup
2024-10-22 17:05:45 [INFO] Using cached response
2024-10-22 17:05:45 [INFO] Executing Step 2: PromptGeneration
2024-10-22 17:05:45 [INFO] Executing Step 2: Skipping...
2024-10-22 17:05:45 [INFO] Executing Step 3: CodeGenerator
2024-10-22 17:05:45 [INFO] Executing Step 3: Skipping...
2024-10-22 17:05:45 [INFO] Executing Step 4: CachePopulation
2024-10-22 17:05:45 [INFO] Executing Step 4: Skipping...
2024-10-22 17:05:45 [INFO] Executing Step 5: CodeCleaning
2024-10-22 17:05:45 [INFO] 
Code running:
```
white_games = 0
for df in dfs:
    white_games += len(df[df['player'] == 'Hikaru' & (df['role'] == 'white')])
result = {'type': 'number', 'value': white_games}
        ```
2024-10-22 17:05:45 [INFO] Executing Step 6: CodeExecution
2024-10-22 17:05:45 [ERROR] Unable to extract filters for passed code
2024-10-22 17:05:45 [ERROR] Failed with error: Traceback (most recent call last):
  File "/opt/anaconda3/envs/privateprojects/lib/python3.12/site-packages/pandas/core/ops/array_ops.py", line 305, in na_logical_op
    result = op(x, y)
             ^^^^^^^^
  File "/opt/anaconda3/envs/privateprojects/lib/python3.12/site-packages/pandas/core/roperator.py", line 54, in rand_
    return operator.and_(right, left)
           ^^^^^^^^^^^^^^^^^^^^^^^^^^
TypeError: ufunc 'bitwise_and' not supported for the input types, and the inputs could not be safely coerced to any supported types according to the casting rule ''safe''

During handling of the above exception, another exception occurred:

Traceback (most recent call last):
  File "/opt/anaconda3/envs/privateprojects/lib/python3.12/site-packages/pandas/core/ops/array_ops.py", line 319, in na_logical_op
    result = libops.scalar_binop(x, y, op)
             ^^^^^^^^^^^^^^^^^^^^^^^^^^^^^
  File "pandas/_libs/ops.pyx", line 180, in pandas._libs.ops.scalar_binop
ValueError: Buffer dtype mismatch, expected 'Python object' but got 'bool'

The above exception was the direct cause of the following exception:

Traceback (most recent call last):
  File "/opt/anaconda3/envs/privateprojects/lib/python3.12/site-packages/pandasai/pipelines/chat/code_execution.py", line 85, in execute
    result = self.execute_code(code_to_run, code_context)
             ^^^^^^^^^^^^^^^^^^^^^^^^^^^^^^^^^^^^^^^^^^^^
  File "/opt/anaconda3/envs/privateprojects/lib/python3.12/site-packages/pandasai/pipelines/chat/code_execution.py", line 171, in execute_code
    exec(code, environment)
  File "<string>", line 3, in <module>
  File "/opt/anaconda3/envs/privateprojects/lib/python3.12/site-packages/pandas/core/ops/common.py", line 72, in new_method
    return method(self, other)
           ^^^^^^^^^^^^^^^^^^^
  File "/opt/anaconda3/envs/privateprojects/lib/python3.12/site-packages/pandas/core/arraylike.py", line 76, in __rand__
    return self._logical_method(other, roperator.rand_)
           ^^^^^^^^^^^^^^^^^^^^^^^^^^^^^^^^^^^^^^^^^^^^
  File "/opt/anaconda3/envs/privateprojects/lib/python3.12/site-packages/pandas/core/series.py", line 6254, in _logical_method
    res_values = ops.logical_op(lvalues, rvalues, op)
                 ^^^^^^^^^^^^^^^^^^^^^^^^^^^^^^^^^^^^
  File "/opt/anaconda3/envs/privateprojects/lib/python3.12/site-packages/pandas/core/ops/array_ops.py", line 395, in logical_op
    res_values = na_logical_op(lvalues, rvalues, op)
                 ^^^^^^^^^^^^^^^^^^^^^^^^^^^^^^^^^^^
  File "/opt/anaconda3/envs/privateprojects/lib/python3.12/site-packages/pandas/core/ops/array_ops.py", line 328, in na_logical_op
    raise TypeError(
TypeError: Cannot perform 'rand_' with a dtyped [bool] array and scalar of type [bool]

2024-10-22 17:05:45 [WARNING] Failed to execute code retrying with a correction framework [retry number: 1]
2024-10-22 17:05:45 [INFO] Executing Pipeline: ErrorCorrectionPipeline
2024-10-22 17:05:45 [INFO] Executing Step 0: ErrorPromptGeneration
2024-10-22 17:05:45 [INFO] Using prompt: <dataframe>
dfs[0]:25088x10
game_id,date,time,player,role,opponent,player_result,winner,rated,time_class
4473,2024-09-02,19:16:55,KubaGepard,white,ChessWarrior7197,win,lamomiajunior,False,daily
3767,2024-06-22,00:27:37,joshdaruca,white,Hikaru,draw,Zohid6,True,bullet
21854,2024-02-25,16:05:42,Chessmissile07,black,Twinstulle,loss,GodSpeed,True,blitz
</dataframe>


The user asked the following question:
### QUERY
 How many games did Hikaru play as white?

You generated this python code:
white_games = 0
for df in dfs:
    white_games += len(df[df['player'] == 'Hikaru' & (df['role'] == 'white')])
result = {'type': 'number', 'value': white_games}

It fails with the following error:
Traceback (most recent call last):
  File "/opt/anaconda3/envs/privateprojects/lib/python3.12/site-packages/pandas/core/ops/array_ops.py", line 305, in na_logical_op
    result = op(x, y)
             ^^^^^^^^
  File "/opt/anaconda3/envs/privateprojects/lib/python3.12/site-packages/pandas/core/roperator.py", line 54, in rand_
    return operator.and_(right, left)
           ^^^^^^^^^^^^^^^^^^^^^^^^^^
TypeError: ufunc 'bitwise_and' not supported for the input types, and the inputs could not be safely coerced to any supported types according to the casting rule ''safe''

During handling of the above exception, another exception occurred:

Traceback (most recent call last):
  File "/opt/anaconda3/envs/privateprojects/lib/python3.12/site-packages/pandas/core/ops/array_ops.py", line 319, in na_logical_op
    result = libops.scalar_binop(x, y, op)
             ^^^^^^^^^^^^^^^^^^^^^^^^^^^^^
  File "pandas/_libs/ops.pyx", line 180, in pandas._libs.ops.scalar_binop
ValueError: Buffer dtype mismatch, expected 'Python object' but got 'bool'

The above exception was the direct cause of the following exception:

Traceback (most recent call last):
  File "/opt/anaconda3/envs/privateprojects/lib/python3.12/site-packages/pandasai/pipelines/chat/code_execution.py", line 85, in execute
    result = self.execute_code(code_to_run, code_context)
             ^^^^^^^^^^^^^^^^^^^^^^^^^^^^^^^^^^^^^^^^^^^^
  File "/opt/anaconda3/envs/privateprojects/lib/python3.12/site-packages/pandasai/pipelines/chat/code_execution.py", line 171, in execute_code
    exec(code, environment)
  File "<string>", line 3, in <module>
  File "/opt/anaconda3/envs/privateprojects/lib/python3.12/site-packages/pandas/core/ops/common.py", line 72, in new_method
    return method(self, other)
           ^^^^^^^^^^^^^^^^^^^
  File "/opt/anaconda3/envs/privateprojects/lib/python3.12/site-packages/pandas/core/arraylike.py", line 76, in __rand__
    return self._logical_method(other, roperator.rand_)
           ^^^^^^^^^^^^^^^^^^^^^^^^^^^^^^^^^^^^^^^^^^^^
  File "/opt/anaconda3/envs/privateprojects/lib/python3.12/site-packages/pandas/core/series.py", line 6254, in _logical_method
    res_values = ops.logical_op(lvalues, rvalues, op)
                 ^^^^^^^^^^^^^^^^^^^^^^^^^^^^^^^^^^^^
  File "/opt/anaconda3/envs/privateprojects/lib/python3.12/site-packages/pandas/core/ops/array_ops.py", line 395, in logical_op
    res_values = na_logical_op(lvalues, rvalues, op)
                 ^^^^^^^^^^^^^^^^^^^^^^^^^^^^^^^^^^^
  File "/opt/anaconda3/envs/privateprojects/lib/python3.12/site-packages/pandas/core/ops/array_ops.py", line 328, in na_logical_op
    raise TypeError(
TypeError: Cannot perform 'rand_' with a dtyped [bool] array and scalar of type [bool]


Fix the python code above and return the new python code:
2024-10-22 17:05:45 [INFO] Executing Step 1: CodeGenerator
2024-10-22 17:05:46 [INFO] Prompt used:
            None
            
2024-10-22 17:05:46 [INFO] Code generated:
            ```
            white_games = 0
for df in dfs:
    white_games += len(df[(df['player'] == 'Hikaru') & (df['role'] == 'white')])
result = {'type': 'number', 'value': white_games}
            ```
            
2024-10-22 17:05:46 [INFO] Executing Step 2: CodeCleaning
2024-10-22 17:05:46 [INFO] 
Code running:
```
white_games = 0
for df in dfs:
    white_games += len(df[(df['player'] == 'Hikaru') & (df['role'] == 'white')])
result = {'type': 'number', 'value': white_games}
        ```
2024-10-22 17:05:46 [ERROR] Unable to extract filters for passed code
2024-10-22 17:05:46 [INFO] Executing Step 7: ResultValidation
2024-10-22 17:05:46 [INFO] Answer: {'type': 'number', 'value': 3164}
2024-10-22 17:05:46 [INFO] Executing Step 8: ResultParsing
2024-10-22 17:14:04 [INFO] Question: How many games did Hikaru play as white?
2024-10-22 17:14:04 [INFO] Running PandasAI with <bound method CohereLLM.type of <__main__.CohereLLM object at 0x1030a7e00>> LLM...
2024-10-22 17:14:04 [INFO] Prompt ID: c307ad3b-5f60-4abc-b449-80b09d21989b
2024-10-22 17:14:04 [INFO] Executing Pipeline: GenerateChatPipeline
2024-10-22 17:14:04 [INFO] Executing Step 0: ValidatePipelineInput
2024-10-22 17:14:04 [INFO] Executing Step 1: CacheLookup
2024-10-22 17:14:04 [INFO] Using cached response
2024-10-22 17:14:04 [INFO] Executing Step 2: PromptGeneration
2024-10-22 17:14:04 [INFO] Executing Step 2: Skipping...
2024-10-22 17:14:04 [INFO] Executing Step 3: CodeGenerator
2024-10-22 17:14:04 [INFO] Executing Step 3: Skipping...
2024-10-22 17:14:04 [INFO] Executing Step 4: CachePopulation
2024-10-22 17:14:04 [INFO] Executing Step 4: Skipping...
2024-10-22 17:14:04 [INFO] Executing Step 5: CodeCleaning
2024-10-22 17:14:04 [INFO] 
Code running:
```
white_games = 0
for df in dfs:
    white_games += len(df[df['player'] == 'Hikaru' & (df['role'] == 'white')])
result = {'type': 'number', 'value': white_games}
        ```
2024-10-22 17:14:04 [INFO] Executing Step 6: CodeExecution
2024-10-22 17:14:04 [ERROR] Unable to extract filters for passed code
2024-10-22 17:14:04 [ERROR] Failed with error: Traceback (most recent call last):
  File "/opt/anaconda3/envs/privateprojects/lib/python3.12/site-packages/pandas/core/ops/array_ops.py", line 305, in na_logical_op
    result = op(x, y)
             ^^^^^^^^
  File "/opt/anaconda3/envs/privateprojects/lib/python3.12/site-packages/pandas/core/roperator.py", line 54, in rand_
    return operator.and_(right, left)
           ^^^^^^^^^^^^^^^^^^^^^^^^^^
TypeError: ufunc 'bitwise_and' not supported for the input types, and the inputs could not be safely coerced to any supported types according to the casting rule ''safe''

During handling of the above exception, another exception occurred:

Traceback (most recent call last):
  File "/opt/anaconda3/envs/privateprojects/lib/python3.12/site-packages/pandas/core/ops/array_ops.py", line 319, in na_logical_op
    result = libops.scalar_binop(x, y, op)
             ^^^^^^^^^^^^^^^^^^^^^^^^^^^^^
  File "pandas/_libs/ops.pyx", line 180, in pandas._libs.ops.scalar_binop
ValueError: Buffer dtype mismatch, expected 'Python object' but got 'bool'

The above exception was the direct cause of the following exception:

Traceback (most recent call last):
  File "/opt/anaconda3/envs/privateprojects/lib/python3.12/site-packages/pandasai/pipelines/chat/code_execution.py", line 85, in execute
    result = self.execute_code(code_to_run, code_context)
             ^^^^^^^^^^^^^^^^^^^^^^^^^^^^^^^^^^^^^^^^^^^^
  File "/opt/anaconda3/envs/privateprojects/lib/python3.12/site-packages/pandasai/pipelines/chat/code_execution.py", line 171, in execute_code
    exec(code, environment)
  File "<string>", line 3, in <module>
  File "/opt/anaconda3/envs/privateprojects/lib/python3.12/site-packages/pandas/core/ops/common.py", line 72, in new_method
    return method(self, other)
           ^^^^^^^^^^^^^^^^^^^
  File "/opt/anaconda3/envs/privateprojects/lib/python3.12/site-packages/pandas/core/arraylike.py", line 76, in __rand__
    return self._logical_method(other, roperator.rand_)
           ^^^^^^^^^^^^^^^^^^^^^^^^^^^^^^^^^^^^^^^^^^^^
  File "/opt/anaconda3/envs/privateprojects/lib/python3.12/site-packages/pandas/core/series.py", line 6254, in _logical_method
    res_values = ops.logical_op(lvalues, rvalues, op)
                 ^^^^^^^^^^^^^^^^^^^^^^^^^^^^^^^^^^^^
  File "/opt/anaconda3/envs/privateprojects/lib/python3.12/site-packages/pandas/core/ops/array_ops.py", line 395, in logical_op
    res_values = na_logical_op(lvalues, rvalues, op)
                 ^^^^^^^^^^^^^^^^^^^^^^^^^^^^^^^^^^^
  File "/opt/anaconda3/envs/privateprojects/lib/python3.12/site-packages/pandas/core/ops/array_ops.py", line 328, in na_logical_op
    raise TypeError(
TypeError: Cannot perform 'rand_' with a dtyped [bool] array and scalar of type [bool]

2024-10-22 17:14:04 [WARNING] Failed to execute code retrying with a correction framework [retry number: 1]
2024-10-22 17:14:04 [INFO] Executing Pipeline: ErrorCorrectionPipeline
2024-10-22 17:14:04 [INFO] Executing Step 0: ErrorPromptGeneration
2024-10-22 17:14:04 [INFO] Using prompt: <dataframe>
dfs[0]:25088x10
game_id,date,time,player,role,opponent,player_result,winner,rated,time_class
20313,2024-06-29,18:07:57,MagkaruCarlamura,black,NebraBP,draw,RaunakSadhwani2005,False,rapid
6014,2024-01-19,16:42:40,Culum2007,white,jk13,loss,yavrukurt40,False,daily
9515,2024-05-15,20:34:15,sachitraj,white,williampihl1,win,TheVish,True,bullet
</dataframe>


The user asked the following question:
### QUERY
 How many games did Hikaru play as white?

You generated this python code:
white_games = 0
for df in dfs:
    white_games += len(df[df['player'] == 'Hikaru' & (df['role'] == 'white')])
result = {'type': 'number', 'value': white_games}

It fails with the following error:
Traceback (most recent call last):
  File "/opt/anaconda3/envs/privateprojects/lib/python3.12/site-packages/pandas/core/ops/array_ops.py", line 305, in na_logical_op
    result = op(x, y)
             ^^^^^^^^
  File "/opt/anaconda3/envs/privateprojects/lib/python3.12/site-packages/pandas/core/roperator.py", line 54, in rand_
    return operator.and_(right, left)
           ^^^^^^^^^^^^^^^^^^^^^^^^^^
TypeError: ufunc 'bitwise_and' not supported for the input types, and the inputs could not be safely coerced to any supported types according to the casting rule ''safe''

During handling of the above exception, another exception occurred:

Traceback (most recent call last):
  File "/opt/anaconda3/envs/privateprojects/lib/python3.12/site-packages/pandas/core/ops/array_ops.py", line 319, in na_logical_op
    result = libops.scalar_binop(x, y, op)
             ^^^^^^^^^^^^^^^^^^^^^^^^^^^^^
  File "pandas/_libs/ops.pyx", line 180, in pandas._libs.ops.scalar_binop
ValueError: Buffer dtype mismatch, expected 'Python object' but got 'bool'

The above exception was the direct cause of the following exception:

Traceback (most recent call last):
  File "/opt/anaconda3/envs/privateprojects/lib/python3.12/site-packages/pandasai/pipelines/chat/code_execution.py", line 85, in execute
    result = self.execute_code(code_to_run, code_context)
             ^^^^^^^^^^^^^^^^^^^^^^^^^^^^^^^^^^^^^^^^^^^^
  File "/opt/anaconda3/envs/privateprojects/lib/python3.12/site-packages/pandasai/pipelines/chat/code_execution.py", line 171, in execute_code
    exec(code, environment)
  File "<string>", line 3, in <module>
  File "/opt/anaconda3/envs/privateprojects/lib/python3.12/site-packages/pandas/core/ops/common.py", line 72, in new_method
    return method(self, other)
           ^^^^^^^^^^^^^^^^^^^
  File "/opt/anaconda3/envs/privateprojects/lib/python3.12/site-packages/pandas/core/arraylike.py", line 76, in __rand__
    return self._logical_method(other, roperator.rand_)
           ^^^^^^^^^^^^^^^^^^^^^^^^^^^^^^^^^^^^^^^^^^^^
  File "/opt/anaconda3/envs/privateprojects/lib/python3.12/site-packages/pandas/core/series.py", line 6254, in _logical_method
    res_values = ops.logical_op(lvalues, rvalues, op)
                 ^^^^^^^^^^^^^^^^^^^^^^^^^^^^^^^^^^^^
  File "/opt/anaconda3/envs/privateprojects/lib/python3.12/site-packages/pandas/core/ops/array_ops.py", line 395, in logical_op
    res_values = na_logical_op(lvalues, rvalues, op)
                 ^^^^^^^^^^^^^^^^^^^^^^^^^^^^^^^^^^^
  File "/opt/anaconda3/envs/privateprojects/lib/python3.12/site-packages/pandas/core/ops/array_ops.py", line 328, in na_logical_op
    raise TypeError(
TypeError: Cannot perform 'rand_' with a dtyped [bool] array and scalar of type [bool]


Fix the python code above and return the new python code:
2024-10-22 17:14:04 [INFO] Executing Step 1: CodeGenerator
2024-10-22 17:14:04 [ERROR] Pipeline failed on step 1: [TypeError("'numpy.int64' object is not iterable"), TypeError('vars() argument must have __dict__ attribute')]
2024-10-22 17:14:04 [ERROR] Pipeline failed on step 6: [TypeError("'numpy.int64' object is not iterable"), TypeError('vars() argument must have __dict__ attribute')]
2024-10-22 17:18:57 [INFO] Question: How many games did Hikaru play as white?
2024-10-22 17:18:57 [INFO] Running PandasAI with <bound method CohereLLM.type of <__main__.CohereLLM object at 0x100ecc2f0>> LLM...
2024-10-22 17:18:57 [INFO] Prompt ID: 5a15e653-a6e0-46bf-a84f-4ad0dd99f274
2024-10-22 17:18:57 [INFO] Executing Pipeline: GenerateChatPipeline
2024-10-22 17:18:57 [INFO] Executing Step 0: ValidatePipelineInput
2024-10-22 17:18:57 [INFO] Executing Step 1: CacheLookup
2024-10-22 17:18:57 [INFO] Using cached response
2024-10-22 17:18:57 [INFO] Executing Step 2: PromptGeneration
2024-10-22 17:18:57 [INFO] Executing Step 2: Skipping...
2024-10-22 17:18:57 [INFO] Executing Step 3: CodeGenerator
2024-10-22 17:18:57 [INFO] Executing Step 3: Skipping...
2024-10-22 17:18:57 [INFO] Executing Step 4: CachePopulation
2024-10-22 17:18:57 [INFO] Executing Step 4: Skipping...
2024-10-22 17:18:57 [INFO] Executing Step 5: CodeCleaning
2024-10-22 17:18:57 [INFO] 
Code running:
```
white_games = 0
for df in dfs:
    white_games += len(df[df['player'] == 'Hikaru' & (df['role'] == 'white')])
result = {'type': 'number', 'value': white_games}
        ```
2024-10-22 17:18:57 [INFO] Executing Step 6: CodeExecution
2024-10-22 17:18:57 [ERROR] Unable to extract filters for passed code
2024-10-22 17:18:57 [ERROR] Failed with error: Traceback (most recent call last):
  File "/opt/anaconda3/envs/privateprojects/lib/python3.12/site-packages/pandas/core/ops/array_ops.py", line 305, in na_logical_op
    result = op(x, y)
             ^^^^^^^^
  File "/opt/anaconda3/envs/privateprojects/lib/python3.12/site-packages/pandas/core/roperator.py", line 54, in rand_
    return operator.and_(right, left)
           ^^^^^^^^^^^^^^^^^^^^^^^^^^
TypeError: ufunc 'bitwise_and' not supported for the input types, and the inputs could not be safely coerced to any supported types according to the casting rule ''safe''

During handling of the above exception, another exception occurred:

Traceback (most recent call last):
  File "/opt/anaconda3/envs/privateprojects/lib/python3.12/site-packages/pandas/core/ops/array_ops.py", line 319, in na_logical_op
    result = libops.scalar_binop(x, y, op)
             ^^^^^^^^^^^^^^^^^^^^^^^^^^^^^
  File "pandas/_libs/ops.pyx", line 180, in pandas._libs.ops.scalar_binop
ValueError: Buffer dtype mismatch, expected 'Python object' but got 'bool'

The above exception was the direct cause of the following exception:

Traceback (most recent call last):
  File "/opt/anaconda3/envs/privateprojects/lib/python3.12/site-packages/pandasai/pipelines/chat/code_execution.py", line 85, in execute
    result = self.execute_code(code_to_run, code_context)
             ^^^^^^^^^^^^^^^^^^^^^^^^^^^^^^^^^^^^^^^^^^^^
  File "/opt/anaconda3/envs/privateprojects/lib/python3.12/site-packages/pandasai/pipelines/chat/code_execution.py", line 171, in execute_code
    exec(code, environment)
  File "<string>", line 3, in <module>
  File "/opt/anaconda3/envs/privateprojects/lib/python3.12/site-packages/pandas/core/ops/common.py", line 72, in new_method
    return method(self, other)
           ^^^^^^^^^^^^^^^^^^^
  File "/opt/anaconda3/envs/privateprojects/lib/python3.12/site-packages/pandas/core/arraylike.py", line 76, in __rand__
    return self._logical_method(other, roperator.rand_)
           ^^^^^^^^^^^^^^^^^^^^^^^^^^^^^^^^^^^^^^^^^^^^
  File "/opt/anaconda3/envs/privateprojects/lib/python3.12/site-packages/pandas/core/series.py", line 6254, in _logical_method
    res_values = ops.logical_op(lvalues, rvalues, op)
                 ^^^^^^^^^^^^^^^^^^^^^^^^^^^^^^^^^^^^
  File "/opt/anaconda3/envs/privateprojects/lib/python3.12/site-packages/pandas/core/ops/array_ops.py", line 395, in logical_op
    res_values = na_logical_op(lvalues, rvalues, op)
                 ^^^^^^^^^^^^^^^^^^^^^^^^^^^^^^^^^^^
  File "/opt/anaconda3/envs/privateprojects/lib/python3.12/site-packages/pandas/core/ops/array_ops.py", line 328, in na_logical_op
    raise TypeError(
TypeError: Cannot perform 'rand_' with a dtyped [bool] array and scalar of type [bool]

2024-10-22 17:18:57 [WARNING] Failed to execute code retrying with a correction framework [retry number: 1]
2024-10-22 17:18:57 [INFO] Executing Pipeline: ErrorCorrectionPipeline
2024-10-22 17:18:57 [INFO] Executing Step 0: ErrorPromptGeneration
2024-10-22 17:18:57 [INFO] Using prompt: <dataframe>
dfs[0]:25088x10
game_id,date,time,player,role,opponent,player_result,winner,rated,time_class
12215,2024-02-06,01:38:08,BornaFranc007,black,Kunj_1,win,moro182,False,blitz
10969,2024-07-30,19:28:25,AjedrezconPeter,black,igorkovalenko,draw,MarquezAngel1990,True,bullet
15532,2024-10-11,19:12:51,nephophile16,white,HackingKid98,loss,Matibar,False,rapid
</dataframe>


The user asked the following question:
### QUERY
 How many games did Hikaru play as white?

You generated this python code:
white_games = 0
for df in dfs:
    white_games += len(df[df['player'] == 'Hikaru' & (df['role'] == 'white')])
result = {'type': 'number', 'value': white_games}

It fails with the following error:
Traceback (most recent call last):
  File "/opt/anaconda3/envs/privateprojects/lib/python3.12/site-packages/pandas/core/ops/array_ops.py", line 305, in na_logical_op
    result = op(x, y)
             ^^^^^^^^
  File "/opt/anaconda3/envs/privateprojects/lib/python3.12/site-packages/pandas/core/roperator.py", line 54, in rand_
    return operator.and_(right, left)
           ^^^^^^^^^^^^^^^^^^^^^^^^^^
TypeError: ufunc 'bitwise_and' not supported for the input types, and the inputs could not be safely coerced to any supported types according to the casting rule ''safe''

During handling of the above exception, another exception occurred:

Traceback (most recent call last):
  File "/opt/anaconda3/envs/privateprojects/lib/python3.12/site-packages/pandas/core/ops/array_ops.py", line 319, in na_logical_op
    result = libops.scalar_binop(x, y, op)
             ^^^^^^^^^^^^^^^^^^^^^^^^^^^^^
  File "pandas/_libs/ops.pyx", line 180, in pandas._libs.ops.scalar_binop
ValueError: Buffer dtype mismatch, expected 'Python object' but got 'bool'

The above exception was the direct cause of the following exception:

Traceback (most recent call last):
  File "/opt/anaconda3/envs/privateprojects/lib/python3.12/site-packages/pandasai/pipelines/chat/code_execution.py", line 85, in execute
    result = self.execute_code(code_to_run, code_context)
             ^^^^^^^^^^^^^^^^^^^^^^^^^^^^^^^^^^^^^^^^^^^^
  File "/opt/anaconda3/envs/privateprojects/lib/python3.12/site-packages/pandasai/pipelines/chat/code_execution.py", line 171, in execute_code
    exec(code, environment)
  File "<string>", line 3, in <module>
  File "/opt/anaconda3/envs/privateprojects/lib/python3.12/site-packages/pandas/core/ops/common.py", line 72, in new_method
    return method(self, other)
           ^^^^^^^^^^^^^^^^^^^
  File "/opt/anaconda3/envs/privateprojects/lib/python3.12/site-packages/pandas/core/arraylike.py", line 76, in __rand__
    return self._logical_method(other, roperator.rand_)
           ^^^^^^^^^^^^^^^^^^^^^^^^^^^^^^^^^^^^^^^^^^^^
  File "/opt/anaconda3/envs/privateprojects/lib/python3.12/site-packages/pandas/core/series.py", line 6254, in _logical_method
    res_values = ops.logical_op(lvalues, rvalues, op)
                 ^^^^^^^^^^^^^^^^^^^^^^^^^^^^^^^^^^^^
  File "/opt/anaconda3/envs/privateprojects/lib/python3.12/site-packages/pandas/core/ops/array_ops.py", line 395, in logical_op
    res_values = na_logical_op(lvalues, rvalues, op)
                 ^^^^^^^^^^^^^^^^^^^^^^^^^^^^^^^^^^^
  File "/opt/anaconda3/envs/privateprojects/lib/python3.12/site-packages/pandas/core/ops/array_ops.py", line 328, in na_logical_op
    raise TypeError(
TypeError: Cannot perform 'rand_' with a dtyped [bool] array and scalar of type [bool]


Fix the python code above and return the new python code:
2024-10-22 17:18:57 [INFO] Executing Step 1: CodeGenerator
2024-10-22 17:18:57 [ERROR] Pipeline failed on step 1: 'PipelineContext' object has no attribute 'items'
2024-10-22 17:18:57 [ERROR] Pipeline failed on step 6: 'PipelineContext' object has no attribute 'items'
2024-10-22 17:20:57 [INFO] Question: How many games did Hikaru play as white?
2024-10-22 17:20:57 [INFO] Running PandasAI with <bound method CohereLLM.type of <__main__.CohereLLM object at 0x119f26990>> LLM...
2024-10-22 17:20:57 [INFO] Prompt ID: 2cb5f3d8-666b-445d-90d7-1e70341987d7
2024-10-22 17:20:57 [INFO] Executing Pipeline: GenerateChatPipeline
2024-10-22 17:20:57 [INFO] Executing Step 0: ValidatePipelineInput
2024-10-22 17:20:57 [INFO] Executing Step 1: CacheLookup
2024-10-22 17:20:57 [INFO] Using cached response
2024-10-22 17:20:57 [INFO] Executing Step 2: PromptGeneration
2024-10-22 17:20:57 [INFO] Executing Step 2: Skipping...
2024-10-22 17:20:57 [INFO] Executing Step 3: CodeGenerator
2024-10-22 17:20:57 [INFO] Executing Step 3: Skipping...
2024-10-22 17:20:57 [INFO] Executing Step 4: CachePopulation
2024-10-22 17:20:57 [INFO] Executing Step 4: Skipping...
2024-10-22 17:20:57 [INFO] Executing Step 5: CodeCleaning
2024-10-22 17:20:57 [INFO] 
Code running:
```
white_games = 0
for df in dfs:
    white_games += len(df[df['player'] == 'Hikaru' & (df['role'] == 'white')])
result = {'type': 'number', 'value': white_games}
        ```
2024-10-22 17:20:57 [INFO] Executing Step 6: CodeExecution
2024-10-22 17:20:57 [ERROR] Unable to extract filters for passed code
2024-10-22 17:20:57 [ERROR] Failed with error: Traceback (most recent call last):
  File "/opt/anaconda3/envs/privateprojects/lib/python3.12/site-packages/pandas/core/ops/array_ops.py", line 305, in na_logical_op
    result = op(x, y)
             ^^^^^^^^
  File "/opt/anaconda3/envs/privateprojects/lib/python3.12/site-packages/pandas/core/roperator.py", line 54, in rand_
    return operator.and_(right, left)
           ^^^^^^^^^^^^^^^^^^^^^^^^^^
TypeError: ufunc 'bitwise_and' not supported for the input types, and the inputs could not be safely coerced to any supported types according to the casting rule ''safe''

During handling of the above exception, another exception occurred:

Traceback (most recent call last):
  File "/opt/anaconda3/envs/privateprojects/lib/python3.12/site-packages/pandas/core/ops/array_ops.py", line 319, in na_logical_op
    result = libops.scalar_binop(x, y, op)
             ^^^^^^^^^^^^^^^^^^^^^^^^^^^^^
  File "pandas/_libs/ops.pyx", line 180, in pandas._libs.ops.scalar_binop
ValueError: Buffer dtype mismatch, expected 'Python object' but got 'bool'

The above exception was the direct cause of the following exception:

Traceback (most recent call last):
  File "/opt/anaconda3/envs/privateprojects/lib/python3.12/site-packages/pandasai/pipelines/chat/code_execution.py", line 85, in execute
    result = self.execute_code(code_to_run, code_context)
             ^^^^^^^^^^^^^^^^^^^^^^^^^^^^^^^^^^^^^^^^^^^^
  File "/opt/anaconda3/envs/privateprojects/lib/python3.12/site-packages/pandasai/pipelines/chat/code_execution.py", line 171, in execute_code
    exec(code, environment)
  File "<string>", line 3, in <module>
  File "/opt/anaconda3/envs/privateprojects/lib/python3.12/site-packages/pandas/core/ops/common.py", line 72, in new_method
    return method(self, other)
           ^^^^^^^^^^^^^^^^^^^
  File "/opt/anaconda3/envs/privateprojects/lib/python3.12/site-packages/pandas/core/arraylike.py", line 76, in __rand__
    return self._logical_method(other, roperator.rand_)
           ^^^^^^^^^^^^^^^^^^^^^^^^^^^^^^^^^^^^^^^^^^^^
  File "/opt/anaconda3/envs/privateprojects/lib/python3.12/site-packages/pandas/core/series.py", line 6254, in _logical_method
    res_values = ops.logical_op(lvalues, rvalues, op)
                 ^^^^^^^^^^^^^^^^^^^^^^^^^^^^^^^^^^^^
  File "/opt/anaconda3/envs/privateprojects/lib/python3.12/site-packages/pandas/core/ops/array_ops.py", line 395, in logical_op
    res_values = na_logical_op(lvalues, rvalues, op)
                 ^^^^^^^^^^^^^^^^^^^^^^^^^^^^^^^^^^^
  File "/opt/anaconda3/envs/privateprojects/lib/python3.12/site-packages/pandas/core/ops/array_ops.py", line 328, in na_logical_op
    raise TypeError(
TypeError: Cannot perform 'rand_' with a dtyped [bool] array and scalar of type [bool]

2024-10-22 17:20:57 [WARNING] Failed to execute code retrying with a correction framework [retry number: 1]
2024-10-22 17:20:57 [INFO] Executing Pipeline: ErrorCorrectionPipeline
2024-10-22 17:20:57 [INFO] Executing Step 0: ErrorPromptGeneration
2024-10-22 17:20:57 [INFO] Using prompt: <dataframe>
dfs[0]:25088x10
game_id,date,time,player,role,opponent,player_result,winner,rated,time_class
19756,2024-08-31,21:36:20,Diego_FloresQ,black,GothamChess,draw,TigrVShlyape,True,daily
22886,2024-07-20,16:11:49,Vesper2018,white,12teen,win,AlphaOdin,False,rapid
18527,2024-03-26,17:29:07,spicycaterpillar,white,hjbhd,loss,NewBornNow,False,blitz
</dataframe>


The user asked the following question:
### QUERY
 How many games did Hikaru play as white?

You generated this python code:
white_games = 0
for df in dfs:
    white_games += len(df[df['player'] == 'Hikaru' & (df['role'] == 'white')])
result = {'type': 'number', 'value': white_games}

It fails with the following error:
Traceback (most recent call last):
  File "/opt/anaconda3/envs/privateprojects/lib/python3.12/site-packages/pandas/core/ops/array_ops.py", line 305, in na_logical_op
    result = op(x, y)
             ^^^^^^^^
  File "/opt/anaconda3/envs/privateprojects/lib/python3.12/site-packages/pandas/core/roperator.py", line 54, in rand_
    return operator.and_(right, left)
           ^^^^^^^^^^^^^^^^^^^^^^^^^^
TypeError: ufunc 'bitwise_and' not supported for the input types, and the inputs could not be safely coerced to any supported types according to the casting rule ''safe''

During handling of the above exception, another exception occurred:

Traceback (most recent call last):
  File "/opt/anaconda3/envs/privateprojects/lib/python3.12/site-packages/pandas/core/ops/array_ops.py", line 319, in na_logical_op
    result = libops.scalar_binop(x, y, op)
             ^^^^^^^^^^^^^^^^^^^^^^^^^^^^^
  File "pandas/_libs/ops.pyx", line 180, in pandas._libs.ops.scalar_binop
ValueError: Buffer dtype mismatch, expected 'Python object' but got 'bool'

The above exception was the direct cause of the following exception:

Traceback (most recent call last):
  File "/opt/anaconda3/envs/privateprojects/lib/python3.12/site-packages/pandasai/pipelines/chat/code_execution.py", line 85, in execute
    result = self.execute_code(code_to_run, code_context)
             ^^^^^^^^^^^^^^^^^^^^^^^^^^^^^^^^^^^^^^^^^^^^
  File "/opt/anaconda3/envs/privateprojects/lib/python3.12/site-packages/pandasai/pipelines/chat/code_execution.py", line 171, in execute_code
    exec(code, environment)
  File "<string>", line 3, in <module>
  File "/opt/anaconda3/envs/privateprojects/lib/python3.12/site-packages/pandas/core/ops/common.py", line 72, in new_method
    return method(self, other)
           ^^^^^^^^^^^^^^^^^^^
  File "/opt/anaconda3/envs/privateprojects/lib/python3.12/site-packages/pandas/core/arraylike.py", line 76, in __rand__
    return self._logical_method(other, roperator.rand_)
           ^^^^^^^^^^^^^^^^^^^^^^^^^^^^^^^^^^^^^^^^^^^^
  File "/opt/anaconda3/envs/privateprojects/lib/python3.12/site-packages/pandas/core/series.py", line 6254, in _logical_method
    res_values = ops.logical_op(lvalues, rvalues, op)
                 ^^^^^^^^^^^^^^^^^^^^^^^^^^^^^^^^^^^^
  File "/opt/anaconda3/envs/privateprojects/lib/python3.12/site-packages/pandas/core/ops/array_ops.py", line 395, in logical_op
    res_values = na_logical_op(lvalues, rvalues, op)
                 ^^^^^^^^^^^^^^^^^^^^^^^^^^^^^^^^^^^
  File "/opt/anaconda3/envs/privateprojects/lib/python3.12/site-packages/pandas/core/ops/array_ops.py", line 328, in na_logical_op
    raise TypeError(
TypeError: Cannot perform 'rand_' with a dtyped [bool] array and scalar of type [bool]


Fix the python code above and return the new python code:
2024-10-22 17:20:57 [INFO] Executing Step 1: CodeGenerator
2024-10-22 17:20:57 [ERROR] Pipeline failed on step 1: [TypeError("'numpy.int64' object is not iterable"), TypeError('vars() argument must have __dict__ attribute')]
2024-10-22 17:20:57 [ERROR] Pipeline failed on step 6: [TypeError("'numpy.int64' object is not iterable"), TypeError('vars() argument must have __dict__ attribute')]
2024-10-22 17:21:44 [INFO] Question: How many games did Hikaru play as white?
2024-10-22 17:21:44 [INFO] Running PandasAI with <bound method CohereLLM.type of <__main__.CohereLLM object at 0x13f1d7680>> LLM...
2024-10-22 17:21:44 [INFO] Prompt ID: c8f4b1ac-1bf4-4489-8964-f88c4adae58f
2024-10-22 17:21:44 [INFO] Executing Pipeline: GenerateChatPipeline
2024-10-22 17:21:44 [INFO] Executing Step 0: ValidatePipelineInput
2024-10-22 17:21:44 [INFO] Executing Step 1: CacheLookup
2024-10-22 17:21:44 [INFO] Using cached response
2024-10-22 17:21:44 [INFO] Executing Step 2: PromptGeneration
2024-10-22 17:21:44 [INFO] Executing Step 2: Skipping...
2024-10-22 17:21:44 [INFO] Executing Step 3: CodeGenerator
2024-10-22 17:21:44 [INFO] Executing Step 3: Skipping...
2024-10-22 17:21:44 [INFO] Executing Step 4: CachePopulation
2024-10-22 17:21:44 [INFO] Executing Step 4: Skipping...
2024-10-22 17:21:44 [INFO] Executing Step 5: CodeCleaning
2024-10-22 17:21:44 [INFO] 
Code running:
```
white_games = 0
for df in dfs:
    white_games += len(df[df['player'] == 'Hikaru' & (df['role'] == 'white')])
result = {'type': 'number', 'value': white_games}
        ```
2024-10-22 17:21:44 [INFO] Executing Step 6: CodeExecution
2024-10-22 17:21:44 [ERROR] Unable to extract filters for passed code
2024-10-22 17:21:44 [ERROR] Failed with error: Traceback (most recent call last):
  File "/opt/anaconda3/envs/privateprojects/lib/python3.12/site-packages/pandas/core/ops/array_ops.py", line 305, in na_logical_op
    result = op(x, y)
             ^^^^^^^^
  File "/opt/anaconda3/envs/privateprojects/lib/python3.12/site-packages/pandas/core/roperator.py", line 54, in rand_
    return operator.and_(right, left)
           ^^^^^^^^^^^^^^^^^^^^^^^^^^
TypeError: ufunc 'bitwise_and' not supported for the input types, and the inputs could not be safely coerced to any supported types according to the casting rule ''safe''

During handling of the above exception, another exception occurred:

Traceback (most recent call last):
  File "/opt/anaconda3/envs/privateprojects/lib/python3.12/site-packages/pandas/core/ops/array_ops.py", line 319, in na_logical_op
    result = libops.scalar_binop(x, y, op)
             ^^^^^^^^^^^^^^^^^^^^^^^^^^^^^
  File "pandas/_libs/ops.pyx", line 180, in pandas._libs.ops.scalar_binop
ValueError: Buffer dtype mismatch, expected 'Python object' but got 'bool'

The above exception was the direct cause of the following exception:

Traceback (most recent call last):
  File "/opt/anaconda3/envs/privateprojects/lib/python3.12/site-packages/pandasai/pipelines/chat/code_execution.py", line 85, in execute
    result = self.execute_code(code_to_run, code_context)
             ^^^^^^^^^^^^^^^^^^^^^^^^^^^^^^^^^^^^^^^^^^^^
  File "/opt/anaconda3/envs/privateprojects/lib/python3.12/site-packages/pandasai/pipelines/chat/code_execution.py", line 171, in execute_code
    exec(code, environment)
  File "<string>", line 3, in <module>
  File "/opt/anaconda3/envs/privateprojects/lib/python3.12/site-packages/pandas/core/ops/common.py", line 72, in new_method
    return method(self, other)
           ^^^^^^^^^^^^^^^^^^^
  File "/opt/anaconda3/envs/privateprojects/lib/python3.12/site-packages/pandas/core/arraylike.py", line 76, in __rand__
    return self._logical_method(other, roperator.rand_)
           ^^^^^^^^^^^^^^^^^^^^^^^^^^^^^^^^^^^^^^^^^^^^
  File "/opt/anaconda3/envs/privateprojects/lib/python3.12/site-packages/pandas/core/series.py", line 6254, in _logical_method
    res_values = ops.logical_op(lvalues, rvalues, op)
                 ^^^^^^^^^^^^^^^^^^^^^^^^^^^^^^^^^^^^
  File "/opt/anaconda3/envs/privateprojects/lib/python3.12/site-packages/pandas/core/ops/array_ops.py", line 395, in logical_op
    res_values = na_logical_op(lvalues, rvalues, op)
                 ^^^^^^^^^^^^^^^^^^^^^^^^^^^^^^^^^^^
  File "/opt/anaconda3/envs/privateprojects/lib/python3.12/site-packages/pandas/core/ops/array_ops.py", line 328, in na_logical_op
    raise TypeError(
TypeError: Cannot perform 'rand_' with a dtyped [bool] array and scalar of type [bool]

2024-10-22 17:21:44 [WARNING] Failed to execute code retrying with a correction framework [retry number: 1]
2024-10-22 17:21:44 [INFO] Executing Pipeline: ErrorCorrectionPipeline
2024-10-22 17:21:44 [INFO] Executing Step 0: ErrorPromptGeneration
2024-10-22 17:21:44 [INFO] Using prompt: <dataframe>
dfs[0]:25088x10
game_id,date,time,player,role,opponent,player_result,winner,rated,time_class
7899,2024-01-09,18:49:42,kiistala,white,nephophile16,draw,aeiiuu,False,daily
21205,2024-05-10,20:34:15,karinachess1,black,GMsamargalo,loss,betta2004,True,rapid
17121,2024-06-04,18:33:23,CarlosjPineror,white,bascheyaro,win,Binary010,True,blitz
</dataframe>


The user asked the following question:
### QUERY
 How many games did Hikaru play as white?

You generated this python code:
white_games = 0
for df in dfs:
    white_games += len(df[df['player'] == 'Hikaru' & (df['role'] == 'white')])
result = {'type': 'number', 'value': white_games}

It fails with the following error:
Traceback (most recent call last):
  File "/opt/anaconda3/envs/privateprojects/lib/python3.12/site-packages/pandas/core/ops/array_ops.py", line 305, in na_logical_op
    result = op(x, y)
             ^^^^^^^^
  File "/opt/anaconda3/envs/privateprojects/lib/python3.12/site-packages/pandas/core/roperator.py", line 54, in rand_
    return operator.and_(right, left)
           ^^^^^^^^^^^^^^^^^^^^^^^^^^
TypeError: ufunc 'bitwise_and' not supported for the input types, and the inputs could not be safely coerced to any supported types according to the casting rule ''safe''

During handling of the above exception, another exception occurred:

Traceback (most recent call last):
  File "/opt/anaconda3/envs/privateprojects/lib/python3.12/site-packages/pandas/core/ops/array_ops.py", line 319, in na_logical_op
    result = libops.scalar_binop(x, y, op)
             ^^^^^^^^^^^^^^^^^^^^^^^^^^^^^
  File "pandas/_libs/ops.pyx", line 180, in pandas._libs.ops.scalar_binop
ValueError: Buffer dtype mismatch, expected 'Python object' but got 'bool'

The above exception was the direct cause of the following exception:

Traceback (most recent call last):
  File "/opt/anaconda3/envs/privateprojects/lib/python3.12/site-packages/pandasai/pipelines/chat/code_execution.py", line 85, in execute
    result = self.execute_code(code_to_run, code_context)
             ^^^^^^^^^^^^^^^^^^^^^^^^^^^^^^^^^^^^^^^^^^^^
  File "/opt/anaconda3/envs/privateprojects/lib/python3.12/site-packages/pandasai/pipelines/chat/code_execution.py", line 171, in execute_code
    exec(code, environment)
  File "<string>", line 3, in <module>
  File "/opt/anaconda3/envs/privateprojects/lib/python3.12/site-packages/pandas/core/ops/common.py", line 72, in new_method
    return method(self, other)
           ^^^^^^^^^^^^^^^^^^^
  File "/opt/anaconda3/envs/privateprojects/lib/python3.12/site-packages/pandas/core/arraylike.py", line 76, in __rand__
    return self._logical_method(other, roperator.rand_)
           ^^^^^^^^^^^^^^^^^^^^^^^^^^^^^^^^^^^^^^^^^^^^
  File "/opt/anaconda3/envs/privateprojects/lib/python3.12/site-packages/pandas/core/series.py", line 6254, in _logical_method
    res_values = ops.logical_op(lvalues, rvalues, op)
                 ^^^^^^^^^^^^^^^^^^^^^^^^^^^^^^^^^^^^
  File "/opt/anaconda3/envs/privateprojects/lib/python3.12/site-packages/pandas/core/ops/array_ops.py", line 395, in logical_op
    res_values = na_logical_op(lvalues, rvalues, op)
                 ^^^^^^^^^^^^^^^^^^^^^^^^^^^^^^^^^^^
  File "/opt/anaconda3/envs/privateprojects/lib/python3.12/site-packages/pandas/core/ops/array_ops.py", line 328, in na_logical_op
    raise TypeError(
TypeError: Cannot perform 'rand_' with a dtyped [bool] array and scalar of type [bool]


Fix the python code above and return the new python code:
2024-10-22 17:21:44 [INFO] Executing Step 1: CodeGenerator
2024-10-22 17:21:44 [ERROR] Pipeline failed on step 1: [TypeError("'numpy.int64' object is not iterable"), TypeError('vars() argument must have __dict__ attribute')]
2024-10-22 17:21:44 [ERROR] Pipeline failed on step 6: [TypeError("'numpy.int64' object is not iterable"), TypeError('vars() argument must have __dict__ attribute')]
2024-10-22 17:22:47 [INFO] Question: How many games did Hikaru play as white?
2024-10-22 17:22:47 [INFO] Running PandasAI with <bound method CohereLLM.type of <__main__.CohereLLM object at 0x1052cc800>> LLM...
2024-10-22 17:22:47 [INFO] Prompt ID: 9021a8ea-99a3-40f2-bf82-5993f5adb80b
2024-10-22 17:22:47 [INFO] Executing Pipeline: GenerateChatPipeline
2024-10-22 17:22:47 [INFO] Executing Step 0: ValidatePipelineInput
2024-10-22 17:22:47 [INFO] Executing Step 1: CacheLookup
2024-10-22 17:22:47 [INFO] Using cached response
2024-10-22 17:22:47 [INFO] Executing Step 2: PromptGeneration
2024-10-22 17:22:47 [INFO] Executing Step 2: Skipping...
2024-10-22 17:22:47 [INFO] Executing Step 3: CodeGenerator
2024-10-22 17:22:47 [INFO] Executing Step 3: Skipping...
2024-10-22 17:22:47 [INFO] Executing Step 4: CachePopulation
2024-10-22 17:22:47 [INFO] Executing Step 4: Skipping...
2024-10-22 17:22:47 [INFO] Executing Step 5: CodeCleaning
2024-10-22 17:22:47 [INFO] 
Code running:
```
white_games = 0
for df in dfs:
    white_games += len(df[df['player'] == 'Hikaru' & (df['role'] == 'white')])
result = {'type': 'number', 'value': white_games}
        ```
2024-10-22 17:22:47 [INFO] Executing Step 6: CodeExecution
2024-10-22 17:22:47 [ERROR] Unable to extract filters for passed code
2024-10-22 17:22:47 [ERROR] Failed with error: Traceback (most recent call last):
  File "/opt/anaconda3/envs/privateprojects/lib/python3.12/site-packages/pandas/core/ops/array_ops.py", line 305, in na_logical_op
    result = op(x, y)
             ^^^^^^^^
  File "/opt/anaconda3/envs/privateprojects/lib/python3.12/site-packages/pandas/core/roperator.py", line 54, in rand_
    return operator.and_(right, left)
           ^^^^^^^^^^^^^^^^^^^^^^^^^^
TypeError: ufunc 'bitwise_and' not supported for the input types, and the inputs could not be safely coerced to any supported types according to the casting rule ''safe''

During handling of the above exception, another exception occurred:

Traceback (most recent call last):
  File "/opt/anaconda3/envs/privateprojects/lib/python3.12/site-packages/pandas/core/ops/array_ops.py", line 319, in na_logical_op
    result = libops.scalar_binop(x, y, op)
             ^^^^^^^^^^^^^^^^^^^^^^^^^^^^^
  File "pandas/_libs/ops.pyx", line 180, in pandas._libs.ops.scalar_binop
ValueError: Buffer dtype mismatch, expected 'Python object' but got 'bool'

The above exception was the direct cause of the following exception:

Traceback (most recent call last):
  File "/opt/anaconda3/envs/privateprojects/lib/python3.12/site-packages/pandasai/pipelines/chat/code_execution.py", line 85, in execute
    result = self.execute_code(code_to_run, code_context)
             ^^^^^^^^^^^^^^^^^^^^^^^^^^^^^^^^^^^^^^^^^^^^
  File "/opt/anaconda3/envs/privateprojects/lib/python3.12/site-packages/pandasai/pipelines/chat/code_execution.py", line 171, in execute_code
    exec(code, environment)
  File "<string>", line 3, in <module>
  File "/opt/anaconda3/envs/privateprojects/lib/python3.12/site-packages/pandas/core/ops/common.py", line 72, in new_method
    return method(self, other)
           ^^^^^^^^^^^^^^^^^^^
  File "/opt/anaconda3/envs/privateprojects/lib/python3.12/site-packages/pandas/core/arraylike.py", line 76, in __rand__
    return self._logical_method(other, roperator.rand_)
           ^^^^^^^^^^^^^^^^^^^^^^^^^^^^^^^^^^^^^^^^^^^^
  File "/opt/anaconda3/envs/privateprojects/lib/python3.12/site-packages/pandas/core/series.py", line 6254, in _logical_method
    res_values = ops.logical_op(lvalues, rvalues, op)
                 ^^^^^^^^^^^^^^^^^^^^^^^^^^^^^^^^^^^^
  File "/opt/anaconda3/envs/privateprojects/lib/python3.12/site-packages/pandas/core/ops/array_ops.py", line 395, in logical_op
    res_values = na_logical_op(lvalues, rvalues, op)
                 ^^^^^^^^^^^^^^^^^^^^^^^^^^^^^^^^^^^
  File "/opt/anaconda3/envs/privateprojects/lib/python3.12/site-packages/pandas/core/ops/array_ops.py", line 328, in na_logical_op
    raise TypeError(
TypeError: Cannot perform 'rand_' with a dtyped [bool] array and scalar of type [bool]

2024-10-22 17:22:47 [WARNING] Failed to execute code retrying with a correction framework [retry number: 1]
2024-10-22 17:22:47 [INFO] Executing Pipeline: ErrorCorrectionPipeline
2024-10-22 17:22:47 [INFO] Executing Step 0: ErrorPromptGeneration
2024-10-22 17:22:47 [INFO] Using prompt: <dataframe>
dfs[0]:25088x10
game_id,date,time,player,role,opponent,player_result,winner,rated,time_class
17893,2024-01-10,20:30:20,Youngspieler,black,Elprofessor21,win,FarewellToKings2112,False,daily
9357,2024-09-19,23:28:24,anoymousdoomer097,black,viktorskliarov,loss,moro182,True,blitz
12138,2024-06-22,20:21:19,AryanTari,white,WindWhistler11,draw,Kiborg95,True,rapid
</dataframe>


The user asked the following question:
### QUERY
 How many games did Hikaru play as white?

You generated this python code:
white_games = 0
for df in dfs:
    white_games += len(df[df['player'] == 'Hikaru' & (df['role'] == 'white')])
result = {'type': 'number', 'value': white_games}

It fails with the following error:
Traceback (most recent call last):
  File "/opt/anaconda3/envs/privateprojects/lib/python3.12/site-packages/pandas/core/ops/array_ops.py", line 305, in na_logical_op
    result = op(x, y)
             ^^^^^^^^
  File "/opt/anaconda3/envs/privateprojects/lib/python3.12/site-packages/pandas/core/roperator.py", line 54, in rand_
    return operator.and_(right, left)
           ^^^^^^^^^^^^^^^^^^^^^^^^^^
TypeError: ufunc 'bitwise_and' not supported for the input types, and the inputs could not be safely coerced to any supported types according to the casting rule ''safe''

During handling of the above exception, another exception occurred:

Traceback (most recent call last):
  File "/opt/anaconda3/envs/privateprojects/lib/python3.12/site-packages/pandas/core/ops/array_ops.py", line 319, in na_logical_op
    result = libops.scalar_binop(x, y, op)
             ^^^^^^^^^^^^^^^^^^^^^^^^^^^^^
  File "pandas/_libs/ops.pyx", line 180, in pandas._libs.ops.scalar_binop
ValueError: Buffer dtype mismatch, expected 'Python object' but got 'bool'

The above exception was the direct cause of the following exception:

Traceback (most recent call last):
  File "/opt/anaconda3/envs/privateprojects/lib/python3.12/site-packages/pandasai/pipelines/chat/code_execution.py", line 85, in execute
    result = self.execute_code(code_to_run, code_context)
             ^^^^^^^^^^^^^^^^^^^^^^^^^^^^^^^^^^^^^^^^^^^^
  File "/opt/anaconda3/envs/privateprojects/lib/python3.12/site-packages/pandasai/pipelines/chat/code_execution.py", line 171, in execute_code
    exec(code, environment)
  File "<string>", line 3, in <module>
  File "/opt/anaconda3/envs/privateprojects/lib/python3.12/site-packages/pandas/core/ops/common.py", line 72, in new_method
    return method(self, other)
           ^^^^^^^^^^^^^^^^^^^
  File "/opt/anaconda3/envs/privateprojects/lib/python3.12/site-packages/pandas/core/arraylike.py", line 76, in __rand__
    return self._logical_method(other, roperator.rand_)
           ^^^^^^^^^^^^^^^^^^^^^^^^^^^^^^^^^^^^^^^^^^^^
  File "/opt/anaconda3/envs/privateprojects/lib/python3.12/site-packages/pandas/core/series.py", line 6254, in _logical_method
    res_values = ops.logical_op(lvalues, rvalues, op)
                 ^^^^^^^^^^^^^^^^^^^^^^^^^^^^^^^^^^^^
  File "/opt/anaconda3/envs/privateprojects/lib/python3.12/site-packages/pandas/core/ops/array_ops.py", line 395, in logical_op
    res_values = na_logical_op(lvalues, rvalues, op)
                 ^^^^^^^^^^^^^^^^^^^^^^^^^^^^^^^^^^^
  File "/opt/anaconda3/envs/privateprojects/lib/python3.12/site-packages/pandas/core/ops/array_ops.py", line 328, in na_logical_op
    raise TypeError(
TypeError: Cannot perform 'rand_' with a dtyped [bool] array and scalar of type [bool]


Fix the python code above and return the new python code:
2024-10-22 17:22:47 [INFO] Executing Step 1: CodeGenerator
2024-10-22 17:22:47 [ERROR] Pipeline failed on step 1: [TypeError("'numpy.int64' object is not iterable"), TypeError('vars() argument must have __dict__ attribute')]
2024-10-22 17:22:47 [ERROR] Pipeline failed on step 6: [TypeError("'numpy.int64' object is not iterable"), TypeError('vars() argument must have __dict__ attribute')]
2024-10-22 17:23:43 [INFO] Question: How many games did Hikaru play as white?
2024-10-22 17:23:43 [INFO] Running PandasAI with <bound method CohereLLM.type of <__main__.CohereLLM object at 0x11cf2ee10>> LLM...
2024-10-22 17:23:43 [INFO] Prompt ID: 2a3087a1-061b-47a1-9563-f405a1f7cbf4
2024-10-22 17:23:43 [INFO] Executing Pipeline: GenerateChatPipeline
2024-10-22 17:23:43 [INFO] Executing Step 0: ValidatePipelineInput
2024-10-22 17:23:43 [INFO] Executing Step 1: CacheLookup
2024-10-22 17:23:43 [INFO] Using cached response
2024-10-22 17:23:43 [INFO] Executing Step 2: PromptGeneration
2024-10-22 17:23:43 [INFO] Executing Step 2: Skipping...
2024-10-22 17:23:43 [INFO] Executing Step 3: CodeGenerator
2024-10-22 17:23:43 [INFO] Executing Step 3: Skipping...
2024-10-22 17:23:43 [INFO] Executing Step 4: CachePopulation
2024-10-22 17:23:43 [INFO] Executing Step 4: Skipping...
2024-10-22 17:23:43 [INFO] Executing Step 5: CodeCleaning
2024-10-22 17:23:43 [INFO] 
Code running:
```
white_games = 0
for df in dfs:
    white_games += len(df[df['player'] == 'Hikaru' & (df['role'] == 'white')])
result = {'type': 'number', 'value': white_games}
        ```
2024-10-22 17:23:43 [INFO] Executing Step 6: CodeExecution
2024-10-22 17:23:43 [ERROR] Unable to extract filters for passed code
2024-10-22 17:23:43 [ERROR] Failed with error: Traceback (most recent call last):
  File "/opt/anaconda3/envs/privateprojects/lib/python3.12/site-packages/pandas/core/ops/array_ops.py", line 305, in na_logical_op
    result = op(x, y)
             ^^^^^^^^
  File "/opt/anaconda3/envs/privateprojects/lib/python3.12/site-packages/pandas/core/roperator.py", line 54, in rand_
    return operator.and_(right, left)
           ^^^^^^^^^^^^^^^^^^^^^^^^^^
TypeError: ufunc 'bitwise_and' not supported for the input types, and the inputs could not be safely coerced to any supported types according to the casting rule ''safe''

During handling of the above exception, another exception occurred:

Traceback (most recent call last):
  File "/opt/anaconda3/envs/privateprojects/lib/python3.12/site-packages/pandas/core/ops/array_ops.py", line 319, in na_logical_op
    result = libops.scalar_binop(x, y, op)
             ^^^^^^^^^^^^^^^^^^^^^^^^^^^^^
  File "pandas/_libs/ops.pyx", line 180, in pandas._libs.ops.scalar_binop
ValueError: Buffer dtype mismatch, expected 'Python object' but got 'bool'

The above exception was the direct cause of the following exception:

Traceback (most recent call last):
  File "/opt/anaconda3/envs/privateprojects/lib/python3.12/site-packages/pandasai/pipelines/chat/code_execution.py", line 85, in execute
    result = self.execute_code(code_to_run, code_context)
             ^^^^^^^^^^^^^^^^^^^^^^^^^^^^^^^^^^^^^^^^^^^^
  File "/opt/anaconda3/envs/privateprojects/lib/python3.12/site-packages/pandasai/pipelines/chat/code_execution.py", line 171, in execute_code
    exec(code, environment)
  File "<string>", line 3, in <module>
  File "/opt/anaconda3/envs/privateprojects/lib/python3.12/site-packages/pandas/core/ops/common.py", line 72, in new_method
    return method(self, other)
           ^^^^^^^^^^^^^^^^^^^
  File "/opt/anaconda3/envs/privateprojects/lib/python3.12/site-packages/pandas/core/arraylike.py", line 76, in __rand__
    return self._logical_method(other, roperator.rand_)
           ^^^^^^^^^^^^^^^^^^^^^^^^^^^^^^^^^^^^^^^^^^^^
  File "/opt/anaconda3/envs/privateprojects/lib/python3.12/site-packages/pandas/core/series.py", line 6254, in _logical_method
    res_values = ops.logical_op(lvalues, rvalues, op)
                 ^^^^^^^^^^^^^^^^^^^^^^^^^^^^^^^^^^^^
  File "/opt/anaconda3/envs/privateprojects/lib/python3.12/site-packages/pandas/core/ops/array_ops.py", line 395, in logical_op
    res_values = na_logical_op(lvalues, rvalues, op)
                 ^^^^^^^^^^^^^^^^^^^^^^^^^^^^^^^^^^^
  File "/opt/anaconda3/envs/privateprojects/lib/python3.12/site-packages/pandas/core/ops/array_ops.py", line 328, in na_logical_op
    raise TypeError(
TypeError: Cannot perform 'rand_' with a dtyped [bool] array and scalar of type [bool]

2024-10-22 17:23:43 [WARNING] Failed to execute code retrying with a correction framework [retry number: 1]
2024-10-22 17:23:43 [INFO] Executing Pipeline: ErrorCorrectionPipeline
2024-10-22 17:23:43 [INFO] Executing Step 0: ErrorPromptGeneration
2024-10-22 17:23:43 [INFO] Using prompt: <dataframe>
dfs[0]:25088x10
game_id,date,time,player,role,opponent,player_result,winner,rated,time_class
10712,2024-04-27,01:06:44,DIMONBANAN,black,secretsuperstar7,win,WPWPWP-2015,True,blitz
4953,2024-06-05,17:50:18,Ydknme,white,sakkikuska,loss,h4parah5,False,daily
13698,2024-05-13,15:09:27,Fibrinogen,white,Martial2008,draw,Chesssplayer21,False,bullet
</dataframe>


The user asked the following question:
### QUERY
 How many games did Hikaru play as white?

You generated this python code:
white_games = 0
for df in dfs:
    white_games += len(df[df['player'] == 'Hikaru' & (df['role'] == 'white')])
result = {'type': 'number', 'value': white_games}

It fails with the following error:
Traceback (most recent call last):
  File "/opt/anaconda3/envs/privateprojects/lib/python3.12/site-packages/pandas/core/ops/array_ops.py", line 305, in na_logical_op
    result = op(x, y)
             ^^^^^^^^
  File "/opt/anaconda3/envs/privateprojects/lib/python3.12/site-packages/pandas/core/roperator.py", line 54, in rand_
    return operator.and_(right, left)
           ^^^^^^^^^^^^^^^^^^^^^^^^^^
TypeError: ufunc 'bitwise_and' not supported for the input types, and the inputs could not be safely coerced to any supported types according to the casting rule ''safe''

During handling of the above exception, another exception occurred:

Traceback (most recent call last):
  File "/opt/anaconda3/envs/privateprojects/lib/python3.12/site-packages/pandas/core/ops/array_ops.py", line 319, in na_logical_op
    result = libops.scalar_binop(x, y, op)
             ^^^^^^^^^^^^^^^^^^^^^^^^^^^^^
  File "pandas/_libs/ops.pyx", line 180, in pandas._libs.ops.scalar_binop
ValueError: Buffer dtype mismatch, expected 'Python object' but got 'bool'

The above exception was the direct cause of the following exception:

Traceback (most recent call last):
  File "/opt/anaconda3/envs/privateprojects/lib/python3.12/site-packages/pandasai/pipelines/chat/code_execution.py", line 85, in execute
    result = self.execute_code(code_to_run, code_context)
             ^^^^^^^^^^^^^^^^^^^^^^^^^^^^^^^^^^^^^^^^^^^^
  File "/opt/anaconda3/envs/privateprojects/lib/python3.12/site-packages/pandasai/pipelines/chat/code_execution.py", line 171, in execute_code
    exec(code, environment)
  File "<string>", line 3, in <module>
  File "/opt/anaconda3/envs/privateprojects/lib/python3.12/site-packages/pandas/core/ops/common.py", line 72, in new_method
    return method(self, other)
           ^^^^^^^^^^^^^^^^^^^
  File "/opt/anaconda3/envs/privateprojects/lib/python3.12/site-packages/pandas/core/arraylike.py", line 76, in __rand__
    return self._logical_method(other, roperator.rand_)
           ^^^^^^^^^^^^^^^^^^^^^^^^^^^^^^^^^^^^^^^^^^^^
  File "/opt/anaconda3/envs/privateprojects/lib/python3.12/site-packages/pandas/core/series.py", line 6254, in _logical_method
    res_values = ops.logical_op(lvalues, rvalues, op)
                 ^^^^^^^^^^^^^^^^^^^^^^^^^^^^^^^^^^^^
  File "/opt/anaconda3/envs/privateprojects/lib/python3.12/site-packages/pandas/core/ops/array_ops.py", line 395, in logical_op
    res_values = na_logical_op(lvalues, rvalues, op)
                 ^^^^^^^^^^^^^^^^^^^^^^^^^^^^^^^^^^^
  File "/opt/anaconda3/envs/privateprojects/lib/python3.12/site-packages/pandas/core/ops/array_ops.py", line 328, in na_logical_op
    raise TypeError(
TypeError: Cannot perform 'rand_' with a dtyped [bool] array and scalar of type [bool]


Fix the python code above and return the new python code:
2024-10-22 17:23:43 [INFO] Executing Step 1: CodeGenerator
2024-10-22 17:23:43 [ERROR] Pipeline failed on step 1: [TypeError("'numpy.int64' object is not iterable"), TypeError('vars() argument must have __dict__ attribute')]
2024-10-22 17:23:43 [ERROR] Pipeline failed on step 6: [TypeError("'numpy.int64' object is not iterable"), TypeError('vars() argument must have __dict__ attribute')]
2024-10-22 17:24:52 [INFO] Question: How many games did Hikaru play as white?
2024-10-22 17:24:52 [INFO] Running PandasAI with <bound method CohereLLM.type of <__main__.CohereLLM object at 0x118c2d250>> LLM...
2024-10-22 17:24:52 [INFO] Prompt ID: 2c304206-dfd2-4a95-b450-e56d89441a4e
2024-10-22 17:24:52 [INFO] Executing Pipeline: GenerateChatPipeline
2024-10-22 17:24:52 [INFO] Executing Step 0: ValidatePipelineInput
2024-10-22 17:24:52 [INFO] Executing Step 1: CacheLookup
2024-10-22 17:24:52 [INFO] Using cached response
2024-10-22 17:24:52 [INFO] Executing Step 2: PromptGeneration
2024-10-22 17:24:52 [INFO] Executing Step 2: Skipping...
2024-10-22 17:24:52 [INFO] Executing Step 3: CodeGenerator
2024-10-22 17:24:52 [INFO] Executing Step 3: Skipping...
2024-10-22 17:24:52 [INFO] Executing Step 4: CachePopulation
2024-10-22 17:24:52 [INFO] Executing Step 4: Skipping...
2024-10-22 17:24:52 [INFO] Executing Step 5: CodeCleaning
2024-10-22 17:24:52 [INFO] 
Code running:
```
white_games = 0
for df in dfs:
    white_games += len(df[df['player'] == 'Hikaru' & (df['role'] == 'white')])
result = {'type': 'number', 'value': white_games}
        ```
2024-10-22 17:24:52 [INFO] Executing Step 6: CodeExecution
2024-10-22 17:24:52 [ERROR] Unable to extract filters for passed code
2024-10-22 17:24:52 [ERROR] Failed with error: Traceback (most recent call last):
  File "/opt/anaconda3/envs/privateprojects/lib/python3.12/site-packages/pandas/core/ops/array_ops.py", line 305, in na_logical_op
    result = op(x, y)
             ^^^^^^^^
  File "/opt/anaconda3/envs/privateprojects/lib/python3.12/site-packages/pandas/core/roperator.py", line 54, in rand_
    return operator.and_(right, left)
           ^^^^^^^^^^^^^^^^^^^^^^^^^^
TypeError: ufunc 'bitwise_and' not supported for the input types, and the inputs could not be safely coerced to any supported types according to the casting rule ''safe''

During handling of the above exception, another exception occurred:

Traceback (most recent call last):
  File "/opt/anaconda3/envs/privateprojects/lib/python3.12/site-packages/pandas/core/ops/array_ops.py", line 319, in na_logical_op
    result = libops.scalar_binop(x, y, op)
             ^^^^^^^^^^^^^^^^^^^^^^^^^^^^^
  File "pandas/_libs/ops.pyx", line 180, in pandas._libs.ops.scalar_binop
ValueError: Buffer dtype mismatch, expected 'Python object' but got 'bool'

The above exception was the direct cause of the following exception:

Traceback (most recent call last):
  File "/opt/anaconda3/envs/privateprojects/lib/python3.12/site-packages/pandasai/pipelines/chat/code_execution.py", line 85, in execute
    result = self.execute_code(code_to_run, code_context)
             ^^^^^^^^^^^^^^^^^^^^^^^^^^^^^^^^^^^^^^^^^^^^
  File "/opt/anaconda3/envs/privateprojects/lib/python3.12/site-packages/pandasai/pipelines/chat/code_execution.py", line 171, in execute_code
    exec(code, environment)
  File "<string>", line 3, in <module>
  File "/opt/anaconda3/envs/privateprojects/lib/python3.12/site-packages/pandas/core/ops/common.py", line 72, in new_method
    return method(self, other)
           ^^^^^^^^^^^^^^^^^^^
  File "/opt/anaconda3/envs/privateprojects/lib/python3.12/site-packages/pandas/core/arraylike.py", line 76, in __rand__
    return self._logical_method(other, roperator.rand_)
           ^^^^^^^^^^^^^^^^^^^^^^^^^^^^^^^^^^^^^^^^^^^^
  File "/opt/anaconda3/envs/privateprojects/lib/python3.12/site-packages/pandas/core/series.py", line 6254, in _logical_method
    res_values = ops.logical_op(lvalues, rvalues, op)
                 ^^^^^^^^^^^^^^^^^^^^^^^^^^^^^^^^^^^^
  File "/opt/anaconda3/envs/privateprojects/lib/python3.12/site-packages/pandas/core/ops/array_ops.py", line 395, in logical_op
    res_values = na_logical_op(lvalues, rvalues, op)
                 ^^^^^^^^^^^^^^^^^^^^^^^^^^^^^^^^^^^
  File "/opt/anaconda3/envs/privateprojects/lib/python3.12/site-packages/pandas/core/ops/array_ops.py", line 328, in na_logical_op
    raise TypeError(
TypeError: Cannot perform 'rand_' with a dtyped [bool] array and scalar of type [bool]

2024-10-22 17:24:52 [WARNING] Failed to execute code retrying with a correction framework [retry number: 1]
2024-10-22 17:24:52 [INFO] Executing Pipeline: ErrorCorrectionPipeline
2024-10-22 17:24:52 [INFO] Executing Step 0: ErrorPromptGeneration
2024-10-22 17:24:52 [INFO] Using prompt: <dataframe>
dfs[0]:25088x10
game_id,date,time,player,role,opponent,player_result,winner,rated,time_class
14328,2024-04-16,14:25:19,JakubPulpan,black,ilqar_74,win,XDPS,True,blitz
13413,2024-01-10,17:56:46,ArcticBear64,white,hristos03,loss,Flameboard08,False,daily
675,2024-05-21,23:41:23,CapiVahRah,black,Rakitic2010,draw,OparinGrigoriy,False,rapid
</dataframe>


The user asked the following question:
### QUERY
 How many games did Hikaru play as white?

You generated this python code:
white_games = 0
for df in dfs:
    white_games += len(df[df['player'] == 'Hikaru' & (df['role'] == 'white')])
result = {'type': 'number', 'value': white_games}

It fails with the following error:
Traceback (most recent call last):
  File "/opt/anaconda3/envs/privateprojects/lib/python3.12/site-packages/pandas/core/ops/array_ops.py", line 305, in na_logical_op
    result = op(x, y)
             ^^^^^^^^
  File "/opt/anaconda3/envs/privateprojects/lib/python3.12/site-packages/pandas/core/roperator.py", line 54, in rand_
    return operator.and_(right, left)
           ^^^^^^^^^^^^^^^^^^^^^^^^^^
TypeError: ufunc 'bitwise_and' not supported for the input types, and the inputs could not be safely coerced to any supported types according to the casting rule ''safe''

During handling of the above exception, another exception occurred:

Traceback (most recent call last):
  File "/opt/anaconda3/envs/privateprojects/lib/python3.12/site-packages/pandas/core/ops/array_ops.py", line 319, in na_logical_op
    result = libops.scalar_binop(x, y, op)
             ^^^^^^^^^^^^^^^^^^^^^^^^^^^^^
  File "pandas/_libs/ops.pyx", line 180, in pandas._libs.ops.scalar_binop
ValueError: Buffer dtype mismatch, expected 'Python object' but got 'bool'

The above exception was the direct cause of the following exception:

Traceback (most recent call last):
  File "/opt/anaconda3/envs/privateprojects/lib/python3.12/site-packages/pandasai/pipelines/chat/code_execution.py", line 85, in execute
    result = self.execute_code(code_to_run, code_context)
             ^^^^^^^^^^^^^^^^^^^^^^^^^^^^^^^^^^^^^^^^^^^^
  File "/opt/anaconda3/envs/privateprojects/lib/python3.12/site-packages/pandasai/pipelines/chat/code_execution.py", line 171, in execute_code
    exec(code, environment)
  File "<string>", line 3, in <module>
  File "/opt/anaconda3/envs/privateprojects/lib/python3.12/site-packages/pandas/core/ops/common.py", line 72, in new_method
    return method(self, other)
           ^^^^^^^^^^^^^^^^^^^
  File "/opt/anaconda3/envs/privateprojects/lib/python3.12/site-packages/pandas/core/arraylike.py", line 76, in __rand__
    return self._logical_method(other, roperator.rand_)
           ^^^^^^^^^^^^^^^^^^^^^^^^^^^^^^^^^^^^^^^^^^^^
  File "/opt/anaconda3/envs/privateprojects/lib/python3.12/site-packages/pandas/core/series.py", line 6254, in _logical_method
    res_values = ops.logical_op(lvalues, rvalues, op)
                 ^^^^^^^^^^^^^^^^^^^^^^^^^^^^^^^^^^^^
  File "/opt/anaconda3/envs/privateprojects/lib/python3.12/site-packages/pandas/core/ops/array_ops.py", line 395, in logical_op
    res_values = na_logical_op(lvalues, rvalues, op)
                 ^^^^^^^^^^^^^^^^^^^^^^^^^^^^^^^^^^^
  File "/opt/anaconda3/envs/privateprojects/lib/python3.12/site-packages/pandas/core/ops/array_ops.py", line 328, in na_logical_op
    raise TypeError(
TypeError: Cannot perform 'rand_' with a dtyped [bool] array and scalar of type [bool]


Fix the python code above and return the new python code:
2024-10-22 17:24:52 [INFO] Executing Step 1: CodeGenerator
2024-10-22 17:24:52 [ERROR] Pipeline failed on step 1: [TypeError("'numpy.int64' object is not iterable"), TypeError('vars() argument must have __dict__ attribute')]
2024-10-22 17:24:52 [ERROR] Pipeline failed on step 6: [TypeError("'numpy.int64' object is not iterable"), TypeError('vars() argument must have __dict__ attribute')]
2024-10-22 17:25:17 [INFO] Question: How many games did Hikaru play as white?
2024-10-22 17:25:17 [INFO] Running PandasAI with <bound method CohereLLM.type of <__main__.CohereLLM object at 0x11d67da00>> LLM...
2024-10-22 17:25:17 [INFO] Prompt ID: 8e61e67f-b6a7-43b3-a2e6-dc9c3b5f1333
2024-10-22 17:25:17 [INFO] Executing Pipeline: GenerateChatPipeline
2024-10-22 17:25:17 [INFO] Executing Step 0: ValidatePipelineInput
2024-10-22 17:25:17 [INFO] Executing Step 1: CacheLookup
2024-10-22 17:25:17 [INFO] Using cached response
2024-10-22 17:25:17 [INFO] Executing Step 2: PromptGeneration
2024-10-22 17:25:17 [INFO] Executing Step 2: Skipping...
2024-10-22 17:25:17 [INFO] Executing Step 3: CodeGenerator
2024-10-22 17:25:17 [INFO] Executing Step 3: Skipping...
2024-10-22 17:25:17 [INFO] Executing Step 4: CachePopulation
2024-10-22 17:25:17 [INFO] Executing Step 4: Skipping...
2024-10-22 17:25:17 [INFO] Executing Step 5: CodeCleaning
2024-10-22 17:25:17 [INFO] 
Code running:
```
white_games = 0
for df in dfs:
    white_games += len(df[df['player'] == 'Hikaru' & (df['role'] == 'white')])
result = {'type': 'number', 'value': white_games}
        ```
2024-10-22 17:25:17 [INFO] Executing Step 6: CodeExecution
2024-10-22 17:25:17 [ERROR] Unable to extract filters for passed code
2024-10-22 17:25:17 [ERROR] Failed with error: Traceback (most recent call last):
  File "/opt/anaconda3/envs/privateprojects/lib/python3.12/site-packages/pandas/core/ops/array_ops.py", line 305, in na_logical_op
    result = op(x, y)
             ^^^^^^^^
  File "/opt/anaconda3/envs/privateprojects/lib/python3.12/site-packages/pandas/core/roperator.py", line 54, in rand_
    return operator.and_(right, left)
           ^^^^^^^^^^^^^^^^^^^^^^^^^^
TypeError: ufunc 'bitwise_and' not supported for the input types, and the inputs could not be safely coerced to any supported types according to the casting rule ''safe''

During handling of the above exception, another exception occurred:

Traceback (most recent call last):
  File "/opt/anaconda3/envs/privateprojects/lib/python3.12/site-packages/pandas/core/ops/array_ops.py", line 319, in na_logical_op
    result = libops.scalar_binop(x, y, op)
             ^^^^^^^^^^^^^^^^^^^^^^^^^^^^^
  File "pandas/_libs/ops.pyx", line 180, in pandas._libs.ops.scalar_binop
ValueError: Buffer dtype mismatch, expected 'Python object' but got 'bool'

The above exception was the direct cause of the following exception:

Traceback (most recent call last):
  File "/opt/anaconda3/envs/privateprojects/lib/python3.12/site-packages/pandasai/pipelines/chat/code_execution.py", line 85, in execute
    result = self.execute_code(code_to_run, code_context)
             ^^^^^^^^^^^^^^^^^^^^^^^^^^^^^^^^^^^^^^^^^^^^
  File "/opt/anaconda3/envs/privateprojects/lib/python3.12/site-packages/pandasai/pipelines/chat/code_execution.py", line 171, in execute_code
    exec(code, environment)
  File "<string>", line 3, in <module>
  File "/opt/anaconda3/envs/privateprojects/lib/python3.12/site-packages/pandas/core/ops/common.py", line 72, in new_method
    return method(self, other)
           ^^^^^^^^^^^^^^^^^^^
  File "/opt/anaconda3/envs/privateprojects/lib/python3.12/site-packages/pandas/core/arraylike.py", line 76, in __rand__
    return self._logical_method(other, roperator.rand_)
           ^^^^^^^^^^^^^^^^^^^^^^^^^^^^^^^^^^^^^^^^^^^^
  File "/opt/anaconda3/envs/privateprojects/lib/python3.12/site-packages/pandas/core/series.py", line 6254, in _logical_method
    res_values = ops.logical_op(lvalues, rvalues, op)
                 ^^^^^^^^^^^^^^^^^^^^^^^^^^^^^^^^^^^^
  File "/opt/anaconda3/envs/privateprojects/lib/python3.12/site-packages/pandas/core/ops/array_ops.py", line 395, in logical_op
    res_values = na_logical_op(lvalues, rvalues, op)
                 ^^^^^^^^^^^^^^^^^^^^^^^^^^^^^^^^^^^
  File "/opt/anaconda3/envs/privateprojects/lib/python3.12/site-packages/pandas/core/ops/array_ops.py", line 328, in na_logical_op
    raise TypeError(
TypeError: Cannot perform 'rand_' with a dtyped [bool] array and scalar of type [bool]

2024-10-22 17:25:17 [WARNING] Failed to execute code retrying with a correction framework [retry number: 1]
2024-10-22 17:25:17 [INFO] Executing Pipeline: ErrorCorrectionPipeline
2024-10-22 17:25:17 [INFO] Executing Step 0: ErrorPromptGeneration
2024-10-22 17:25:17 [INFO] Using prompt: <dataframe>
dfs[0]:25088x10
game_id,date,time,player,role,opponent,player_result,winner,rated,time_class
194,2024-08-05,12:55:14,WK_WillianHille,white,KazakhFighter04,draw,snowlord,False,daily
11626,2024-01-11,17:03:40,Rolyyyyyyy,black,Jagerrmeisterr,loss,pianoskater,True,rapid
19831,2024-06-14,12:05:26,yobdc,black,Eagle_2019,win,jakopogi,False,bullet
</dataframe>


The user asked the following question:
### QUERY
 How many games did Hikaru play as white?

You generated this python code:
white_games = 0
for df in dfs:
    white_games += len(df[df['player'] == 'Hikaru' & (df['role'] == 'white')])
result = {'type': 'number', 'value': white_games}

It fails with the following error:
Traceback (most recent call last):
  File "/opt/anaconda3/envs/privateprojects/lib/python3.12/site-packages/pandas/core/ops/array_ops.py", line 305, in na_logical_op
    result = op(x, y)
             ^^^^^^^^
  File "/opt/anaconda3/envs/privateprojects/lib/python3.12/site-packages/pandas/core/roperator.py", line 54, in rand_
    return operator.and_(right, left)
           ^^^^^^^^^^^^^^^^^^^^^^^^^^
TypeError: ufunc 'bitwise_and' not supported for the input types, and the inputs could not be safely coerced to any supported types according to the casting rule ''safe''

During handling of the above exception, another exception occurred:

Traceback (most recent call last):
  File "/opt/anaconda3/envs/privateprojects/lib/python3.12/site-packages/pandas/core/ops/array_ops.py", line 319, in na_logical_op
    result = libops.scalar_binop(x, y, op)
             ^^^^^^^^^^^^^^^^^^^^^^^^^^^^^
  File "pandas/_libs/ops.pyx", line 180, in pandas._libs.ops.scalar_binop
ValueError: Buffer dtype mismatch, expected 'Python object' but got 'bool'

The above exception was the direct cause of the following exception:

Traceback (most recent call last):
  File "/opt/anaconda3/envs/privateprojects/lib/python3.12/site-packages/pandasai/pipelines/chat/code_execution.py", line 85, in execute
    result = self.execute_code(code_to_run, code_context)
             ^^^^^^^^^^^^^^^^^^^^^^^^^^^^^^^^^^^^^^^^^^^^
  File "/opt/anaconda3/envs/privateprojects/lib/python3.12/site-packages/pandasai/pipelines/chat/code_execution.py", line 171, in execute_code
    exec(code, environment)
  File "<string>", line 3, in <module>
  File "/opt/anaconda3/envs/privateprojects/lib/python3.12/site-packages/pandas/core/ops/common.py", line 72, in new_method
    return method(self, other)
           ^^^^^^^^^^^^^^^^^^^
  File "/opt/anaconda3/envs/privateprojects/lib/python3.12/site-packages/pandas/core/arraylike.py", line 76, in __rand__
    return self._logical_method(other, roperator.rand_)
           ^^^^^^^^^^^^^^^^^^^^^^^^^^^^^^^^^^^^^^^^^^^^
  File "/opt/anaconda3/envs/privateprojects/lib/python3.12/site-packages/pandas/core/series.py", line 6254, in _logical_method
    res_values = ops.logical_op(lvalues, rvalues, op)
                 ^^^^^^^^^^^^^^^^^^^^^^^^^^^^^^^^^^^^
  File "/opt/anaconda3/envs/privateprojects/lib/python3.12/site-packages/pandas/core/ops/array_ops.py", line 395, in logical_op
    res_values = na_logical_op(lvalues, rvalues, op)
                 ^^^^^^^^^^^^^^^^^^^^^^^^^^^^^^^^^^^
  File "/opt/anaconda3/envs/privateprojects/lib/python3.12/site-packages/pandas/core/ops/array_ops.py", line 328, in na_logical_op
    raise TypeError(
TypeError: Cannot perform 'rand_' with a dtyped [bool] array and scalar of type [bool]


Fix the python code above and return the new python code:
2024-10-22 17:25:17 [INFO] Executing Step 1: CodeGenerator
2024-10-22 17:25:17 [ERROR] Pipeline failed on step 1: [TypeError("'numpy.int64' object is not iterable"), TypeError('vars() argument must have __dict__ attribute')]
2024-10-22 17:25:17 [ERROR] Pipeline failed on step 6: [TypeError("'numpy.int64' object is not iterable"), TypeError('vars() argument must have __dict__ attribute')]
2024-10-22 17:26:13 [INFO] Question: How many games did Hikaru play as white?
2024-10-22 17:26:13 [INFO] Running PandasAI with <bound method CohereLLM.type of <__main__.CohereLLM object at 0x12b219be0>> LLM...
2024-10-22 17:26:13 [INFO] Prompt ID: bdfca15f-1ac5-427b-8240-062d44b4ff3b
2024-10-22 17:26:13 [INFO] Executing Pipeline: GenerateChatPipeline
2024-10-22 17:26:13 [INFO] Executing Step 0: ValidatePipelineInput
2024-10-22 17:26:13 [INFO] Executing Step 1: CacheLookup
2024-10-22 17:26:13 [INFO] Using cached response
2024-10-22 17:26:13 [INFO] Executing Step 2: PromptGeneration
2024-10-22 17:26:13 [INFO] Executing Step 2: Skipping...
2024-10-22 17:26:13 [INFO] Executing Step 3: CodeGenerator
2024-10-22 17:26:13 [INFO] Executing Step 3: Skipping...
2024-10-22 17:26:13 [INFO] Executing Step 4: CachePopulation
2024-10-22 17:26:13 [INFO] Executing Step 4: Skipping...
2024-10-22 17:26:13 [INFO] Executing Step 5: CodeCleaning
2024-10-22 17:26:13 [INFO] 
Code running:
```
white_games = 0
for df in dfs:
    white_games += len(df[df['player'] == 'Hikaru' & (df['role'] == 'white')])
result = {'type': 'number', 'value': white_games}
        ```
2024-10-22 17:26:13 [INFO] Executing Step 6: CodeExecution
2024-10-22 17:26:13 [ERROR] Unable to extract filters for passed code
2024-10-22 17:26:13 [ERROR] Failed with error: Traceback (most recent call last):
  File "/opt/anaconda3/envs/privateprojects/lib/python3.12/site-packages/pandas/core/ops/array_ops.py", line 305, in na_logical_op
    result = op(x, y)
             ^^^^^^^^
  File "/opt/anaconda3/envs/privateprojects/lib/python3.12/site-packages/pandas/core/roperator.py", line 54, in rand_
    return operator.and_(right, left)
           ^^^^^^^^^^^^^^^^^^^^^^^^^^
TypeError: ufunc 'bitwise_and' not supported for the input types, and the inputs could not be safely coerced to any supported types according to the casting rule ''safe''

During handling of the above exception, another exception occurred:

Traceback (most recent call last):
  File "/opt/anaconda3/envs/privateprojects/lib/python3.12/site-packages/pandas/core/ops/array_ops.py", line 319, in na_logical_op
    result = libops.scalar_binop(x, y, op)
             ^^^^^^^^^^^^^^^^^^^^^^^^^^^^^
  File "pandas/_libs/ops.pyx", line 180, in pandas._libs.ops.scalar_binop
ValueError: Buffer dtype mismatch, expected 'Python object' but got 'bool'

The above exception was the direct cause of the following exception:

Traceback (most recent call last):
  File "/opt/anaconda3/envs/privateprojects/lib/python3.12/site-packages/pandasai/pipelines/chat/code_execution.py", line 85, in execute
    result = self.execute_code(code_to_run, code_context)
             ^^^^^^^^^^^^^^^^^^^^^^^^^^^^^^^^^^^^^^^^^^^^
  File "/opt/anaconda3/envs/privateprojects/lib/python3.12/site-packages/pandasai/pipelines/chat/code_execution.py", line 171, in execute_code
    exec(code, environment)
  File "<string>", line 3, in <module>
  File "/opt/anaconda3/envs/privateprojects/lib/python3.12/site-packages/pandas/core/ops/common.py", line 72, in new_method
    return method(self, other)
           ^^^^^^^^^^^^^^^^^^^
  File "/opt/anaconda3/envs/privateprojects/lib/python3.12/site-packages/pandas/core/arraylike.py", line 76, in __rand__
    return self._logical_method(other, roperator.rand_)
           ^^^^^^^^^^^^^^^^^^^^^^^^^^^^^^^^^^^^^^^^^^^^
  File "/opt/anaconda3/envs/privateprojects/lib/python3.12/site-packages/pandas/core/series.py", line 6254, in _logical_method
    res_values = ops.logical_op(lvalues, rvalues, op)
                 ^^^^^^^^^^^^^^^^^^^^^^^^^^^^^^^^^^^^
  File "/opt/anaconda3/envs/privateprojects/lib/python3.12/site-packages/pandas/core/ops/array_ops.py", line 395, in logical_op
    res_values = na_logical_op(lvalues, rvalues, op)
                 ^^^^^^^^^^^^^^^^^^^^^^^^^^^^^^^^^^^
  File "/opt/anaconda3/envs/privateprojects/lib/python3.12/site-packages/pandas/core/ops/array_ops.py", line 328, in na_logical_op
    raise TypeError(
TypeError: Cannot perform 'rand_' with a dtyped [bool] array and scalar of type [bool]

2024-10-22 17:26:13 [WARNING] Failed to execute code retrying with a correction framework [retry number: 1]
2024-10-22 17:26:13 [INFO] Executing Pipeline: ErrorCorrectionPipeline
2024-10-22 17:26:13 [INFO] Executing Step 0: ErrorPromptGeneration
2024-10-22 17:26:13 [INFO] Using prompt: <dataframe>
dfs[0]:25088x10
game_id,date,time,player,role,opponent,player_result,winner,rated,time_class
20559,2024-09-22,23:14:42,GadimbayliA,black,German_Bazeev,loss,GMHess,True,bullet
2067,2024-04-26,20:16:38,jumpingknight20,white,korbul,draw,Seppppppy,False,daily
24877,2024-02-03,18:29:09,grandmastergauri,white,NexoKnight11,win,eljanov,True,rapid
</dataframe>


The user asked the following question:
### QUERY
 How many games did Hikaru play as white?

You generated this python code:
white_games = 0
for df in dfs:
    white_games += len(df[df['player'] == 'Hikaru' & (df['role'] == 'white')])
result = {'type': 'number', 'value': white_games}

It fails with the following error:
Traceback (most recent call last):
  File "/opt/anaconda3/envs/privateprojects/lib/python3.12/site-packages/pandas/core/ops/array_ops.py", line 305, in na_logical_op
    result = op(x, y)
             ^^^^^^^^
  File "/opt/anaconda3/envs/privateprojects/lib/python3.12/site-packages/pandas/core/roperator.py", line 54, in rand_
    return operator.and_(right, left)
           ^^^^^^^^^^^^^^^^^^^^^^^^^^
TypeError: ufunc 'bitwise_and' not supported for the input types, and the inputs could not be safely coerced to any supported types according to the casting rule ''safe''

During handling of the above exception, another exception occurred:

Traceback (most recent call last):
  File "/opt/anaconda3/envs/privateprojects/lib/python3.12/site-packages/pandas/core/ops/array_ops.py", line 319, in na_logical_op
    result = libops.scalar_binop(x, y, op)
             ^^^^^^^^^^^^^^^^^^^^^^^^^^^^^
  File "pandas/_libs/ops.pyx", line 180, in pandas._libs.ops.scalar_binop
ValueError: Buffer dtype mismatch, expected 'Python object' but got 'bool'

The above exception was the direct cause of the following exception:

Traceback (most recent call last):
  File "/opt/anaconda3/envs/privateprojects/lib/python3.12/site-packages/pandasai/pipelines/chat/code_execution.py", line 85, in execute
    result = self.execute_code(code_to_run, code_context)
             ^^^^^^^^^^^^^^^^^^^^^^^^^^^^^^^^^^^^^^^^^^^^
  File "/opt/anaconda3/envs/privateprojects/lib/python3.12/site-packages/pandasai/pipelines/chat/code_execution.py", line 171, in execute_code
    exec(code, environment)
  File "<string>", line 3, in <module>
  File "/opt/anaconda3/envs/privateprojects/lib/python3.12/site-packages/pandas/core/ops/common.py", line 72, in new_method
    return method(self, other)
           ^^^^^^^^^^^^^^^^^^^
  File "/opt/anaconda3/envs/privateprojects/lib/python3.12/site-packages/pandas/core/arraylike.py", line 76, in __rand__
    return self._logical_method(other, roperator.rand_)
           ^^^^^^^^^^^^^^^^^^^^^^^^^^^^^^^^^^^^^^^^^^^^
  File "/opt/anaconda3/envs/privateprojects/lib/python3.12/site-packages/pandas/core/series.py", line 6254, in _logical_method
    res_values = ops.logical_op(lvalues, rvalues, op)
                 ^^^^^^^^^^^^^^^^^^^^^^^^^^^^^^^^^^^^
  File "/opt/anaconda3/envs/privateprojects/lib/python3.12/site-packages/pandas/core/ops/array_ops.py", line 395, in logical_op
    res_values = na_logical_op(lvalues, rvalues, op)
                 ^^^^^^^^^^^^^^^^^^^^^^^^^^^^^^^^^^^
  File "/opt/anaconda3/envs/privateprojects/lib/python3.12/site-packages/pandas/core/ops/array_ops.py", line 328, in na_logical_op
    raise TypeError(
TypeError: Cannot perform 'rand_' with a dtyped [bool] array and scalar of type [bool]


Fix the python code above and return the new python code:
2024-10-22 17:26:13 [INFO] Executing Step 1: CodeGenerator
2024-10-22 17:26:13 [ERROR] Pipeline failed on step 1: [TypeError("'numpy.int64' object is not iterable"), TypeError('vars() argument must have __dict__ attribute')]
2024-10-22 17:26:13 [ERROR] Pipeline failed on step 6: [TypeError("'numpy.int64' object is not iterable"), TypeError('vars() argument must have __dict__ attribute')]
2024-10-22 17:28:33 [INFO] Question: How many games did Hikaru play as white?
2024-10-22 17:28:33 [INFO] Running PandasAI with <bound method CohereLLM.type of <__main__.CohereLLM object at 0x100f3d580>> LLM...
2024-10-22 17:28:33 [INFO] Prompt ID: 1ad20433-45b4-40b6-947a-0dba647716c7
2024-10-22 17:28:33 [INFO] Executing Pipeline: GenerateChatPipeline
2024-10-22 17:28:33 [INFO] Executing Step 0: ValidatePipelineInput
2024-10-22 17:28:33 [INFO] Executing Step 1: CacheLookup
2024-10-22 17:28:33 [INFO] Using cached response
2024-10-22 17:28:33 [INFO] Executing Step 2: PromptGeneration
2024-10-22 17:28:33 [INFO] Executing Step 2: Skipping...
2024-10-22 17:28:33 [INFO] Executing Step 3: CodeGenerator
2024-10-22 17:28:33 [INFO] Executing Step 3: Skipping...
2024-10-22 17:28:33 [INFO] Executing Step 4: CachePopulation
2024-10-22 17:28:33 [INFO] Executing Step 4: Skipping...
2024-10-22 17:28:33 [INFO] Executing Step 5: CodeCleaning
2024-10-22 17:28:33 [INFO] 
Code running:
```
white_games = 0
for df in dfs:
    white_games += len(df[df['player'] == 'Hikaru' & (df['role'] == 'white')])
result = {'type': 'number', 'value': white_games}
        ```
2024-10-22 17:28:33 [INFO] Executing Step 6: CodeExecution
2024-10-22 17:28:33 [ERROR] Unable to extract filters for passed code
2024-10-22 17:28:33 [ERROR] Failed with error: Traceback (most recent call last):
  File "/opt/anaconda3/envs/privateprojects/lib/python3.12/site-packages/pandas/core/ops/array_ops.py", line 305, in na_logical_op
    result = op(x, y)
             ^^^^^^^^
  File "/opt/anaconda3/envs/privateprojects/lib/python3.12/site-packages/pandas/core/roperator.py", line 54, in rand_
    return operator.and_(right, left)
           ^^^^^^^^^^^^^^^^^^^^^^^^^^
TypeError: ufunc 'bitwise_and' not supported for the input types, and the inputs could not be safely coerced to any supported types according to the casting rule ''safe''

During handling of the above exception, another exception occurred:

Traceback (most recent call last):
  File "/opt/anaconda3/envs/privateprojects/lib/python3.12/site-packages/pandas/core/ops/array_ops.py", line 319, in na_logical_op
    result = libops.scalar_binop(x, y, op)
             ^^^^^^^^^^^^^^^^^^^^^^^^^^^^^
  File "pandas/_libs/ops.pyx", line 180, in pandas._libs.ops.scalar_binop
ValueError: Buffer dtype mismatch, expected 'Python object' but got 'bool'

The above exception was the direct cause of the following exception:

Traceback (most recent call last):
  File "/opt/anaconda3/envs/privateprojects/lib/python3.12/site-packages/pandasai/pipelines/chat/code_execution.py", line 85, in execute
    result = self.execute_code(code_to_run, code_context)
             ^^^^^^^^^^^^^^^^^^^^^^^^^^^^^^^^^^^^^^^^^^^^
  File "/opt/anaconda3/envs/privateprojects/lib/python3.12/site-packages/pandasai/pipelines/chat/code_execution.py", line 171, in execute_code
    exec(code, environment)
  File "<string>", line 3, in <module>
  File "/opt/anaconda3/envs/privateprojects/lib/python3.12/site-packages/pandas/core/ops/common.py", line 72, in new_method
    return method(self, other)
           ^^^^^^^^^^^^^^^^^^^
  File "/opt/anaconda3/envs/privateprojects/lib/python3.12/site-packages/pandas/core/arraylike.py", line 76, in __rand__
    return self._logical_method(other, roperator.rand_)
           ^^^^^^^^^^^^^^^^^^^^^^^^^^^^^^^^^^^^^^^^^^^^
  File "/opt/anaconda3/envs/privateprojects/lib/python3.12/site-packages/pandas/core/series.py", line 6254, in _logical_method
    res_values = ops.logical_op(lvalues, rvalues, op)
                 ^^^^^^^^^^^^^^^^^^^^^^^^^^^^^^^^^^^^
  File "/opt/anaconda3/envs/privateprojects/lib/python3.12/site-packages/pandas/core/ops/array_ops.py", line 395, in logical_op
    res_values = na_logical_op(lvalues, rvalues, op)
                 ^^^^^^^^^^^^^^^^^^^^^^^^^^^^^^^^^^^
  File "/opt/anaconda3/envs/privateprojects/lib/python3.12/site-packages/pandas/core/ops/array_ops.py", line 328, in na_logical_op
    raise TypeError(
TypeError: Cannot perform 'rand_' with a dtyped [bool] array and scalar of type [bool]

2024-10-22 17:28:33 [WARNING] Failed to execute code retrying with a correction framework [retry number: 1]
2024-10-22 17:28:33 [INFO] Executing Pipeline: ErrorCorrectionPipeline
2024-10-22 17:28:33 [INFO] Executing Step 0: ErrorPromptGeneration
2024-10-22 17:28:33 [INFO] Using prompt: <dataframe>
dfs[0]:25088x10
game_id,date,time,player,role,opponent,player_result,winner,rated,time_class
17068,2024-04-08,22:57:10,GMSrinath,black,Lowell_ll,loss,DrKerfuffle,False,blitz
20951,2024-08-30,15:01:01,CelestialHourglass,white,yesilikeorangejuice,draw,Salem-AR,True,bullet
8353,2024-05-02,17:17:40,BasilSmash,black,GMAkobianSTL,win,Nemegejas,True,daily
</dataframe>


The user asked the following question:
### QUERY
 How many games did Hikaru play as white?

You generated this python code:
white_games = 0
for df in dfs:
    white_games += len(df[df['player'] == 'Hikaru' & (df['role'] == 'white')])
result = {'type': 'number', 'value': white_games}

It fails with the following error:
Traceback (most recent call last):
  File "/opt/anaconda3/envs/privateprojects/lib/python3.12/site-packages/pandas/core/ops/array_ops.py", line 305, in na_logical_op
    result = op(x, y)
             ^^^^^^^^
  File "/opt/anaconda3/envs/privateprojects/lib/python3.12/site-packages/pandas/core/roperator.py", line 54, in rand_
    return operator.and_(right, left)
           ^^^^^^^^^^^^^^^^^^^^^^^^^^
TypeError: ufunc 'bitwise_and' not supported for the input types, and the inputs could not be safely coerced to any supported types according to the casting rule ''safe''

During handling of the above exception, another exception occurred:

Traceback (most recent call last):
  File "/opt/anaconda3/envs/privateprojects/lib/python3.12/site-packages/pandas/core/ops/array_ops.py", line 319, in na_logical_op
    result = libops.scalar_binop(x, y, op)
             ^^^^^^^^^^^^^^^^^^^^^^^^^^^^^
  File "pandas/_libs/ops.pyx", line 180, in pandas._libs.ops.scalar_binop
ValueError: Buffer dtype mismatch, expected 'Python object' but got 'bool'

The above exception was the direct cause of the following exception:

Traceback (most recent call last):
  File "/opt/anaconda3/envs/privateprojects/lib/python3.12/site-packages/pandasai/pipelines/chat/code_execution.py", line 85, in execute
    result = self.execute_code(code_to_run, code_context)
             ^^^^^^^^^^^^^^^^^^^^^^^^^^^^^^^^^^^^^^^^^^^^
  File "/opt/anaconda3/envs/privateprojects/lib/python3.12/site-packages/pandasai/pipelines/chat/code_execution.py", line 171, in execute_code
    exec(code, environment)
  File "<string>", line 3, in <module>
  File "/opt/anaconda3/envs/privateprojects/lib/python3.12/site-packages/pandas/core/ops/common.py", line 72, in new_method
    return method(self, other)
           ^^^^^^^^^^^^^^^^^^^
  File "/opt/anaconda3/envs/privateprojects/lib/python3.12/site-packages/pandas/core/arraylike.py", line 76, in __rand__
    return self._logical_method(other, roperator.rand_)
           ^^^^^^^^^^^^^^^^^^^^^^^^^^^^^^^^^^^^^^^^^^^^
  File "/opt/anaconda3/envs/privateprojects/lib/python3.12/site-packages/pandas/core/series.py", line 6254, in _logical_method
    res_values = ops.logical_op(lvalues, rvalues, op)
                 ^^^^^^^^^^^^^^^^^^^^^^^^^^^^^^^^^^^^
  File "/opt/anaconda3/envs/privateprojects/lib/python3.12/site-packages/pandas/core/ops/array_ops.py", line 395, in logical_op
    res_values = na_logical_op(lvalues, rvalues, op)
                 ^^^^^^^^^^^^^^^^^^^^^^^^^^^^^^^^^^^
  File "/opt/anaconda3/envs/privateprojects/lib/python3.12/site-packages/pandas/core/ops/array_ops.py", line 328, in na_logical_op
    raise TypeError(
TypeError: Cannot perform 'rand_' with a dtyped [bool] array and scalar of type [bool]


Fix the python code above and return the new python code:
2024-10-22 17:28:33 [INFO] Executing Step 1: CodeGenerator
2024-10-22 17:28:33 [ERROR] Pipeline failed on step 1: 'PipelineContext' object has no attribute 'items'
2024-10-22 17:28:33 [ERROR] Pipeline failed on step 6: 'PipelineContext' object has no attribute 'items'
2024-10-22 17:29:06 [INFO] Question: How many games did Hikaru play as white?
2024-10-22 17:29:07 [INFO] Running PandasAI with <bound method CohereLLM.type of <__main__.CohereLLM object at 0x11c1a1850>> LLM...
2024-10-22 17:29:07 [INFO] Prompt ID: dad0adec-9676-4754-b263-f49cf3554970
2024-10-22 17:29:07 [INFO] Executing Pipeline: GenerateChatPipeline
2024-10-22 17:29:07 [INFO] Executing Step 0: ValidatePipelineInput
2024-10-22 17:29:07 [INFO] Executing Step 1: CacheLookup
2024-10-22 17:29:07 [INFO] Using cached response
2024-10-22 17:29:07 [INFO] Executing Step 2: PromptGeneration
2024-10-22 17:29:07 [INFO] Executing Step 2: Skipping...
2024-10-22 17:29:07 [INFO] Executing Step 3: CodeGenerator
2024-10-22 17:29:07 [INFO] Executing Step 3: Skipping...
2024-10-22 17:29:07 [INFO] Executing Step 4: CachePopulation
2024-10-22 17:29:07 [INFO] Executing Step 4: Skipping...
2024-10-22 17:29:07 [INFO] Executing Step 5: CodeCleaning
2024-10-22 17:29:07 [INFO] 
Code running:
```
white_games = 0
for df in dfs:
    white_games += len(df[df['player'] == 'Hikaru' & (df['role'] == 'white')])
result = {'type': 'number', 'value': white_games}
        ```
2024-10-22 17:29:07 [INFO] Executing Step 6: CodeExecution
2024-10-22 17:29:07 [ERROR] Unable to extract filters for passed code
2024-10-22 17:29:07 [ERROR] Failed with error: Traceback (most recent call last):
  File "/opt/anaconda3/envs/privateprojects/lib/python3.12/site-packages/pandas/core/ops/array_ops.py", line 305, in na_logical_op
    result = op(x, y)
             ^^^^^^^^
  File "/opt/anaconda3/envs/privateprojects/lib/python3.12/site-packages/pandas/core/roperator.py", line 54, in rand_
    return operator.and_(right, left)
           ^^^^^^^^^^^^^^^^^^^^^^^^^^
TypeError: ufunc 'bitwise_and' not supported for the input types, and the inputs could not be safely coerced to any supported types according to the casting rule ''safe''

During handling of the above exception, another exception occurred:

Traceback (most recent call last):
  File "/opt/anaconda3/envs/privateprojects/lib/python3.12/site-packages/pandas/core/ops/array_ops.py", line 319, in na_logical_op
    result = libops.scalar_binop(x, y, op)
             ^^^^^^^^^^^^^^^^^^^^^^^^^^^^^
  File "pandas/_libs/ops.pyx", line 180, in pandas._libs.ops.scalar_binop
ValueError: Buffer dtype mismatch, expected 'Python object' but got 'bool'

The above exception was the direct cause of the following exception:

Traceback (most recent call last):
  File "/opt/anaconda3/envs/privateprojects/lib/python3.12/site-packages/pandasai/pipelines/chat/code_execution.py", line 85, in execute
    result = self.execute_code(code_to_run, code_context)
             ^^^^^^^^^^^^^^^^^^^^^^^^^^^^^^^^^^^^^^^^^^^^
  File "/opt/anaconda3/envs/privateprojects/lib/python3.12/site-packages/pandasai/pipelines/chat/code_execution.py", line 171, in execute_code
    exec(code, environment)
  File "<string>", line 3, in <module>
  File "/opt/anaconda3/envs/privateprojects/lib/python3.12/site-packages/pandas/core/ops/common.py", line 72, in new_method
    return method(self, other)
           ^^^^^^^^^^^^^^^^^^^
  File "/opt/anaconda3/envs/privateprojects/lib/python3.12/site-packages/pandas/core/arraylike.py", line 76, in __rand__
    return self._logical_method(other, roperator.rand_)
           ^^^^^^^^^^^^^^^^^^^^^^^^^^^^^^^^^^^^^^^^^^^^
  File "/opt/anaconda3/envs/privateprojects/lib/python3.12/site-packages/pandas/core/series.py", line 6254, in _logical_method
    res_values = ops.logical_op(lvalues, rvalues, op)
                 ^^^^^^^^^^^^^^^^^^^^^^^^^^^^^^^^^^^^
  File "/opt/anaconda3/envs/privateprojects/lib/python3.12/site-packages/pandas/core/ops/array_ops.py", line 395, in logical_op
    res_values = na_logical_op(lvalues, rvalues, op)
                 ^^^^^^^^^^^^^^^^^^^^^^^^^^^^^^^^^^^
  File "/opt/anaconda3/envs/privateprojects/lib/python3.12/site-packages/pandas/core/ops/array_ops.py", line 328, in na_logical_op
    raise TypeError(
TypeError: Cannot perform 'rand_' with a dtyped [bool] array and scalar of type [bool]

2024-10-22 17:29:07 [WARNING] Failed to execute code retrying with a correction framework [retry number: 1]
2024-10-22 17:29:07 [INFO] Executing Pipeline: ErrorCorrectionPipeline
2024-10-22 17:29:07 [INFO] Executing Step 0: ErrorPromptGeneration
2024-10-22 17:29:07 [INFO] Using prompt: <dataframe>
dfs[0]:25088x10
game_id,date,time,player,role,opponent,player_result,winner,rated,time_class
14374,2024-01-16,19:56:44,arminmusovic,black,zsizsi99,win,Nuvas,False,daily
24282,2024-09-15,18:11:23,active-mode,white,Saxar85,loss,x-0016176857,True,rapid
947,2024-05-08,18:44:24,MikhailPanin,black,IKKPHD,draw,ulises2013,False,blitz
</dataframe>


The user asked the following question:
### QUERY
 How many games did Hikaru play as white?

You generated this python code:
white_games = 0
for df in dfs:
    white_games += len(df[df['player'] == 'Hikaru' & (df['role'] == 'white')])
result = {'type': 'number', 'value': white_games}

It fails with the following error:
Traceback (most recent call last):
  File "/opt/anaconda3/envs/privateprojects/lib/python3.12/site-packages/pandas/core/ops/array_ops.py", line 305, in na_logical_op
    result = op(x, y)
             ^^^^^^^^
  File "/opt/anaconda3/envs/privateprojects/lib/python3.12/site-packages/pandas/core/roperator.py", line 54, in rand_
    return operator.and_(right, left)
           ^^^^^^^^^^^^^^^^^^^^^^^^^^
TypeError: ufunc 'bitwise_and' not supported for the input types, and the inputs could not be safely coerced to any supported types according to the casting rule ''safe''

During handling of the above exception, another exception occurred:

Traceback (most recent call last):
  File "/opt/anaconda3/envs/privateprojects/lib/python3.12/site-packages/pandas/core/ops/array_ops.py", line 319, in na_logical_op
    result = libops.scalar_binop(x, y, op)
             ^^^^^^^^^^^^^^^^^^^^^^^^^^^^^
  File "pandas/_libs/ops.pyx", line 180, in pandas._libs.ops.scalar_binop
ValueError: Buffer dtype mismatch, expected 'Python object' but got 'bool'

The above exception was the direct cause of the following exception:

Traceback (most recent call last):
  File "/opt/anaconda3/envs/privateprojects/lib/python3.12/site-packages/pandasai/pipelines/chat/code_execution.py", line 85, in execute
    result = self.execute_code(code_to_run, code_context)
             ^^^^^^^^^^^^^^^^^^^^^^^^^^^^^^^^^^^^^^^^^^^^
  File "/opt/anaconda3/envs/privateprojects/lib/python3.12/site-packages/pandasai/pipelines/chat/code_execution.py", line 171, in execute_code
    exec(code, environment)
  File "<string>", line 3, in <module>
  File "/opt/anaconda3/envs/privateprojects/lib/python3.12/site-packages/pandas/core/ops/common.py", line 72, in new_method
    return method(self, other)
           ^^^^^^^^^^^^^^^^^^^
  File "/opt/anaconda3/envs/privateprojects/lib/python3.12/site-packages/pandas/core/arraylike.py", line 76, in __rand__
    return self._logical_method(other, roperator.rand_)
           ^^^^^^^^^^^^^^^^^^^^^^^^^^^^^^^^^^^^^^^^^^^^
  File "/opt/anaconda3/envs/privateprojects/lib/python3.12/site-packages/pandas/core/series.py", line 6254, in _logical_method
    res_values = ops.logical_op(lvalues, rvalues, op)
                 ^^^^^^^^^^^^^^^^^^^^^^^^^^^^^^^^^^^^
  File "/opt/anaconda3/envs/privateprojects/lib/python3.12/site-packages/pandas/core/ops/array_ops.py", line 395, in logical_op
    res_values = na_logical_op(lvalues, rvalues, op)
                 ^^^^^^^^^^^^^^^^^^^^^^^^^^^^^^^^^^^
  File "/opt/anaconda3/envs/privateprojects/lib/python3.12/site-packages/pandas/core/ops/array_ops.py", line 328, in na_logical_op
    raise TypeError(
TypeError: Cannot perform 'rand_' with a dtyped [bool] array and scalar of type [bool]


Fix the python code above and return the new python code:
2024-10-22 17:29:07 [INFO] Executing Step 1: CodeGenerator
2024-10-22 17:29:07 [ERROR] Pipeline failed on step 1: maximum recursion depth exceeded
2024-10-22 17:29:07 [ERROR] Pipeline failed on step 6: maximum recursion depth exceeded
2024-10-22 17:30:51 [INFO] Question: How many games did Hikaru play as white?
2024-10-22 17:30:51 [INFO] Running PandasAI with <bound method CohereLLM.type of <__main__.CohereLLM object at 0x1263fbf20>> LLM...
2024-10-22 17:30:51 [INFO] Prompt ID: 02902cae-e2cb-4f73-a644-f54529fd3177
2024-10-22 17:30:51 [INFO] Executing Pipeline: GenerateChatPipeline
2024-10-22 17:30:51 [INFO] Executing Step 0: ValidatePipelineInput
2024-10-22 17:30:51 [INFO] Executing Step 1: CacheLookup
2024-10-22 17:30:51 [INFO] Using cached response
2024-10-22 17:30:51 [INFO] Executing Step 2: PromptGeneration
2024-10-22 17:30:51 [INFO] Executing Step 2: Skipping...
2024-10-22 17:30:51 [INFO] Executing Step 3: CodeGenerator
2024-10-22 17:30:51 [INFO] Executing Step 3: Skipping...
2024-10-22 17:30:51 [INFO] Executing Step 4: CachePopulation
2024-10-22 17:30:51 [INFO] Executing Step 4: Skipping...
2024-10-22 17:30:51 [INFO] Executing Step 5: CodeCleaning
2024-10-22 17:30:51 [INFO] 
Code running:
```
white_games = 0
for df in dfs:
    white_games += len(df[df['player'] == 'Hikaru' & (df['role'] == 'white')])
result = {'type': 'number', 'value': white_games}
        ```
2024-10-22 17:30:51 [INFO] Executing Step 6: CodeExecution
2024-10-22 17:30:51 [ERROR] Unable to extract filters for passed code
2024-10-22 17:30:51 [ERROR] Failed with error: Traceback (most recent call last):
  File "/opt/anaconda3/envs/privateprojects/lib/python3.12/site-packages/pandas/core/ops/array_ops.py", line 305, in na_logical_op
    result = op(x, y)
             ^^^^^^^^
  File "/opt/anaconda3/envs/privateprojects/lib/python3.12/site-packages/pandas/core/roperator.py", line 54, in rand_
    return operator.and_(right, left)
           ^^^^^^^^^^^^^^^^^^^^^^^^^^
TypeError: ufunc 'bitwise_and' not supported for the input types, and the inputs could not be safely coerced to any supported types according to the casting rule ''safe''

During handling of the above exception, another exception occurred:

Traceback (most recent call last):
  File "/opt/anaconda3/envs/privateprojects/lib/python3.12/site-packages/pandas/core/ops/array_ops.py", line 319, in na_logical_op
    result = libops.scalar_binop(x, y, op)
             ^^^^^^^^^^^^^^^^^^^^^^^^^^^^^
  File "pandas/_libs/ops.pyx", line 180, in pandas._libs.ops.scalar_binop
ValueError: Buffer dtype mismatch, expected 'Python object' but got 'bool'

The above exception was the direct cause of the following exception:

Traceback (most recent call last):
  File "/opt/anaconda3/envs/privateprojects/lib/python3.12/site-packages/pandasai/pipelines/chat/code_execution.py", line 85, in execute
    result = self.execute_code(code_to_run, code_context)
             ^^^^^^^^^^^^^^^^^^^^^^^^^^^^^^^^^^^^^^^^^^^^
  File "/opt/anaconda3/envs/privateprojects/lib/python3.12/site-packages/pandasai/pipelines/chat/code_execution.py", line 171, in execute_code
    exec(code, environment)
  File "<string>", line 3, in <module>
  File "/opt/anaconda3/envs/privateprojects/lib/python3.12/site-packages/pandas/core/ops/common.py", line 72, in new_method
    return method(self, other)
           ^^^^^^^^^^^^^^^^^^^
  File "/opt/anaconda3/envs/privateprojects/lib/python3.12/site-packages/pandas/core/arraylike.py", line 76, in __rand__
    return self._logical_method(other, roperator.rand_)
           ^^^^^^^^^^^^^^^^^^^^^^^^^^^^^^^^^^^^^^^^^^^^
  File "/opt/anaconda3/envs/privateprojects/lib/python3.12/site-packages/pandas/core/series.py", line 6254, in _logical_method
    res_values = ops.logical_op(lvalues, rvalues, op)
                 ^^^^^^^^^^^^^^^^^^^^^^^^^^^^^^^^^^^^
  File "/opt/anaconda3/envs/privateprojects/lib/python3.12/site-packages/pandas/core/ops/array_ops.py", line 395, in logical_op
    res_values = na_logical_op(lvalues, rvalues, op)
                 ^^^^^^^^^^^^^^^^^^^^^^^^^^^^^^^^^^^
  File "/opt/anaconda3/envs/privateprojects/lib/python3.12/site-packages/pandas/core/ops/array_ops.py", line 328, in na_logical_op
    raise TypeError(
TypeError: Cannot perform 'rand_' with a dtyped [bool] array and scalar of type [bool]

2024-10-22 17:30:51 [WARNING] Failed to execute code retrying with a correction framework [retry number: 1]
2024-10-22 17:30:51 [INFO] Executing Pipeline: ErrorCorrectionPipeline
2024-10-22 17:30:51 [INFO] Executing Step 0: ErrorPromptGeneration
2024-10-22 17:30:51 [INFO] Using prompt: <dataframe>
dfs[0]:25088x10
game_id,date,time,player,role,opponent,player_result,winner,rated,time_class
14825,2024-10-09,00:07:00,GMWSO,white,bardiya_Daneshvar,draw,Grammnik,True,daily
24676,2024-01-15,22:51:20,RedFirePanda,black,Vesper2018,win,frederiksvane,False,rapid
7474,2024-01-08,19:09:42,MomchilPetkov,white,ChessWarrior3,loss,ELECTRODYNAMIC_DRACULA,False,blitz
</dataframe>


The user asked the following question:
### QUERY
 How many games did Hikaru play as white?

You generated this python code:
white_games = 0
for df in dfs:
    white_games += len(df[df['player'] == 'Hikaru' & (df['role'] == 'white')])
result = {'type': 'number', 'value': white_games}

It fails with the following error:
Traceback (most recent call last):
  File "/opt/anaconda3/envs/privateprojects/lib/python3.12/site-packages/pandas/core/ops/array_ops.py", line 305, in na_logical_op
    result = op(x, y)
             ^^^^^^^^
  File "/opt/anaconda3/envs/privateprojects/lib/python3.12/site-packages/pandas/core/roperator.py", line 54, in rand_
    return operator.and_(right, left)
           ^^^^^^^^^^^^^^^^^^^^^^^^^^
TypeError: ufunc 'bitwise_and' not supported for the input types, and the inputs could not be safely coerced to any supported types according to the casting rule ''safe''

During handling of the above exception, another exception occurred:

Traceback (most recent call last):
  File "/opt/anaconda3/envs/privateprojects/lib/python3.12/site-packages/pandas/core/ops/array_ops.py", line 319, in na_logical_op
    result = libops.scalar_binop(x, y, op)
             ^^^^^^^^^^^^^^^^^^^^^^^^^^^^^
  File "pandas/_libs/ops.pyx", line 180, in pandas._libs.ops.scalar_binop
ValueError: Buffer dtype mismatch, expected 'Python object' but got 'bool'

The above exception was the direct cause of the following exception:

Traceback (most recent call last):
  File "/opt/anaconda3/envs/privateprojects/lib/python3.12/site-packages/pandasai/pipelines/chat/code_execution.py", line 85, in execute
    result = self.execute_code(code_to_run, code_context)
             ^^^^^^^^^^^^^^^^^^^^^^^^^^^^^^^^^^^^^^^^^^^^
  File "/opt/anaconda3/envs/privateprojects/lib/python3.12/site-packages/pandasai/pipelines/chat/code_execution.py", line 171, in execute_code
    exec(code, environment)
  File "<string>", line 3, in <module>
  File "/opt/anaconda3/envs/privateprojects/lib/python3.12/site-packages/pandas/core/ops/common.py", line 72, in new_method
    return method(self, other)
           ^^^^^^^^^^^^^^^^^^^
  File "/opt/anaconda3/envs/privateprojects/lib/python3.12/site-packages/pandas/core/arraylike.py", line 76, in __rand__
    return self._logical_method(other, roperator.rand_)
           ^^^^^^^^^^^^^^^^^^^^^^^^^^^^^^^^^^^^^^^^^^^^
  File "/opt/anaconda3/envs/privateprojects/lib/python3.12/site-packages/pandas/core/series.py", line 6254, in _logical_method
    res_values = ops.logical_op(lvalues, rvalues, op)
                 ^^^^^^^^^^^^^^^^^^^^^^^^^^^^^^^^^^^^
  File "/opt/anaconda3/envs/privateprojects/lib/python3.12/site-packages/pandas/core/ops/array_ops.py", line 395, in logical_op
    res_values = na_logical_op(lvalues, rvalues, op)
                 ^^^^^^^^^^^^^^^^^^^^^^^^^^^^^^^^^^^
  File "/opt/anaconda3/envs/privateprojects/lib/python3.12/site-packages/pandas/core/ops/array_ops.py", line 328, in na_logical_op
    raise TypeError(
TypeError: Cannot perform 'rand_' with a dtyped [bool] array and scalar of type [bool]


Fix the python code above and return the new python code:
2024-10-22 17:30:51 [INFO] Executing Step 1: CodeGenerator
2024-10-22 17:30:52 [ERROR] Pipeline failed on step 1: [TypeError("'builtin_function_or_method' object is not iterable"), TypeError('vars() argument must have __dict__ attribute')]
2024-10-22 17:30:52 [ERROR] Pipeline failed on step 6: [TypeError("'builtin_function_or_method' object is not iterable"), TypeError('vars() argument must have __dict__ attribute')]
2024-10-22 17:39:04 [INFO] Question: How many games did Hikaru play as white?
2024-10-22 17:39:04 [INFO] Running PandasAI with openai LLM...
2024-10-22 17:39:04 [INFO] Prompt ID: 5c45ea89-31ce-402f-90bb-ebf96fd4880a
2024-10-22 17:39:04 [INFO] Executing Pipeline: GenerateChatPipeline
2024-10-22 17:39:04 [INFO] Executing Step 0: ValidatePipelineInput
2024-10-22 17:39:04 [INFO] Executing Step 1: CacheLookup
2024-10-22 17:39:04 [INFO] Using cached response
2024-10-22 17:39:04 [INFO] Executing Step 2: PromptGeneration
2024-10-22 17:39:04 [INFO] Executing Step 2: Skipping...
2024-10-22 17:39:04 [INFO] Executing Step 3: CodeGenerator
2024-10-22 17:39:04 [INFO] Executing Step 3: Skipping...
2024-10-22 17:39:04 [INFO] Executing Step 4: CachePopulation
2024-10-22 17:39:04 [INFO] Executing Step 4: Skipping...
2024-10-22 17:39:04 [INFO] Executing Step 5: CodeCleaning
2024-10-22 17:39:04 [INFO] 
Code running:
```
white_games = 0
for df in dfs:
    white_games += len(df[df['player'] == 'Hikaru' & (df['role'] == 'white')])
result = {'type': 'number', 'value': white_games}
        ```
2024-10-22 17:39:04 [INFO] Executing Step 6: CodeExecution
2024-10-22 17:39:04 [ERROR] Unable to extract filters for passed code
2024-10-22 17:39:04 [ERROR] Failed with error: Traceback (most recent call last):
  File "/opt/anaconda3/envs/privateprojects/lib/python3.12/site-packages/pandas/core/ops/array_ops.py", line 305, in na_logical_op
    result = op(x, y)
             ^^^^^^^^
  File "/opt/anaconda3/envs/privateprojects/lib/python3.12/site-packages/pandas/core/roperator.py", line 54, in rand_
    return operator.and_(right, left)
           ^^^^^^^^^^^^^^^^^^^^^^^^^^
TypeError: ufunc 'bitwise_and' not supported for the input types, and the inputs could not be safely coerced to any supported types according to the casting rule ''safe''

During handling of the above exception, another exception occurred:

Traceback (most recent call last):
  File "/opt/anaconda3/envs/privateprojects/lib/python3.12/site-packages/pandas/core/ops/array_ops.py", line 319, in na_logical_op
    result = libops.scalar_binop(x, y, op)
             ^^^^^^^^^^^^^^^^^^^^^^^^^^^^^
  File "pandas/_libs/ops.pyx", line 180, in pandas._libs.ops.scalar_binop
ValueError: Buffer dtype mismatch, expected 'Python object' but got 'bool'

The above exception was the direct cause of the following exception:

Traceback (most recent call last):
  File "/opt/anaconda3/envs/privateprojects/lib/python3.12/site-packages/pandasai/pipelines/chat/code_execution.py", line 85, in execute
    result = self.execute_code(code_to_run, code_context)
             ^^^^^^^^^^^^^^^^^^^^^^^^^^^^^^^^^^^^^^^^^^^^
  File "/opt/anaconda3/envs/privateprojects/lib/python3.12/site-packages/pandasai/pipelines/chat/code_execution.py", line 171, in execute_code
    exec(code, environment)
  File "<string>", line 3, in <module>
  File "/opt/anaconda3/envs/privateprojects/lib/python3.12/site-packages/pandas/core/ops/common.py", line 72, in new_method
    return method(self, other)
           ^^^^^^^^^^^^^^^^^^^
  File "/opt/anaconda3/envs/privateprojects/lib/python3.12/site-packages/pandas/core/arraylike.py", line 76, in __rand__
    return self._logical_method(other, roperator.rand_)
           ^^^^^^^^^^^^^^^^^^^^^^^^^^^^^^^^^^^^^^^^^^^^
  File "/opt/anaconda3/envs/privateprojects/lib/python3.12/site-packages/pandas/core/series.py", line 6254, in _logical_method
    res_values = ops.logical_op(lvalues, rvalues, op)
                 ^^^^^^^^^^^^^^^^^^^^^^^^^^^^^^^^^^^^
  File "/opt/anaconda3/envs/privateprojects/lib/python3.12/site-packages/pandas/core/ops/array_ops.py", line 395, in logical_op
    res_values = na_logical_op(lvalues, rvalues, op)
                 ^^^^^^^^^^^^^^^^^^^^^^^^^^^^^^^^^^^
  File "/opt/anaconda3/envs/privateprojects/lib/python3.12/site-packages/pandas/core/ops/array_ops.py", line 328, in na_logical_op
    raise TypeError(
TypeError: Cannot perform 'rand_' with a dtyped [bool] array and scalar of type [bool]

2024-10-22 17:39:04 [WARNING] Failed to execute code retrying with a correction framework [retry number: 1]
2024-10-22 17:39:04 [INFO] Executing Pipeline: ErrorCorrectionPipeline
2024-10-22 17:39:04 [INFO] Executing Step 0: ErrorPromptGeneration
2024-10-22 17:39:04 [INFO] Using prompt: <dataframe>
dfs[0]:25088x10
game_id,date,time,player,role,opponent,player_result,winner,rated,time_class
10022,2024-02-01,17:11:53,ChelsieMonica,black,DanielNaroditsky,draw,Durarbayli,False,blitz
4182,2024-02-19,13:39:01,MikeSailer,white,frederiksvane,win,GroovyKettle,True,daily
19198,2024-07-18,17:03:16,hitorkoal,black,hongnhung1234,loss,MagnusCarlsen,False,bullet
</dataframe>


The user asked the following question:
### QUERY
 How many games did Hikaru play as white?

You generated this python code:
white_games = 0
for df in dfs:
    white_games += len(df[df['player'] == 'Hikaru' & (df['role'] == 'white')])
result = {'type': 'number', 'value': white_games}

It fails with the following error:
Traceback (most recent call last):
  File "/opt/anaconda3/envs/privateprojects/lib/python3.12/site-packages/pandas/core/ops/array_ops.py", line 305, in na_logical_op
    result = op(x, y)
             ^^^^^^^^
  File "/opt/anaconda3/envs/privateprojects/lib/python3.12/site-packages/pandas/core/roperator.py", line 54, in rand_
    return operator.and_(right, left)
           ^^^^^^^^^^^^^^^^^^^^^^^^^^
TypeError: ufunc 'bitwise_and' not supported for the input types, and the inputs could not be safely coerced to any supported types according to the casting rule ''safe''

During handling of the above exception, another exception occurred:

Traceback (most recent call last):
  File "/opt/anaconda3/envs/privateprojects/lib/python3.12/site-packages/pandas/core/ops/array_ops.py", line 319, in na_logical_op
    result = libops.scalar_binop(x, y, op)
             ^^^^^^^^^^^^^^^^^^^^^^^^^^^^^
  File "pandas/_libs/ops.pyx", line 180, in pandas._libs.ops.scalar_binop
ValueError: Buffer dtype mismatch, expected 'Python object' but got 'bool'

The above exception was the direct cause of the following exception:

Traceback (most recent call last):
  File "/opt/anaconda3/envs/privateprojects/lib/python3.12/site-packages/pandasai/pipelines/chat/code_execution.py", line 85, in execute
    result = self.execute_code(code_to_run, code_context)
             ^^^^^^^^^^^^^^^^^^^^^^^^^^^^^^^^^^^^^^^^^^^^
  File "/opt/anaconda3/envs/privateprojects/lib/python3.12/site-packages/pandasai/pipelines/chat/code_execution.py", line 171, in execute_code
    exec(code, environment)
  File "<string>", line 3, in <module>
  File "/opt/anaconda3/envs/privateprojects/lib/python3.12/site-packages/pandas/core/ops/common.py", line 72, in new_method
    return method(self, other)
           ^^^^^^^^^^^^^^^^^^^
  File "/opt/anaconda3/envs/privateprojects/lib/python3.12/site-packages/pandas/core/arraylike.py", line 76, in __rand__
    return self._logical_method(other, roperator.rand_)
           ^^^^^^^^^^^^^^^^^^^^^^^^^^^^^^^^^^^^^^^^^^^^
  File "/opt/anaconda3/envs/privateprojects/lib/python3.12/site-packages/pandas/core/series.py", line 6254, in _logical_method
    res_values = ops.logical_op(lvalues, rvalues, op)
                 ^^^^^^^^^^^^^^^^^^^^^^^^^^^^^^^^^^^^
  File "/opt/anaconda3/envs/privateprojects/lib/python3.12/site-packages/pandas/core/ops/array_ops.py", line 395, in logical_op
    res_values = na_logical_op(lvalues, rvalues, op)
                 ^^^^^^^^^^^^^^^^^^^^^^^^^^^^^^^^^^^
  File "/opt/anaconda3/envs/privateprojects/lib/python3.12/site-packages/pandas/core/ops/array_ops.py", line 328, in na_logical_op
    raise TypeError(
TypeError: Cannot perform 'rand_' with a dtyped [bool] array and scalar of type [bool]


Fix the python code above and return the new python code:
2024-10-22 17:39:04 [INFO] Executing Step 1: CodeGenerator
2024-10-22 17:39:05 [INFO] HTTP Request: POST https://api.openai.com/v1/chat/completions "HTTP/1.1 429 Too Many Requests"
2024-10-22 17:39:05 [INFO] Retrying request to /chat/completions in 0.469802 seconds
2024-10-22 17:39:05 [INFO] HTTP Request: POST https://api.openai.com/v1/chat/completions "HTTP/1.1 429 Too Many Requests"
2024-10-22 17:39:05 [INFO] Retrying request to /chat/completions in 0.786849 seconds
2024-10-22 17:39:06 [INFO] HTTP Request: POST https://api.openai.com/v1/chat/completions "HTTP/1.1 429 Too Many Requests"
2024-10-22 17:39:06 [ERROR] Pipeline failed on step 1: Error code: 429 - {'error': {'message': 'You exceeded your current quota, please check your plan and billing details. For more information on this error, read the docs: https://platform.openai.com/docs/guides/error-codes/api-errors.', 'type': 'insufficient_quota', 'param': None, 'code': 'insufficient_quota'}}
2024-10-22 17:39:06 [ERROR] Pipeline failed on step 6: Error code: 429 - {'error': {'message': 'You exceeded your current quota, please check your plan and billing details. For more information on this error, read the docs: https://platform.openai.com/docs/guides/error-codes/api-errors.', 'type': 'insufficient_quota', 'param': None, 'code': 'insufficient_quota'}}
2024-10-22 17:48:43 [INFO] Question: How many games did Hikaru play as white?
2024-10-22 17:48:43 [INFO] Running PandasAI with bamboo_llm LLM...
2024-10-22 17:48:43 [INFO] Prompt ID: 965a7de4-ff57-47e7-8f56-f9c2cbe9283e
2024-10-22 17:48:43 [INFO] Executing Pipeline: GenerateChatPipeline
2024-10-22 17:48:43 [INFO] Executing Step 0: ValidatePipelineInput
2024-10-22 17:48:43 [INFO] Executing Step 1: CacheLookup
2024-10-22 17:48:43 [INFO] Using cached response
2024-10-22 17:48:43 [INFO] Executing Step 2: PromptGeneration
2024-10-22 17:48:43 [INFO] Executing Step 2: Skipping...
2024-10-22 17:48:43 [INFO] Executing Step 3: CodeGenerator
2024-10-22 17:48:43 [INFO] Executing Step 3: Skipping...
2024-10-22 17:48:43 [INFO] Executing Step 4: CachePopulation
2024-10-22 17:48:43 [INFO] Executing Step 4: Skipping...
2024-10-22 17:48:43 [INFO] Executing Step 5: CodeCleaning
2024-10-22 17:48:43 [INFO] 
Code running:
```
white_games = 0
for df in dfs:
    white_games += len(df[df['player'] == 'Hikaru' & (df['role'] == 'white')])
result = {'type': 'number', 'value': white_games}
        ```
2024-10-22 17:48:43 [INFO] Executing Step 6: CodeExecution
2024-10-22 17:48:43 [ERROR] Unable to extract filters for passed code
2024-10-22 17:48:43 [ERROR] Failed with error: Traceback (most recent call last):
  File "/opt/anaconda3/envs/privateprojects/lib/python3.12/site-packages/pandas/core/ops/array_ops.py", line 305, in na_logical_op
    result = op(x, y)
             ^^^^^^^^
  File "/opt/anaconda3/envs/privateprojects/lib/python3.12/site-packages/pandas/core/roperator.py", line 54, in rand_
    return operator.and_(right, left)
           ^^^^^^^^^^^^^^^^^^^^^^^^^^
TypeError: ufunc 'bitwise_and' not supported for the input types, and the inputs could not be safely coerced to any supported types according to the casting rule ''safe''

During handling of the above exception, another exception occurred:

Traceback (most recent call last):
  File "/opt/anaconda3/envs/privateprojects/lib/python3.12/site-packages/pandas/core/ops/array_ops.py", line 319, in na_logical_op
    result = libops.scalar_binop(x, y, op)
             ^^^^^^^^^^^^^^^^^^^^^^^^^^^^^
  File "pandas/_libs/ops.pyx", line 180, in pandas._libs.ops.scalar_binop
ValueError: Buffer dtype mismatch, expected 'Python object' but got 'bool'

The above exception was the direct cause of the following exception:

Traceback (most recent call last):
  File "/opt/anaconda3/envs/privateprojects/lib/python3.12/site-packages/pandasai/pipelines/chat/code_execution.py", line 85, in execute
    result = self.execute_code(code_to_run, code_context)
             ^^^^^^^^^^^^^^^^^^^^^^^^^^^^^^^^^^^^^^^^^^^^
  File "/opt/anaconda3/envs/privateprojects/lib/python3.12/site-packages/pandasai/pipelines/chat/code_execution.py", line 171, in execute_code
    exec(code, environment)
  File "<string>", line 3, in <module>
  File "/opt/anaconda3/envs/privateprojects/lib/python3.12/site-packages/pandas/core/ops/common.py", line 72, in new_method
    return method(self, other)
           ^^^^^^^^^^^^^^^^^^^
  File "/opt/anaconda3/envs/privateprojects/lib/python3.12/site-packages/pandas/core/arraylike.py", line 76, in __rand__
    return self._logical_method(other, roperator.rand_)
           ^^^^^^^^^^^^^^^^^^^^^^^^^^^^^^^^^^^^^^^^^^^^
  File "/opt/anaconda3/envs/privateprojects/lib/python3.12/site-packages/pandas/core/series.py", line 6254, in _logical_method
    res_values = ops.logical_op(lvalues, rvalues, op)
                 ^^^^^^^^^^^^^^^^^^^^^^^^^^^^^^^^^^^^
  File "/opt/anaconda3/envs/privateprojects/lib/python3.12/site-packages/pandas/core/ops/array_ops.py", line 395, in logical_op
    res_values = na_logical_op(lvalues, rvalues, op)
                 ^^^^^^^^^^^^^^^^^^^^^^^^^^^^^^^^^^^
  File "/opt/anaconda3/envs/privateprojects/lib/python3.12/site-packages/pandas/core/ops/array_ops.py", line 328, in na_logical_op
    raise TypeError(
TypeError: Cannot perform 'rand_' with a dtyped [bool] array and scalar of type [bool]

2024-10-22 17:48:43 [WARNING] Failed to execute code retrying with a correction framework [retry number: 1]
2024-10-22 17:48:43 [INFO] Executing Pipeline: ErrorCorrectionPipeline
2024-10-22 17:48:43 [INFO] Executing Step 0: ErrorPromptGeneration
2024-10-22 17:48:43 [INFO] Using prompt: <dataframe>
dfs[0]:25088x10
game_id,date,time,player,role,opponent,player_result,winner,rated,time_class
17297,2024-06-04,14:11:17,Kazmin_Semyon,black,LetsBeFairEnough,win,LiamPutnam2008,False,rapid
6482,2024-02-06,22:05:12,Kombinator01,white,Zero-Geass,loss,Micki-taryan,True,daily
7777,2024-08-29,18:43:47,FMOlexandrProhorov,black,DuleMudule,draw,ShiroglanTalibov,False,blitz
</dataframe>


The user asked the following question:
### QUERY
 How many games did Hikaru play as white?

You generated this python code:
white_games = 0
for df in dfs:
    white_games += len(df[df['player'] == 'Hikaru' & (df['role'] == 'white')])
result = {'type': 'number', 'value': white_games}

It fails with the following error:
Traceback (most recent call last):
  File "/opt/anaconda3/envs/privateprojects/lib/python3.12/site-packages/pandas/core/ops/array_ops.py", line 305, in na_logical_op
    result = op(x, y)
             ^^^^^^^^
  File "/opt/anaconda3/envs/privateprojects/lib/python3.12/site-packages/pandas/core/roperator.py", line 54, in rand_
    return operator.and_(right, left)
           ^^^^^^^^^^^^^^^^^^^^^^^^^^
TypeError: ufunc 'bitwise_and' not supported for the input types, and the inputs could not be safely coerced to any supported types according to the casting rule ''safe''

During handling of the above exception, another exception occurred:

Traceback (most recent call last):
  File "/opt/anaconda3/envs/privateprojects/lib/python3.12/site-packages/pandas/core/ops/array_ops.py", line 319, in na_logical_op
    result = libops.scalar_binop(x, y, op)
             ^^^^^^^^^^^^^^^^^^^^^^^^^^^^^
  File "pandas/_libs/ops.pyx", line 180, in pandas._libs.ops.scalar_binop
ValueError: Buffer dtype mismatch, expected 'Python object' but got 'bool'

The above exception was the direct cause of the following exception:

Traceback (most recent call last):
  File "/opt/anaconda3/envs/privateprojects/lib/python3.12/site-packages/pandasai/pipelines/chat/code_execution.py", line 85, in execute
    result = self.execute_code(code_to_run, code_context)
             ^^^^^^^^^^^^^^^^^^^^^^^^^^^^^^^^^^^^^^^^^^^^
  File "/opt/anaconda3/envs/privateprojects/lib/python3.12/site-packages/pandasai/pipelines/chat/code_execution.py", line 171, in execute_code
    exec(code, environment)
  File "<string>", line 3, in <module>
  File "/opt/anaconda3/envs/privateprojects/lib/python3.12/site-packages/pandas/core/ops/common.py", line 72, in new_method
    return method(self, other)
           ^^^^^^^^^^^^^^^^^^^
  File "/opt/anaconda3/envs/privateprojects/lib/python3.12/site-packages/pandas/core/arraylike.py", line 76, in __rand__
    return self._logical_method(other, roperator.rand_)
           ^^^^^^^^^^^^^^^^^^^^^^^^^^^^^^^^^^^^^^^^^^^^
  File "/opt/anaconda3/envs/privateprojects/lib/python3.12/site-packages/pandas/core/series.py", line 6254, in _logical_method
    res_values = ops.logical_op(lvalues, rvalues, op)
                 ^^^^^^^^^^^^^^^^^^^^^^^^^^^^^^^^^^^^
  File "/opt/anaconda3/envs/privateprojects/lib/python3.12/site-packages/pandas/core/ops/array_ops.py", line 395, in logical_op
    res_values = na_logical_op(lvalues, rvalues, op)
                 ^^^^^^^^^^^^^^^^^^^^^^^^^^^^^^^^^^^
  File "/opt/anaconda3/envs/privateprojects/lib/python3.12/site-packages/pandas/core/ops/array_ops.py", line 328, in na_logical_op
    raise TypeError(
TypeError: Cannot perform 'rand_' with a dtyped [bool] array and scalar of type [bool]


Fix the python code above and return the new python code:
2024-10-22 17:48:43 [INFO] Executing Step 1: CodeGenerator
2024-10-22 17:48:44 [INFO] Prompt used:
            None
            
2024-10-22 17:48:44 [INFO] Code generated:
            ```
            white_games = 0
for df in dfs:
    white_games += len(df[(df['player'] == 'Hikaru') & (df['role'] == 'white')])
result = {'type': 'number', 'value': white_games}
            ```
            
2024-10-22 17:48:44 [INFO] Executing Step 2: CodeCleaning
2024-10-22 17:48:44 [INFO] 
Code running:
```
white_games = 0
for df in dfs:
    white_games += len(df[(df['player'] == 'Hikaru') & (df['role'] == 'white')])
result = {'type': 'number', 'value': white_games}
        ```
2024-10-22 17:48:44 [ERROR] Unable to extract filters for passed code
2024-10-22 17:48:44 [INFO] Executing Step 7: ResultValidation
2024-10-22 17:48:44 [INFO] Answer: {'type': 'number', 'value': 3164}
2024-10-22 17:48:44 [INFO] Executing Step 8: ResultParsing
2024-10-22 17:52:30 [INFO] Question: What time classes did Hikaru play on 2024-01-11 and 2024-01-13?
2024-10-22 17:52:30 [INFO] Running PandasAI with bamboo_llm LLM...
2024-10-22 17:52:30 [INFO] Prompt ID: ad35cce8-5a4e-4c85-acaf-69b4de4ce2e0
2024-10-22 17:52:30 [INFO] Executing Pipeline: GenerateChatPipeline
2024-10-22 17:52:30 [INFO] Executing Step 0: ValidatePipelineInput
2024-10-22 17:52:30 [INFO] Executing Step 1: CacheLookup
2024-10-22 17:52:30 [INFO] Executing Step 2: PromptGeneration
2024-10-22 17:52:30 [INFO] Using prompt: <dataframe>
dfs[0]:25088x10
game_id,date,time,player,role,opponent,player_result,winner,rated,time_class
7915,2024-08-04,18:23:45,the_chess_child,black,MatyChess1,loss,Murad_Ibrahimli,False,blitz
17795,2024-08-20,19:57:34,red_nevera,white,fireheart92,win,BogdanDeac,True,daily
20507,2024-05-29,01:42:12,Kazmin_Semyon,white,superfast64,draw,MITerryble,True,rapid
</dataframe>




Update this initial code:
```python
# TODO: import the required dependencies
import pandas as pd

# Write code here

# Declare result var: 
type (possible values "string", "number", "dataframe", "plot"). Examples: { "type": "string", "value": f"The highest salary is {highest_salary}." } or { "type": "number", "value": 125 } or { "type": "dataframe", "value": pd.DataFrame({...}) } or { "type": "plot", "value": "temp_chart.png" }

```







### QUERY
 What time classes did Hikaru play on 2024-01-11 and 2024-01-13?

Variable `dfs: list[pd.DataFrame]` is already declared.

At the end, declare "result" variable as a dictionary of type and value.

If you are asked to plot a chart, use "matplotlib" for charts, save as png.


Generate python code and return full updated code:
2024-10-22 17:52:30 [INFO] Executing Step 3: CodeGenerator
2024-10-22 17:52:33 [INFO] Prompt used:
            None
            
2024-10-22 17:52:33 [INFO] Code generated:
            ```
            # TODO: import the required dependencies
import pandas as pd

# Write code here
for df in dfs:
    hikaru_games = df[df['player'] == 'Hikaru']
    games_11 = hikaru_games[hikaru_games['date'] == '2024-01-11']['time_class'].unique()
    games_13 = hikaru_games[hikaru_games['date'] == '2024-01-13']['time_class'].unique()

result = { "type": "string", "value": f"On 2024-01-11, Hikaru played in {', '.join(games_11)} time class. On 2024-01-13, Hikaru played in {', '.join(games_13)} time class." }
            ```
            
2024-10-22 17:52:33 [INFO] Executing Step 4: CachePopulation
2024-10-22 17:52:33 [INFO] Executing Step 5: CodeCleaning
2024-10-22 17:52:33 [INFO] 
Code running:
```
for df in dfs:
    hikaru_games = df[df['player'] == 'Hikaru']
    games_11 = hikaru_games[hikaru_games['date'] == '2024-01-11']['time_class'].unique()
    games_13 = hikaru_games[hikaru_games['date'] == '2024-01-13']['time_class'].unique()
result = {'type': 'string', 'value': f"On 2024-01-11, Hikaru played in {', '.join(games_11)} time class. On 2024-01-13, Hikaru played in {', '.join(games_13)} time class."}
        ```
2024-10-22 17:52:33 [INFO] Executing Step 6: CodeExecution
2024-10-22 17:52:33 [INFO] Executing Step 7: ResultValidation
2024-10-22 17:52:33 [INFO] Answer: {'type': 'string', 'value': 'On 2024-01-11, Hikaru played in blitz time class. On 2024-01-13, Hikaru played in bullet time class.'}
2024-10-22 17:52:33 [INFO] Executing Step 8: ResultParsing
2024-10-22 17:54:05 [INFO] Question: How many games did Hikaru lose on 2024-01-02 and what are the opponents names?
2024-10-22 17:54:06 [INFO] Running PandasAI with bamboo_llm LLM...
2024-10-22 17:54:06 [INFO] Prompt ID: 5bf47b52-8a46-4084-9cb1-15b752553ba7
2024-10-22 17:54:06 [INFO] Executing Pipeline: GenerateChatPipeline
2024-10-22 17:54:06 [INFO] Executing Step 0: ValidatePipelineInput
2024-10-22 17:54:06 [INFO] Executing Step 1: CacheLookup
2024-10-22 17:54:06 [INFO] Executing Step 2: PromptGeneration
2024-10-22 17:54:06 [INFO] Using prompt: <dataframe>
dfs[0]:25088x10
game_id,date,time,player,role,opponent,player_result,winner,rated,time_class
13508,2024-04-12,18:13:52,Tikhon_Popov,white,LPSupi,draw,Murad_Ibrahimli,False,daily
19395,2024-05-22,21:02:51,korbul,black,AnaKuchava,win,dawid498,False,bullet
3611,2024-03-21,20:50:26,Mackster23,black,HaPpy_SB,loss,Alphafischer2019,True,blitz
</dataframe>




Update this initial code:
```python
# TODO: import the required dependencies
import pandas as pd

# Write code here

# Declare result var: 
type (possible values "string", "number", "dataframe", "plot"). Examples: { "type": "string", "value": f"The highest salary is {highest_salary}." } or { "type": "number", "value": 125 } or { "type": "dataframe", "value": pd.DataFrame({...}) } or { "type": "plot", "value": "temp_chart.png" }

```







### QUERY
 How many games did Hikaru lose on 2024-01-02 and what are the opponents names?

Variable `dfs: list[pd.DataFrame]` is already declared.

At the end, declare "result" variable as a dictionary of type and value.

If you are asked to plot a chart, use "matplotlib" for charts, save as png.


Generate python code and return full updated code:
2024-10-22 17:54:06 [INFO] Executing Step 3: CodeGenerator
2024-10-22 17:54:10 [INFO] Prompt used:
            None
            
2024-10-22 17:54:10 [INFO] Code generated:
            ```
            # TODO: import the required dependencies
import pandas as pd

# Convert the date column to datetime format
dfs[0]['date'] = pd.to_datetime(dfs[0]['date'])

# Filter the dataframe for games on 2024-01-02 where Hikaru lost
hikaru_losses_2024_01_02 = dfs[0][(dfs[0]['date'] == '2024-01-02') & (dfs[0]['player'] == 'Hikaru') & (dfs[0]['player_result'] == 'loss')]

# Get the count of games Hikaru lost on 2024-01-02
num_losses = hikaru_losses_2024_01_02.shape[0]

# Get the opponents' names
opponents_names = hikaru_losses_2024_01_02['opponent'].tolist()

# Create the result dictionary
result = {
    "type": "string",
    "value": f"Hikaru lost {num_losses} games on 2024-01-02. Opponents' names: {', '.join(opponents_names)}"
}
            ```
            
2024-10-22 17:54:10 [INFO] Executing Step 4: CachePopulation
2024-10-22 17:54:10 [INFO] Executing Step 5: CodeCleaning
2024-10-22 17:54:10 [INFO] 
Code running:
```
dfs[0]['date'] = pd.to_datetime(dfs[0]['date'])
hikaru_losses_2024_01_02 = dfs[0][(dfs[0]['date'] == '2024-01-02') & (dfs[0]['player'] == 'Hikaru') & (dfs[0]['player_result'] == 'loss')]
num_losses = hikaru_losses_2024_01_02.shape[0]
opponents_names = hikaru_losses_2024_01_02['opponent'].tolist()
result = {'type': 'string', 'value': f"Hikaru lost {num_losses} games on 2024-01-02. Opponents' names: {', '.join(opponents_names)}"}
        ```
2024-10-22 17:54:10 [INFO] Executing Step 6: CodeExecution
2024-10-22 17:54:10 [INFO] Executing Step 7: ResultValidation
2024-10-22 17:54:10 [INFO] Answer: {'type': 'string', 'value': "Hikaru lost 1 games on 2024-01-02. Opponents' names: jefferyx"}
2024-10-22 17:54:10 [INFO] Executing Step 8: ResultParsing
2024-10-23 09:45:27 [INFO] Question: How many games did Hikaru play as white?
2024-10-23 09:45:27 [INFO] Running PandasAI with google-vertexai LLM...
2024-10-23 09:45:27 [INFO] Prompt ID: 3b944553-64e9-4ec6-a44c-c031447ccb07
2024-10-23 09:45:27 [INFO] Executing Pipeline: GenerateChatPipeline
2024-10-23 09:45:27 [INFO] Executing Step 0: ValidatePipelineInput
2024-10-23 09:45:27 [INFO] Executing Step 1: CacheLookup
2024-10-23 09:45:27 [INFO] Using cached response
2024-10-23 09:45:27 [INFO] Executing Step 2: PromptGeneration
2024-10-23 09:45:27 [INFO] Executing Step 2: Skipping...
2024-10-23 09:45:27 [INFO] Executing Step 3: CodeGenerator
2024-10-23 09:45:27 [INFO] Executing Step 3: Skipping...
2024-10-23 09:45:27 [INFO] Executing Step 4: CachePopulation
2024-10-23 09:45:27 [INFO] Executing Step 4: Skipping...
2024-10-23 09:45:27 [INFO] Executing Step 5: CodeCleaning
2024-10-23 09:45:27 [INFO] 
Code running:
```
white_games = 0
for df in dfs:
    white_games += len(df[df['player'] == 'Hikaru' & (df['role'] == 'white')])
result = {'type': 'number', 'value': white_games}
        ```
2024-10-23 09:45:27 [INFO] Executing Step 6: CodeExecution
2024-10-23 09:45:27 [ERROR] Unable to extract filters for passed code
2024-10-23 09:45:27 [ERROR] Failed with error: Traceback (most recent call last):
  File "/opt/anaconda3/envs/testenv/lib/python3.12/site-packages/pandas/core/ops/array_ops.py", line 305, in na_logical_op
    result = op(x, y)
             ^^^^^^^^
  File "/opt/anaconda3/envs/testenv/lib/python3.12/site-packages/pandas/core/roperator.py", line 54, in rand_
    return operator.and_(right, left)
           ^^^^^^^^^^^^^^^^^^^^^^^^^^
TypeError: ufunc 'bitwise_and' not supported for the input types, and the inputs could not be safely coerced to any supported types according to the casting rule ''safe''

During handling of the above exception, another exception occurred:

Traceback (most recent call last):
  File "/opt/anaconda3/envs/testenv/lib/python3.12/site-packages/pandas/core/ops/array_ops.py", line 319, in na_logical_op
    result = libops.scalar_binop(x, y, op)
             ^^^^^^^^^^^^^^^^^^^^^^^^^^^^^
  File "pandas/_libs/ops.pyx", line 180, in pandas._libs.ops.scalar_binop
ValueError: Buffer dtype mismatch, expected 'Python object' but got 'bool'

The above exception was the direct cause of the following exception:

Traceback (most recent call last):
  File "/opt/anaconda3/envs/testenv/lib/python3.12/site-packages/pandasai/pipelines/chat/code_execution.py", line 85, in execute
    result = self.execute_code(code_to_run, code_context)
             ^^^^^^^^^^^^^^^^^^^^^^^^^^^^^^^^^^^^^^^^^^^^
  File "/opt/anaconda3/envs/testenv/lib/python3.12/site-packages/pandasai/pipelines/chat/code_execution.py", line 171, in execute_code
    exec(code, environment)
  File "<string>", line 3, in <module>
  File "/opt/anaconda3/envs/testenv/lib/python3.12/site-packages/pandas/core/ops/common.py", line 72, in new_method
    return method(self, other)
           ^^^^^^^^^^^^^^^^^^^
  File "/opt/anaconda3/envs/testenv/lib/python3.12/site-packages/pandas/core/arraylike.py", line 76, in __rand__
    return self._logical_method(other, roperator.rand_)
           ^^^^^^^^^^^^^^^^^^^^^^^^^^^^^^^^^^^^^^^^^^^^
  File "/opt/anaconda3/envs/testenv/lib/python3.12/site-packages/pandas/core/series.py", line 6254, in _logical_method
    res_values = ops.logical_op(lvalues, rvalues, op)
                 ^^^^^^^^^^^^^^^^^^^^^^^^^^^^^^^^^^^^
  File "/opt/anaconda3/envs/testenv/lib/python3.12/site-packages/pandas/core/ops/array_ops.py", line 395, in logical_op
    res_values = na_logical_op(lvalues, rvalues, op)
                 ^^^^^^^^^^^^^^^^^^^^^^^^^^^^^^^^^^^
  File "/opt/anaconda3/envs/testenv/lib/python3.12/site-packages/pandas/core/ops/array_ops.py", line 328, in na_logical_op
    raise TypeError(
TypeError: Cannot perform 'rand_' with a dtyped [bool] array and scalar of type [bool]

2024-10-23 09:45:27 [WARNING] Failed to execute code retrying with a correction framework [retry number: 1]
2024-10-23 09:45:27 [INFO] Executing Pipeline: ErrorCorrectionPipeline
2024-10-23 09:45:27 [INFO] Executing Step 0: ErrorPromptGeneration
2024-10-23 09:45:27 [INFO] Using prompt: <dataframe>
dfs[0]:25088x10
game_id,date,time,player,role,opponent,player_result,winner,rated,time_class
4686,2024-08-25,12:38:12,scarabee43,white,Culum2007,win,Flachess10,True,rapid
9201,2024-09-10,16:47:00,red_nevera,black,Hongjin,draw,SchmakAttack,False,bullet
13060,2024-02-11,20:28:18,saikrishnaReturns,white,farhan_05,loss,Nemegejas,True,blitz
</dataframe>


The user asked the following question:
### QUERY
 How many games did Hikaru play as white?

You generated this python code:
white_games = 0
for df in dfs:
    white_games += len(df[df['player'] == 'Hikaru' & (df['role'] == 'white')])
result = {'type': 'number', 'value': white_games}

It fails with the following error:
Traceback (most recent call last):
  File "/opt/anaconda3/envs/testenv/lib/python3.12/site-packages/pandas/core/ops/array_ops.py", line 305, in na_logical_op
    result = op(x, y)
             ^^^^^^^^
  File "/opt/anaconda3/envs/testenv/lib/python3.12/site-packages/pandas/core/roperator.py", line 54, in rand_
    return operator.and_(right, left)
           ^^^^^^^^^^^^^^^^^^^^^^^^^^
TypeError: ufunc 'bitwise_and' not supported for the input types, and the inputs could not be safely coerced to any supported types according to the casting rule ''safe''

During handling of the above exception, another exception occurred:

Traceback (most recent call last):
  File "/opt/anaconda3/envs/testenv/lib/python3.12/site-packages/pandas/core/ops/array_ops.py", line 319, in na_logical_op
    result = libops.scalar_binop(x, y, op)
             ^^^^^^^^^^^^^^^^^^^^^^^^^^^^^
  File "pandas/_libs/ops.pyx", line 180, in pandas._libs.ops.scalar_binop
ValueError: Buffer dtype mismatch, expected 'Python object' but got 'bool'

The above exception was the direct cause of the following exception:

Traceback (most recent call last):
  File "/opt/anaconda3/envs/testenv/lib/python3.12/site-packages/pandasai/pipelines/chat/code_execution.py", line 85, in execute
    result = self.execute_code(code_to_run, code_context)
             ^^^^^^^^^^^^^^^^^^^^^^^^^^^^^^^^^^^^^^^^^^^^
  File "/opt/anaconda3/envs/testenv/lib/python3.12/site-packages/pandasai/pipelines/chat/code_execution.py", line 171, in execute_code
    exec(code, environment)
  File "<string>", line 3, in <module>
  File "/opt/anaconda3/envs/testenv/lib/python3.12/site-packages/pandas/core/ops/common.py", line 72, in new_method
    return method(self, other)
           ^^^^^^^^^^^^^^^^^^^
  File "/opt/anaconda3/envs/testenv/lib/python3.12/site-packages/pandas/core/arraylike.py", line 76, in __rand__
    return self._logical_method(other, roperator.rand_)
           ^^^^^^^^^^^^^^^^^^^^^^^^^^^^^^^^^^^^^^^^^^^^
  File "/opt/anaconda3/envs/testenv/lib/python3.12/site-packages/pandas/core/series.py", line 6254, in _logical_method
    res_values = ops.logical_op(lvalues, rvalues, op)
                 ^^^^^^^^^^^^^^^^^^^^^^^^^^^^^^^^^^^^
  File "/opt/anaconda3/envs/testenv/lib/python3.12/site-packages/pandas/core/ops/array_ops.py", line 395, in logical_op
    res_values = na_logical_op(lvalues, rvalues, op)
                 ^^^^^^^^^^^^^^^^^^^^^^^^^^^^^^^^^^^
  File "/opt/anaconda3/envs/testenv/lib/python3.12/site-packages/pandas/core/ops/array_ops.py", line 328, in na_logical_op
    raise TypeError(
TypeError: Cannot perform 'rand_' with a dtyped [bool] array and scalar of type [bool]


Fix the python code above and return the new python code:
2024-10-23 09:45:27 [INFO] Executing Step 1: CodeGenerator
2024-10-23 09:45:27 [WARNING] Compute Engine Metadata server unavailable on attempt 1 of 3. Reason: [Errno 65] No route to host
2024-10-23 09:45:28 [WARNING] Compute Engine Metadata server unavailable on attempt 2 of 3. Reason: [Errno 65] No route to host
2024-10-23 09:45:33 [WARNING] Compute Engine Metadata server unavailable on attempt 3 of 3. Reason: timed out
2024-10-23 09:45:33 [ERROR] Pipeline failed on step 1: 
Unable to authenticate your request.
Depending on your runtime environment, you can complete authentication by:
- if in local JupyterLab instance: `!gcloud auth login` 
- if in Colab:
    -`from google.colab import auth`
    -`auth.authenticate_user()`
- if in service account or other: please follow guidance in https://cloud.google.com/docs/authentication
2024-10-23 09:45:33 [ERROR] Pipeline failed on step 6: 
Unable to authenticate your request.
Depending on your runtime environment, you can complete authentication by:
- if in local JupyterLab instance: `!gcloud auth login` 
- if in Colab:
    -`from google.colab import auth`
    -`auth.authenticate_user()`
- if in service account or other: please follow guidance in https://cloud.google.com/docs/authentication
2024-10-23 15:10:47 [INFO] Question: How many games did Hikaru play as white?
2024-10-23 15:10:47 [INFO] Running PandasAI with google-vertexai LLM...
2024-10-23 15:10:47 [INFO] Prompt ID: 1a5faadb-2cce-4e2d-aaef-ef693c3c2cf1
2024-10-23 15:10:47 [INFO] Executing Pipeline: GenerateChatPipeline
2024-10-23 15:10:47 [INFO] Executing Step 0: ValidatePipelineInput
2024-10-23 15:10:47 [INFO] Executing Step 1: CacheLookup
2024-10-23 15:10:47 [INFO] Using cached response
2024-10-23 15:10:47 [INFO] Executing Step 2: PromptGeneration
2024-10-23 15:10:47 [INFO] Executing Step 2: Skipping...
2024-10-23 15:10:47 [INFO] Executing Step 3: CodeGenerator
2024-10-23 15:10:47 [INFO] Executing Step 3: Skipping...
2024-10-23 15:10:47 [INFO] Executing Step 4: CachePopulation
2024-10-23 15:10:47 [INFO] Executing Step 4: Skipping...
2024-10-23 15:10:47 [INFO] Executing Step 5: CodeCleaning
2024-10-23 15:10:47 [INFO] 
Code running:
```
white_games = 0
for df in dfs:
    white_games += len(df[df['player'] == 'Hikaru' & (df['role'] == 'white')])
result = {'type': 'number', 'value': white_games}
        ```
2024-10-23 15:10:47 [INFO] Executing Step 6: CodeExecution
2024-10-23 15:10:47 [ERROR] Unable to extract filters for passed code
2024-10-23 15:10:47 [ERROR] Failed with error: Traceback (most recent call last):
  File "/opt/anaconda3/envs/testenv/lib/python3.12/site-packages/pandas/core/ops/array_ops.py", line 305, in na_logical_op
    result = op(x, y)
             ^^^^^^^^
  File "/opt/anaconda3/envs/testenv/lib/python3.12/site-packages/pandas/core/roperator.py", line 54, in rand_
    return operator.and_(right, left)
           ^^^^^^^^^^^^^^^^^^^^^^^^^^
TypeError: ufunc 'bitwise_and' not supported for the input types, and the inputs could not be safely coerced to any supported types according to the casting rule ''safe''

During handling of the above exception, another exception occurred:

Traceback (most recent call last):
  File "/opt/anaconda3/envs/testenv/lib/python3.12/site-packages/pandas/core/ops/array_ops.py", line 319, in na_logical_op
    result = libops.scalar_binop(x, y, op)
             ^^^^^^^^^^^^^^^^^^^^^^^^^^^^^
  File "pandas/_libs/ops.pyx", line 180, in pandas._libs.ops.scalar_binop
ValueError: Buffer dtype mismatch, expected 'Python object' but got 'bool'

The above exception was the direct cause of the following exception:

Traceback (most recent call last):
  File "/opt/anaconda3/envs/testenv/lib/python3.12/site-packages/pandasai/pipelines/chat/code_execution.py", line 85, in execute
    result = self.execute_code(code_to_run, code_context)
             ^^^^^^^^^^^^^^^^^^^^^^^^^^^^^^^^^^^^^^^^^^^^
  File "/opt/anaconda3/envs/testenv/lib/python3.12/site-packages/pandasai/pipelines/chat/code_execution.py", line 171, in execute_code
    exec(code, environment)
  File "<string>", line 3, in <module>
  File "/opt/anaconda3/envs/testenv/lib/python3.12/site-packages/pandas/core/ops/common.py", line 72, in new_method
    return method(self, other)
           ^^^^^^^^^^^^^^^^^^^
  File "/opt/anaconda3/envs/testenv/lib/python3.12/site-packages/pandas/core/arraylike.py", line 76, in __rand__
    return self._logical_method(other, roperator.rand_)
           ^^^^^^^^^^^^^^^^^^^^^^^^^^^^^^^^^^^^^^^^^^^^
  File "/opt/anaconda3/envs/testenv/lib/python3.12/site-packages/pandas/core/series.py", line 6254, in _logical_method
    res_values = ops.logical_op(lvalues, rvalues, op)
                 ^^^^^^^^^^^^^^^^^^^^^^^^^^^^^^^^^^^^
  File "/opt/anaconda3/envs/testenv/lib/python3.12/site-packages/pandas/core/ops/array_ops.py", line 395, in logical_op
    res_values = na_logical_op(lvalues, rvalues, op)
                 ^^^^^^^^^^^^^^^^^^^^^^^^^^^^^^^^^^^
  File "/opt/anaconda3/envs/testenv/lib/python3.12/site-packages/pandas/core/ops/array_ops.py", line 328, in na_logical_op
    raise TypeError(
TypeError: Cannot perform 'rand_' with a dtyped [bool] array and scalar of type [bool]

2024-10-23 15:10:47 [WARNING] Failed to execute code retrying with a correction framework [retry number: 1]
2024-10-23 15:10:47 [INFO] Executing Pipeline: ErrorCorrectionPipeline
2024-10-23 15:10:47 [INFO] Executing Step 0: ErrorPromptGeneration
2024-10-23 15:10:47 [INFO] Using prompt: <dataframe>
dfs[0]:25088x10
game_id,date,time,player,role,opponent,player_result,winner,rated,time_class
1524,2024-09-06,18:43:26,GM_dmitrij,black,WIDBIFS,loss,jefferyx,True,bullet
21168,2024-05-14,23:35:56,MagkaruCarlamura,white,RantomOpening,draw,moro182,True,rapid
7484,2024-03-20,02:05:40,GodSpeed,white,Mostii,win,JeRoma71,False,daily
</dataframe>


The user asked the following question:
### QUERY
 How many games did Hikaru play as white?

You generated this python code:
white_games = 0
for df in dfs:
    white_games += len(df[df['player'] == 'Hikaru' & (df['role'] == 'white')])
result = {'type': 'number', 'value': white_games}

It fails with the following error:
Traceback (most recent call last):
  File "/opt/anaconda3/envs/testenv/lib/python3.12/site-packages/pandas/core/ops/array_ops.py", line 305, in na_logical_op
    result = op(x, y)
             ^^^^^^^^
  File "/opt/anaconda3/envs/testenv/lib/python3.12/site-packages/pandas/core/roperator.py", line 54, in rand_
    return operator.and_(right, left)
           ^^^^^^^^^^^^^^^^^^^^^^^^^^
TypeError: ufunc 'bitwise_and' not supported for the input types, and the inputs could not be safely coerced to any supported types according to the casting rule ''safe''

During handling of the above exception, another exception occurred:

Traceback (most recent call last):
  File "/opt/anaconda3/envs/testenv/lib/python3.12/site-packages/pandas/core/ops/array_ops.py", line 319, in na_logical_op
    result = libops.scalar_binop(x, y, op)
             ^^^^^^^^^^^^^^^^^^^^^^^^^^^^^
  File "pandas/_libs/ops.pyx", line 180, in pandas._libs.ops.scalar_binop
ValueError: Buffer dtype mismatch, expected 'Python object' but got 'bool'

The above exception was the direct cause of the following exception:

Traceback (most recent call last):
  File "/opt/anaconda3/envs/testenv/lib/python3.12/site-packages/pandasai/pipelines/chat/code_execution.py", line 85, in execute
    result = self.execute_code(code_to_run, code_context)
             ^^^^^^^^^^^^^^^^^^^^^^^^^^^^^^^^^^^^^^^^^^^^
  File "/opt/anaconda3/envs/testenv/lib/python3.12/site-packages/pandasai/pipelines/chat/code_execution.py", line 171, in execute_code
    exec(code, environment)
  File "<string>", line 3, in <module>
  File "/opt/anaconda3/envs/testenv/lib/python3.12/site-packages/pandas/core/ops/common.py", line 72, in new_method
    return method(self, other)
           ^^^^^^^^^^^^^^^^^^^
  File "/opt/anaconda3/envs/testenv/lib/python3.12/site-packages/pandas/core/arraylike.py", line 76, in __rand__
    return self._logical_method(other, roperator.rand_)
           ^^^^^^^^^^^^^^^^^^^^^^^^^^^^^^^^^^^^^^^^^^^^
  File "/opt/anaconda3/envs/testenv/lib/python3.12/site-packages/pandas/core/series.py", line 6254, in _logical_method
    res_values = ops.logical_op(lvalues, rvalues, op)
                 ^^^^^^^^^^^^^^^^^^^^^^^^^^^^^^^^^^^^
  File "/opt/anaconda3/envs/testenv/lib/python3.12/site-packages/pandas/core/ops/array_ops.py", line 395, in logical_op
    res_values = na_logical_op(lvalues, rvalues, op)
                 ^^^^^^^^^^^^^^^^^^^^^^^^^^^^^^^^^^^
  File "/opt/anaconda3/envs/testenv/lib/python3.12/site-packages/pandas/core/ops/array_ops.py", line 328, in na_logical_op
    raise TypeError(
TypeError: Cannot perform 'rand_' with a dtyped [bool] array and scalar of type [bool]


Fix the python code above and return the new python code:
2024-10-23 15:10:47 [INFO] Executing Step 1: CodeGenerator
2024-10-23 15:14:55 [ERROR] Pipeline failed on step 1: Timeout of 120.0s exceeded, last exception: 503 Socket closed
2024-10-23 15:14:55 [ERROR] Pipeline failed on step 6: Timeout of 120.0s exceeded, last exception: 503 Socket closed
2024-10-23 15:48:11 [INFO] Question: How many games did Hikaru play as white?
2024-10-23 15:48:11 [INFO] Running PandasAI with google-vertexai LLM...
2024-10-23 15:48:11 [INFO] Prompt ID: b3fd1e47-ecf3-406b-98f0-5224d8933563
2024-10-23 15:48:11 [INFO] Executing Pipeline: GenerateChatPipeline
2024-10-23 15:48:11 [INFO] Executing Step 0: ValidatePipelineInput
2024-10-23 15:48:11 [INFO] Executing Step 1: CacheLookup
2024-10-23 15:48:11 [INFO] Using cached response
2024-10-23 15:48:11 [INFO] Executing Step 2: PromptGeneration
2024-10-23 15:48:11 [INFO] Executing Step 2: Skipping...
2024-10-23 15:48:11 [INFO] Executing Step 3: CodeGenerator
2024-10-23 15:48:11 [INFO] Executing Step 3: Skipping...
2024-10-23 15:48:11 [INFO] Executing Step 4: CachePopulation
2024-10-23 15:48:11 [INFO] Executing Step 4: Skipping...
2024-10-23 15:48:11 [INFO] Executing Step 5: CodeCleaning
2024-10-23 15:48:11 [INFO] 
Code running:
```
white_games = 0
for df in dfs:
    white_games += len(df[df['player'] == 'Hikaru' & (df['role'] == 'white')])
result = {'type': 'number', 'value': white_games}
        ```
2024-10-23 15:48:11 [INFO] Executing Step 6: CodeExecution
2024-10-23 15:48:11 [ERROR] Unable to extract filters for passed code
2024-10-23 15:48:11 [ERROR] Failed with error: Traceback (most recent call last):
  File "/opt/anaconda3/envs/testenv/lib/python3.12/site-packages/pandas/core/ops/array_ops.py", line 305, in na_logical_op
    result = op(x, y)
             ^^^^^^^^
  File "/opt/anaconda3/envs/testenv/lib/python3.12/site-packages/pandas/core/roperator.py", line 54, in rand_
    return operator.and_(right, left)
           ^^^^^^^^^^^^^^^^^^^^^^^^^^
TypeError: ufunc 'bitwise_and' not supported for the input types, and the inputs could not be safely coerced to any supported types according to the casting rule ''safe''

During handling of the above exception, another exception occurred:

Traceback (most recent call last):
  File "/opt/anaconda3/envs/testenv/lib/python3.12/site-packages/pandas/core/ops/array_ops.py", line 319, in na_logical_op
    result = libops.scalar_binop(x, y, op)
             ^^^^^^^^^^^^^^^^^^^^^^^^^^^^^
  File "pandas/_libs/ops.pyx", line 180, in pandas._libs.ops.scalar_binop
ValueError: Buffer dtype mismatch, expected 'Python object' but got 'bool'

The above exception was the direct cause of the following exception:

Traceback (most recent call last):
  File "/opt/anaconda3/envs/testenv/lib/python3.12/site-packages/pandasai/pipelines/chat/code_execution.py", line 85, in execute
    result = self.execute_code(code_to_run, code_context)
             ^^^^^^^^^^^^^^^^^^^^^^^^^^^^^^^^^^^^^^^^^^^^
  File "/opt/anaconda3/envs/testenv/lib/python3.12/site-packages/pandasai/pipelines/chat/code_execution.py", line 171, in execute_code
    exec(code, environment)
  File "<string>", line 3, in <module>
  File "/opt/anaconda3/envs/testenv/lib/python3.12/site-packages/pandas/core/ops/common.py", line 72, in new_method
    return method(self, other)
           ^^^^^^^^^^^^^^^^^^^
  File "/opt/anaconda3/envs/testenv/lib/python3.12/site-packages/pandas/core/arraylike.py", line 76, in __rand__
    return self._logical_method(other, roperator.rand_)
           ^^^^^^^^^^^^^^^^^^^^^^^^^^^^^^^^^^^^^^^^^^^^
  File "/opt/anaconda3/envs/testenv/lib/python3.12/site-packages/pandas/core/series.py", line 6254, in _logical_method
    res_values = ops.logical_op(lvalues, rvalues, op)
                 ^^^^^^^^^^^^^^^^^^^^^^^^^^^^^^^^^^^^
  File "/opt/anaconda3/envs/testenv/lib/python3.12/site-packages/pandas/core/ops/array_ops.py", line 395, in logical_op
    res_values = na_logical_op(lvalues, rvalues, op)
                 ^^^^^^^^^^^^^^^^^^^^^^^^^^^^^^^^^^^
  File "/opt/anaconda3/envs/testenv/lib/python3.12/site-packages/pandas/core/ops/array_ops.py", line 328, in na_logical_op
    raise TypeError(
TypeError: Cannot perform 'rand_' with a dtyped [bool] array and scalar of type [bool]

2024-10-23 15:48:11 [WARNING] Failed to execute code retrying with a correction framework [retry number: 1]
2024-10-23 15:48:11 [INFO] Executing Pipeline: ErrorCorrectionPipeline
2024-10-23 15:48:11 [INFO] Executing Step 0: ErrorPromptGeneration
2024-10-23 15:48:11 [INFO] Using prompt: <dataframe>
dfs[0]:25088x10
game_id,date,time,player,role,opponent,player_result,winner,rated,time_class
13737,2024-07-26,21:46:42,dealshark,black,AsselLesbekova,loss,Alexander_Donchenko,False,rapid
10954,2024-07-15,19:16:55,Tikhon_Popov,white,LeJaspeur,draw,Msb2,True,blitz
22385,2024-09-13,18:10:27,RatingsRequiem,black,DeTimmerman,win,wudileige,False,daily
</dataframe>


The user asked the following question:
### QUERY
 How many games did Hikaru play as white?

You generated this python code:
white_games = 0
for df in dfs:
    white_games += len(df[df['player'] == 'Hikaru' & (df['role'] == 'white')])
result = {'type': 'number', 'value': white_games}

It fails with the following error:
Traceback (most recent call last):
  File "/opt/anaconda3/envs/testenv/lib/python3.12/site-packages/pandas/core/ops/array_ops.py", line 305, in na_logical_op
    result = op(x, y)
             ^^^^^^^^
  File "/opt/anaconda3/envs/testenv/lib/python3.12/site-packages/pandas/core/roperator.py", line 54, in rand_
    return operator.and_(right, left)
           ^^^^^^^^^^^^^^^^^^^^^^^^^^
TypeError: ufunc 'bitwise_and' not supported for the input types, and the inputs could not be safely coerced to any supported types according to the casting rule ''safe''

During handling of the above exception, another exception occurred:

Traceback (most recent call last):
  File "/opt/anaconda3/envs/testenv/lib/python3.12/site-packages/pandas/core/ops/array_ops.py", line 319, in na_logical_op
    result = libops.scalar_binop(x, y, op)
             ^^^^^^^^^^^^^^^^^^^^^^^^^^^^^
  File "pandas/_libs/ops.pyx", line 180, in pandas._libs.ops.scalar_binop
ValueError: Buffer dtype mismatch, expected 'Python object' but got 'bool'

The above exception was the direct cause of the following exception:

Traceback (most recent call last):
  File "/opt/anaconda3/envs/testenv/lib/python3.12/site-packages/pandasai/pipelines/chat/code_execution.py", line 85, in execute
    result = self.execute_code(code_to_run, code_context)
             ^^^^^^^^^^^^^^^^^^^^^^^^^^^^^^^^^^^^^^^^^^^^
  File "/opt/anaconda3/envs/testenv/lib/python3.12/site-packages/pandasai/pipelines/chat/code_execution.py", line 171, in execute_code
    exec(code, environment)
  File "<string>", line 3, in <module>
  File "/opt/anaconda3/envs/testenv/lib/python3.12/site-packages/pandas/core/ops/common.py", line 72, in new_method
    return method(self, other)
           ^^^^^^^^^^^^^^^^^^^
  File "/opt/anaconda3/envs/testenv/lib/python3.12/site-packages/pandas/core/arraylike.py", line 76, in __rand__
    return self._logical_method(other, roperator.rand_)
           ^^^^^^^^^^^^^^^^^^^^^^^^^^^^^^^^^^^^^^^^^^^^
  File "/opt/anaconda3/envs/testenv/lib/python3.12/site-packages/pandas/core/series.py", line 6254, in _logical_method
    res_values = ops.logical_op(lvalues, rvalues, op)
                 ^^^^^^^^^^^^^^^^^^^^^^^^^^^^^^^^^^^^
  File "/opt/anaconda3/envs/testenv/lib/python3.12/site-packages/pandas/core/ops/array_ops.py", line 395, in logical_op
    res_values = na_logical_op(lvalues, rvalues, op)
                 ^^^^^^^^^^^^^^^^^^^^^^^^^^^^^^^^^^^
  File "/opt/anaconda3/envs/testenv/lib/python3.12/site-packages/pandas/core/ops/array_ops.py", line 328, in na_logical_op
    raise TypeError(
TypeError: Cannot perform 'rand_' with a dtyped [bool] array and scalar of type [bool]


Fix the python code above and return the new python code:
2024-10-23 15:48:11 [INFO] Executing Step 1: CodeGenerator
2024-10-23 15:48:13 [ERROR] Pipeline failed on step 1: 400 Project `440433821748` is not allowed to use Publisher Model `projects/chess-chatbot/locations/us-central1/publishers/google/models/text-bison@001`
2024-10-23 15:48:13 [ERROR] Pipeline failed on step 6: 400 Project `440433821748` is not allowed to use Publisher Model `projects/chess-chatbot/locations/us-central1/publishers/google/models/text-bison@001`
2024-10-23 15:49:27 [INFO] Question: How many games did Hikaru play as white?
2024-10-23 15:49:27 [INFO] Running PandasAI with google-vertexai LLM...
2024-10-23 15:49:27 [INFO] Prompt ID: 0cc6da7f-d9e5-4572-bd90-52fe57e27fb1
2024-10-23 15:49:27 [INFO] Executing Pipeline: GenerateChatPipeline
2024-10-23 15:49:27 [INFO] Executing Step 0: ValidatePipelineInput
2024-10-23 15:49:27 [INFO] Executing Step 1: CacheLookup
2024-10-23 15:49:27 [INFO] Using cached response
2024-10-23 15:49:27 [INFO] Executing Step 2: PromptGeneration
2024-10-23 15:49:27 [INFO] Executing Step 2: Skipping...
2024-10-23 15:49:27 [INFO] Executing Step 3: CodeGenerator
2024-10-23 15:49:27 [INFO] Executing Step 3: Skipping...
2024-10-23 15:49:27 [INFO] Executing Step 4: CachePopulation
2024-10-23 15:49:27 [INFO] Executing Step 4: Skipping...
2024-10-23 15:49:27 [INFO] Executing Step 5: CodeCleaning
2024-10-23 15:49:27 [INFO] 
Code running:
```
white_games = 0
for df in dfs:
    white_games += len(df[df['player'] == 'Hikaru' & (df['role'] == 'white')])
result = {'type': 'number', 'value': white_games}
        ```
2024-10-23 15:49:27 [INFO] Executing Step 6: CodeExecution
2024-10-23 15:49:27 [ERROR] Unable to extract filters for passed code
2024-10-23 15:49:27 [ERROR] Failed with error: Traceback (most recent call last):
  File "/opt/anaconda3/envs/testenv/lib/python3.12/site-packages/pandas/core/ops/array_ops.py", line 305, in na_logical_op
    result = op(x, y)
             ^^^^^^^^
  File "/opt/anaconda3/envs/testenv/lib/python3.12/site-packages/pandas/core/roperator.py", line 54, in rand_
    return operator.and_(right, left)
           ^^^^^^^^^^^^^^^^^^^^^^^^^^
TypeError: ufunc 'bitwise_and' not supported for the input types, and the inputs could not be safely coerced to any supported types according to the casting rule ''safe''

During handling of the above exception, another exception occurred:

Traceback (most recent call last):
  File "/opt/anaconda3/envs/testenv/lib/python3.12/site-packages/pandas/core/ops/array_ops.py", line 319, in na_logical_op
    result = libops.scalar_binop(x, y, op)
             ^^^^^^^^^^^^^^^^^^^^^^^^^^^^^
  File "pandas/_libs/ops.pyx", line 180, in pandas._libs.ops.scalar_binop
ValueError: Buffer dtype mismatch, expected 'Python object' but got 'bool'

The above exception was the direct cause of the following exception:

Traceback (most recent call last):
  File "/opt/anaconda3/envs/testenv/lib/python3.12/site-packages/pandasai/pipelines/chat/code_execution.py", line 85, in execute
    result = self.execute_code(code_to_run, code_context)
             ^^^^^^^^^^^^^^^^^^^^^^^^^^^^^^^^^^^^^^^^^^^^
  File "/opt/anaconda3/envs/testenv/lib/python3.12/site-packages/pandasai/pipelines/chat/code_execution.py", line 171, in execute_code
    exec(code, environment)
  File "<string>", line 3, in <module>
  File "/opt/anaconda3/envs/testenv/lib/python3.12/site-packages/pandas/core/ops/common.py", line 72, in new_method
    return method(self, other)
           ^^^^^^^^^^^^^^^^^^^
  File "/opt/anaconda3/envs/testenv/lib/python3.12/site-packages/pandas/core/arraylike.py", line 76, in __rand__
    return self._logical_method(other, roperator.rand_)
           ^^^^^^^^^^^^^^^^^^^^^^^^^^^^^^^^^^^^^^^^^^^^
  File "/opt/anaconda3/envs/testenv/lib/python3.12/site-packages/pandas/core/series.py", line 6254, in _logical_method
    res_values = ops.logical_op(lvalues, rvalues, op)
                 ^^^^^^^^^^^^^^^^^^^^^^^^^^^^^^^^^^^^
  File "/opt/anaconda3/envs/testenv/lib/python3.12/site-packages/pandas/core/ops/array_ops.py", line 395, in logical_op
    res_values = na_logical_op(lvalues, rvalues, op)
                 ^^^^^^^^^^^^^^^^^^^^^^^^^^^^^^^^^^^
  File "/opt/anaconda3/envs/testenv/lib/python3.12/site-packages/pandas/core/ops/array_ops.py", line 328, in na_logical_op
    raise TypeError(
TypeError: Cannot perform 'rand_' with a dtyped [bool] array and scalar of type [bool]

2024-10-23 15:49:27 [WARNING] Failed to execute code retrying with a correction framework [retry number: 1]
2024-10-23 15:49:27 [INFO] Executing Pipeline: ErrorCorrectionPipeline
2024-10-23 15:49:27 [INFO] Executing Step 0: ErrorPromptGeneration
2024-10-23 15:49:27 [INFO] Using prompt: <dataframe>
dfs[0]:25088x10
game_id,date,time,player,role,opponent,player_result,winner,rated,time_class
24555,2024-08-02,19:07:51,toninhojit,black,HaDonna,draw,Grandelicious,True,bullet
20320,2024-07-21,00:52:09,tahakhalili2023,black,Alen_Yeremyann,loss,Flameboard08,False,rapid
4855,2024-08-06,18:33:19,DominguezOnYoutube,white,Nanakorobi_yaoki,win,Kiborg95,True,daily
</dataframe>


The user asked the following question:
### QUERY
 How many games did Hikaru play as white?

You generated this python code:
white_games = 0
for df in dfs:
    white_games += len(df[df['player'] == 'Hikaru' & (df['role'] == 'white')])
result = {'type': 'number', 'value': white_games}

It fails with the following error:
Traceback (most recent call last):
  File "/opt/anaconda3/envs/testenv/lib/python3.12/site-packages/pandas/core/ops/array_ops.py", line 305, in na_logical_op
    result = op(x, y)
             ^^^^^^^^
  File "/opt/anaconda3/envs/testenv/lib/python3.12/site-packages/pandas/core/roperator.py", line 54, in rand_
    return operator.and_(right, left)
           ^^^^^^^^^^^^^^^^^^^^^^^^^^
TypeError: ufunc 'bitwise_and' not supported for the input types, and the inputs could not be safely coerced to any supported types according to the casting rule ''safe''

During handling of the above exception, another exception occurred:

Traceback (most recent call last):
  File "/opt/anaconda3/envs/testenv/lib/python3.12/site-packages/pandas/core/ops/array_ops.py", line 319, in na_logical_op
    result = libops.scalar_binop(x, y, op)
             ^^^^^^^^^^^^^^^^^^^^^^^^^^^^^
  File "pandas/_libs/ops.pyx", line 180, in pandas._libs.ops.scalar_binop
ValueError: Buffer dtype mismatch, expected 'Python object' but got 'bool'

The above exception was the direct cause of the following exception:

Traceback (most recent call last):
  File "/opt/anaconda3/envs/testenv/lib/python3.12/site-packages/pandasai/pipelines/chat/code_execution.py", line 85, in execute
    result = self.execute_code(code_to_run, code_context)
             ^^^^^^^^^^^^^^^^^^^^^^^^^^^^^^^^^^^^^^^^^^^^
  File "/opt/anaconda3/envs/testenv/lib/python3.12/site-packages/pandasai/pipelines/chat/code_execution.py", line 171, in execute_code
    exec(code, environment)
  File "<string>", line 3, in <module>
  File "/opt/anaconda3/envs/testenv/lib/python3.12/site-packages/pandas/core/ops/common.py", line 72, in new_method
    return method(self, other)
           ^^^^^^^^^^^^^^^^^^^
  File "/opt/anaconda3/envs/testenv/lib/python3.12/site-packages/pandas/core/arraylike.py", line 76, in __rand__
    return self._logical_method(other, roperator.rand_)
           ^^^^^^^^^^^^^^^^^^^^^^^^^^^^^^^^^^^^^^^^^^^^
  File "/opt/anaconda3/envs/testenv/lib/python3.12/site-packages/pandas/core/series.py", line 6254, in _logical_method
    res_values = ops.logical_op(lvalues, rvalues, op)
                 ^^^^^^^^^^^^^^^^^^^^^^^^^^^^^^^^^^^^
  File "/opt/anaconda3/envs/testenv/lib/python3.12/site-packages/pandas/core/ops/array_ops.py", line 395, in logical_op
    res_values = na_logical_op(lvalues, rvalues, op)
                 ^^^^^^^^^^^^^^^^^^^^^^^^^^^^^^^^^^^
  File "/opt/anaconda3/envs/testenv/lib/python3.12/site-packages/pandas/core/ops/array_ops.py", line 328, in na_logical_op
    raise TypeError(
TypeError: Cannot perform 'rand_' with a dtyped [bool] array and scalar of type [bool]


Fix the python code above and return the new python code:
2024-10-23 15:49:27 [INFO] Executing Step 1: CodeGenerator
2024-10-23 15:49:28 [ERROR] Pipeline failed on step 1: 400 Project `440433821748` is not allowed to use Publisher Model `projects/chess-chatbot/locations/us-central1/publishers/google/models/text-bison@001`
2024-10-23 15:49:28 [ERROR] Pipeline failed on step 6: 400 Project `440433821748` is not allowed to use Publisher Model `projects/chess-chatbot/locations/us-central1/publishers/google/models/text-bison@001`
2024-10-23 15:49:58 [INFO] Question: How many games did Hikaru play as white?
2024-10-23 15:49:58 [INFO] Running PandasAI with google-vertexai LLM...
2024-10-23 15:49:58 [INFO] Prompt ID: 67d2e68e-d9d6-4d71-a61b-a9643a6603c7
2024-10-23 15:49:58 [INFO] Executing Pipeline: GenerateChatPipeline
2024-10-23 15:49:58 [INFO] Executing Step 0: ValidatePipelineInput
2024-10-23 15:49:58 [INFO] Executing Step 1: CacheLookup
2024-10-23 15:49:58 [INFO] Using cached response
2024-10-23 15:49:58 [INFO] Executing Step 2: PromptGeneration
2024-10-23 15:49:58 [INFO] Executing Step 2: Skipping...
2024-10-23 15:49:58 [INFO] Executing Step 3: CodeGenerator
2024-10-23 15:49:58 [INFO] Executing Step 3: Skipping...
2024-10-23 15:49:58 [INFO] Executing Step 4: CachePopulation
2024-10-23 15:49:58 [INFO] Executing Step 4: Skipping...
2024-10-23 15:49:58 [INFO] Executing Step 5: CodeCleaning
2024-10-23 15:49:58 [INFO] 
Code running:
```
white_games = 0
for df in dfs:
    white_games += len(df[df['player'] == 'Hikaru' & (df['role'] == 'white')])
result = {'type': 'number', 'value': white_games}
        ```
2024-10-23 15:49:58 [INFO] Executing Step 6: CodeExecution
2024-10-23 15:49:58 [ERROR] Unable to extract filters for passed code
2024-10-23 15:49:58 [ERROR] Failed with error: Traceback (most recent call last):
  File "/opt/anaconda3/envs/testenv/lib/python3.12/site-packages/pandas/core/ops/array_ops.py", line 305, in na_logical_op
    result = op(x, y)
             ^^^^^^^^
  File "/opt/anaconda3/envs/testenv/lib/python3.12/site-packages/pandas/core/roperator.py", line 54, in rand_
    return operator.and_(right, left)
           ^^^^^^^^^^^^^^^^^^^^^^^^^^
TypeError: ufunc 'bitwise_and' not supported for the input types, and the inputs could not be safely coerced to any supported types according to the casting rule ''safe''

During handling of the above exception, another exception occurred:

Traceback (most recent call last):
  File "/opt/anaconda3/envs/testenv/lib/python3.12/site-packages/pandas/core/ops/array_ops.py", line 319, in na_logical_op
    result = libops.scalar_binop(x, y, op)
             ^^^^^^^^^^^^^^^^^^^^^^^^^^^^^
  File "pandas/_libs/ops.pyx", line 180, in pandas._libs.ops.scalar_binop
ValueError: Buffer dtype mismatch, expected 'Python object' but got 'bool'

The above exception was the direct cause of the following exception:

Traceback (most recent call last):
  File "/opt/anaconda3/envs/testenv/lib/python3.12/site-packages/pandasai/pipelines/chat/code_execution.py", line 85, in execute
    result = self.execute_code(code_to_run, code_context)
             ^^^^^^^^^^^^^^^^^^^^^^^^^^^^^^^^^^^^^^^^^^^^
  File "/opt/anaconda3/envs/testenv/lib/python3.12/site-packages/pandasai/pipelines/chat/code_execution.py", line 171, in execute_code
    exec(code, environment)
  File "<string>", line 3, in <module>
  File "/opt/anaconda3/envs/testenv/lib/python3.12/site-packages/pandas/core/ops/common.py", line 72, in new_method
    return method(self, other)
           ^^^^^^^^^^^^^^^^^^^
  File "/opt/anaconda3/envs/testenv/lib/python3.12/site-packages/pandas/core/arraylike.py", line 76, in __rand__
    return self._logical_method(other, roperator.rand_)
           ^^^^^^^^^^^^^^^^^^^^^^^^^^^^^^^^^^^^^^^^^^^^
  File "/opt/anaconda3/envs/testenv/lib/python3.12/site-packages/pandas/core/series.py", line 6254, in _logical_method
    res_values = ops.logical_op(lvalues, rvalues, op)
                 ^^^^^^^^^^^^^^^^^^^^^^^^^^^^^^^^^^^^
  File "/opt/anaconda3/envs/testenv/lib/python3.12/site-packages/pandas/core/ops/array_ops.py", line 395, in logical_op
    res_values = na_logical_op(lvalues, rvalues, op)
                 ^^^^^^^^^^^^^^^^^^^^^^^^^^^^^^^^^^^
  File "/opt/anaconda3/envs/testenv/lib/python3.12/site-packages/pandas/core/ops/array_ops.py", line 328, in na_logical_op
    raise TypeError(
TypeError: Cannot perform 'rand_' with a dtyped [bool] array and scalar of type [bool]

2024-10-23 15:49:58 [WARNING] Failed to execute code retrying with a correction framework [retry number: 1]
2024-10-23 15:49:58 [INFO] Executing Pipeline: ErrorCorrectionPipeline
2024-10-23 15:49:58 [INFO] Executing Step 0: ErrorPromptGeneration
2024-10-23 15:49:58 [INFO] Using prompt: <dataframe>
dfs[0]:25088x10
game_id,date,time,player,role,opponent,player_result,winner,rated,time_class
1429,2024-02-13,01:14:18,PavelShkapenko,black,Baronessa08,win,vladislavkovalev,True,daily
19715,2024-05-04,14:35:44,The_Machine04,white,Legit,draw,MolecularChemist,True,rapid
14763,2024-02-14,20:42:03,deathadder96,white,tilt,loss,AntonSmirnov,False,bullet
</dataframe>


The user asked the following question:
### QUERY
 How many games did Hikaru play as white?

You generated this python code:
white_games = 0
for df in dfs:
    white_games += len(df[df['player'] == 'Hikaru' & (df['role'] == 'white')])
result = {'type': 'number', 'value': white_games}

It fails with the following error:
Traceback (most recent call last):
  File "/opt/anaconda3/envs/testenv/lib/python3.12/site-packages/pandas/core/ops/array_ops.py", line 305, in na_logical_op
    result = op(x, y)
             ^^^^^^^^
  File "/opt/anaconda3/envs/testenv/lib/python3.12/site-packages/pandas/core/roperator.py", line 54, in rand_
    return operator.and_(right, left)
           ^^^^^^^^^^^^^^^^^^^^^^^^^^
TypeError: ufunc 'bitwise_and' not supported for the input types, and the inputs could not be safely coerced to any supported types according to the casting rule ''safe''

During handling of the above exception, another exception occurred:

Traceback (most recent call last):
  File "/opt/anaconda3/envs/testenv/lib/python3.12/site-packages/pandas/core/ops/array_ops.py", line 319, in na_logical_op
    result = libops.scalar_binop(x, y, op)
             ^^^^^^^^^^^^^^^^^^^^^^^^^^^^^
  File "pandas/_libs/ops.pyx", line 180, in pandas._libs.ops.scalar_binop
ValueError: Buffer dtype mismatch, expected 'Python object' but got 'bool'

The above exception was the direct cause of the following exception:

Traceback (most recent call last):
  File "/opt/anaconda3/envs/testenv/lib/python3.12/site-packages/pandasai/pipelines/chat/code_execution.py", line 85, in execute
    result = self.execute_code(code_to_run, code_context)
             ^^^^^^^^^^^^^^^^^^^^^^^^^^^^^^^^^^^^^^^^^^^^
  File "/opt/anaconda3/envs/testenv/lib/python3.12/site-packages/pandasai/pipelines/chat/code_execution.py", line 171, in execute_code
    exec(code, environment)
  File "<string>", line 3, in <module>
  File "/opt/anaconda3/envs/testenv/lib/python3.12/site-packages/pandas/core/ops/common.py", line 72, in new_method
    return method(self, other)
           ^^^^^^^^^^^^^^^^^^^
  File "/opt/anaconda3/envs/testenv/lib/python3.12/site-packages/pandas/core/arraylike.py", line 76, in __rand__
    return self._logical_method(other, roperator.rand_)
           ^^^^^^^^^^^^^^^^^^^^^^^^^^^^^^^^^^^^^^^^^^^^
  File "/opt/anaconda3/envs/testenv/lib/python3.12/site-packages/pandas/core/series.py", line 6254, in _logical_method
    res_values = ops.logical_op(lvalues, rvalues, op)
                 ^^^^^^^^^^^^^^^^^^^^^^^^^^^^^^^^^^^^
  File "/opt/anaconda3/envs/testenv/lib/python3.12/site-packages/pandas/core/ops/array_ops.py", line 395, in logical_op
    res_values = na_logical_op(lvalues, rvalues, op)
                 ^^^^^^^^^^^^^^^^^^^^^^^^^^^^^^^^^^^
  File "/opt/anaconda3/envs/testenv/lib/python3.12/site-packages/pandas/core/ops/array_ops.py", line 328, in na_logical_op
    raise TypeError(
TypeError: Cannot perform 'rand_' with a dtyped [bool] array and scalar of type [bool]


Fix the python code above and return the new python code:
2024-10-23 15:49:58 [INFO] Executing Step 1: CodeGenerator
2024-10-23 15:50:00 [ERROR] Pipeline failed on step 1: 400 Project `440433821748` is not allowed to use Publisher Model `projects/chess-chatbot/locations/us-central1/publishers/google/models/text-bison@001`
2024-10-23 15:50:00 [ERROR] Pipeline failed on step 6: 400 Project `440433821748` is not allowed to use Publisher Model `projects/chess-chatbot/locations/us-central1/publishers/google/models/text-bison@001`
2024-10-23 15:51:59 [INFO] Question: How many games did Hikaru play as white?
2024-10-23 15:51:59 [INFO] Running PandasAI with google-vertexai LLM...
2024-10-23 15:51:59 [INFO] Prompt ID: 673dfd86-71ee-456f-b740-202e62041d6b
2024-10-23 15:51:59 [INFO] Executing Pipeline: GenerateChatPipeline
2024-10-23 15:51:59 [INFO] Executing Step 0: ValidatePipelineInput
2024-10-23 15:51:59 [INFO] Executing Step 1: CacheLookup
2024-10-23 15:51:59 [INFO] Using cached response
2024-10-23 15:51:59 [INFO] Executing Step 2: PromptGeneration
2024-10-23 15:51:59 [INFO] Executing Step 2: Skipping...
2024-10-23 15:51:59 [INFO] Executing Step 3: CodeGenerator
2024-10-23 15:51:59 [INFO] Executing Step 3: Skipping...
2024-10-23 15:51:59 [INFO] Executing Step 4: CachePopulation
2024-10-23 15:51:59 [INFO] Executing Step 4: Skipping...
2024-10-23 15:51:59 [INFO] Executing Step 5: CodeCleaning
2024-10-23 15:51:59 [INFO] 
Code running:
```
white_games = 0
for df in dfs:
    white_games += len(df[df['player'] == 'Hikaru' & (df['role'] == 'white')])
result = {'type': 'number', 'value': white_games}
        ```
2024-10-23 15:51:59 [INFO] Executing Step 6: CodeExecution
2024-10-23 15:51:59 [ERROR] Unable to extract filters for passed code
2024-10-23 15:51:59 [ERROR] Failed with error: Traceback (most recent call last):
  File "/opt/anaconda3/envs/testenv/lib/python3.12/site-packages/pandas/core/ops/array_ops.py", line 305, in na_logical_op
    result = op(x, y)
             ^^^^^^^^
  File "/opt/anaconda3/envs/testenv/lib/python3.12/site-packages/pandas/core/roperator.py", line 54, in rand_
    return operator.and_(right, left)
           ^^^^^^^^^^^^^^^^^^^^^^^^^^
TypeError: ufunc 'bitwise_and' not supported for the input types, and the inputs could not be safely coerced to any supported types according to the casting rule ''safe''

During handling of the above exception, another exception occurred:

Traceback (most recent call last):
  File "/opt/anaconda3/envs/testenv/lib/python3.12/site-packages/pandas/core/ops/array_ops.py", line 319, in na_logical_op
    result = libops.scalar_binop(x, y, op)
             ^^^^^^^^^^^^^^^^^^^^^^^^^^^^^
  File "pandas/_libs/ops.pyx", line 180, in pandas._libs.ops.scalar_binop
ValueError: Buffer dtype mismatch, expected 'Python object' but got 'bool'

The above exception was the direct cause of the following exception:

Traceback (most recent call last):
  File "/opt/anaconda3/envs/testenv/lib/python3.12/site-packages/pandasai/pipelines/chat/code_execution.py", line 85, in execute
    result = self.execute_code(code_to_run, code_context)
             ^^^^^^^^^^^^^^^^^^^^^^^^^^^^^^^^^^^^^^^^^^^^
  File "/opt/anaconda3/envs/testenv/lib/python3.12/site-packages/pandasai/pipelines/chat/code_execution.py", line 171, in execute_code
    exec(code, environment)
  File "<string>", line 3, in <module>
  File "/opt/anaconda3/envs/testenv/lib/python3.12/site-packages/pandas/core/ops/common.py", line 72, in new_method
    return method(self, other)
           ^^^^^^^^^^^^^^^^^^^
  File "/opt/anaconda3/envs/testenv/lib/python3.12/site-packages/pandas/core/arraylike.py", line 76, in __rand__
    return self._logical_method(other, roperator.rand_)
           ^^^^^^^^^^^^^^^^^^^^^^^^^^^^^^^^^^^^^^^^^^^^
  File "/opt/anaconda3/envs/testenv/lib/python3.12/site-packages/pandas/core/series.py", line 6254, in _logical_method
    res_values = ops.logical_op(lvalues, rvalues, op)
                 ^^^^^^^^^^^^^^^^^^^^^^^^^^^^^^^^^^^^
  File "/opt/anaconda3/envs/testenv/lib/python3.12/site-packages/pandas/core/ops/array_ops.py", line 395, in logical_op
    res_values = na_logical_op(lvalues, rvalues, op)
                 ^^^^^^^^^^^^^^^^^^^^^^^^^^^^^^^^^^^
  File "/opt/anaconda3/envs/testenv/lib/python3.12/site-packages/pandas/core/ops/array_ops.py", line 328, in na_logical_op
    raise TypeError(
TypeError: Cannot perform 'rand_' with a dtyped [bool] array and scalar of type [bool]

2024-10-23 15:51:59 [WARNING] Failed to execute code retrying with a correction framework [retry number: 1]
2024-10-23 15:51:59 [INFO] Executing Pipeline: ErrorCorrectionPipeline
2024-10-23 15:51:59 [INFO] Executing Step 0: ErrorPromptGeneration
2024-10-23 15:51:59 [INFO] Using prompt: <dataframe>
dfs[0]:25088x10
game_id,date,time,player,role,opponent,player_result,winner,rated,time_class
21390,2024-08-24,19:58:58,f2musique,white,Ydknme,draw,luckyleprochaun,False,daily
23660,2024-08-29,20:00:14,Paladin61,black,wqws,win,HVillagra,True,bullet
22945,2024-06-09,00:06:43,ElDivis,white,CarlosjPineror,loss,DIMONBANAN,True,rapid
</dataframe>


The user asked the following question:
### QUERY
 How many games did Hikaru play as white?

You generated this python code:
white_games = 0
for df in dfs:
    white_games += len(df[df['player'] == 'Hikaru' & (df['role'] == 'white')])
result = {'type': 'number', 'value': white_games}

It fails with the following error:
Traceback (most recent call last):
  File "/opt/anaconda3/envs/testenv/lib/python3.12/site-packages/pandas/core/ops/array_ops.py", line 305, in na_logical_op
    result = op(x, y)
             ^^^^^^^^
  File "/opt/anaconda3/envs/testenv/lib/python3.12/site-packages/pandas/core/roperator.py", line 54, in rand_
    return operator.and_(right, left)
           ^^^^^^^^^^^^^^^^^^^^^^^^^^
TypeError: ufunc 'bitwise_and' not supported for the input types, and the inputs could not be safely coerced to any supported types according to the casting rule ''safe''

During handling of the above exception, another exception occurred:

Traceback (most recent call last):
  File "/opt/anaconda3/envs/testenv/lib/python3.12/site-packages/pandas/core/ops/array_ops.py", line 319, in na_logical_op
    result = libops.scalar_binop(x, y, op)
             ^^^^^^^^^^^^^^^^^^^^^^^^^^^^^
  File "pandas/_libs/ops.pyx", line 180, in pandas._libs.ops.scalar_binop
ValueError: Buffer dtype mismatch, expected 'Python object' but got 'bool'

The above exception was the direct cause of the following exception:

Traceback (most recent call last):
  File "/opt/anaconda3/envs/testenv/lib/python3.12/site-packages/pandasai/pipelines/chat/code_execution.py", line 85, in execute
    result = self.execute_code(code_to_run, code_context)
             ^^^^^^^^^^^^^^^^^^^^^^^^^^^^^^^^^^^^^^^^^^^^
  File "/opt/anaconda3/envs/testenv/lib/python3.12/site-packages/pandasai/pipelines/chat/code_execution.py", line 171, in execute_code
    exec(code, environment)
  File "<string>", line 3, in <module>
  File "/opt/anaconda3/envs/testenv/lib/python3.12/site-packages/pandas/core/ops/common.py", line 72, in new_method
    return method(self, other)
           ^^^^^^^^^^^^^^^^^^^
  File "/opt/anaconda3/envs/testenv/lib/python3.12/site-packages/pandas/core/arraylike.py", line 76, in __rand__
    return self._logical_method(other, roperator.rand_)
           ^^^^^^^^^^^^^^^^^^^^^^^^^^^^^^^^^^^^^^^^^^^^
  File "/opt/anaconda3/envs/testenv/lib/python3.12/site-packages/pandas/core/series.py", line 6254, in _logical_method
    res_values = ops.logical_op(lvalues, rvalues, op)
                 ^^^^^^^^^^^^^^^^^^^^^^^^^^^^^^^^^^^^
  File "/opt/anaconda3/envs/testenv/lib/python3.12/site-packages/pandas/core/ops/array_ops.py", line 395, in logical_op
    res_values = na_logical_op(lvalues, rvalues, op)
                 ^^^^^^^^^^^^^^^^^^^^^^^^^^^^^^^^^^^
  File "/opt/anaconda3/envs/testenv/lib/python3.12/site-packages/pandas/core/ops/array_ops.py", line 328, in na_logical_op
    raise TypeError(
TypeError: Cannot perform 'rand_' with a dtyped [bool] array and scalar of type [bool]


Fix the python code above and return the new python code:
2024-10-23 15:51:59 [INFO] Executing Step 1: CodeGenerator
2024-10-23 15:52:01 [ERROR] Pipeline failed on step 1: 400 Project `440433821748` is not allowed to use Publisher Model `projects/chess-chatbot/locations/us-central1/publishers/google/models/text-bison@001`
2024-10-23 15:52:01 [ERROR] Pipeline failed on step 6: 400 Project `440433821748` is not allowed to use Publisher Model `projects/chess-chatbot/locations/us-central1/publishers/google/models/text-bison@001`
2024-10-23 15:59:11 [INFO] Question: How many games did Hikaru play as white?
2024-10-23 15:59:11 [INFO] Running PandasAI with google-vertexai LLM...
2024-10-23 15:59:11 [INFO] Prompt ID: 800e6087-0374-4501-bc58-b53841739ead
2024-10-23 15:59:11 [INFO] Executing Pipeline: GenerateChatPipeline
2024-10-23 15:59:11 [INFO] Executing Step 0: ValidatePipelineInput
2024-10-23 15:59:11 [INFO] Executing Step 1: CacheLookup
2024-10-23 15:59:11 [INFO] Using cached response
2024-10-23 15:59:11 [INFO] Executing Step 2: PromptGeneration
2024-10-23 15:59:11 [INFO] Executing Step 2: Skipping...
2024-10-23 15:59:11 [INFO] Executing Step 3: CodeGenerator
2024-10-23 15:59:11 [INFO] Executing Step 3: Skipping...
2024-10-23 15:59:11 [INFO] Executing Step 4: CachePopulation
2024-10-23 15:59:11 [INFO] Executing Step 4: Skipping...
2024-10-23 15:59:11 [INFO] Executing Step 5: CodeCleaning
2024-10-23 15:59:11 [INFO] 
Code running:
```
white_games = 0
for df in dfs:
    white_games += len(df[df['player'] == 'Hikaru' & (df['role'] == 'white')])
result = {'type': 'number', 'value': white_games}
        ```
2024-10-23 15:59:11 [INFO] Executing Step 6: CodeExecution
2024-10-23 15:59:11 [ERROR] Unable to extract filters for passed code
2024-10-23 15:59:11 [ERROR] Failed with error: Traceback (most recent call last):
  File "/opt/anaconda3/envs/testenv/lib/python3.12/site-packages/pandas/core/ops/array_ops.py", line 305, in na_logical_op
    result = op(x, y)
             ^^^^^^^^
  File "/opt/anaconda3/envs/testenv/lib/python3.12/site-packages/pandas/core/roperator.py", line 54, in rand_
    return operator.and_(right, left)
           ^^^^^^^^^^^^^^^^^^^^^^^^^^
TypeError: ufunc 'bitwise_and' not supported for the input types, and the inputs could not be safely coerced to any supported types according to the casting rule ''safe''

During handling of the above exception, another exception occurred:

Traceback (most recent call last):
  File "/opt/anaconda3/envs/testenv/lib/python3.12/site-packages/pandas/core/ops/array_ops.py", line 319, in na_logical_op
    result = libops.scalar_binop(x, y, op)
             ^^^^^^^^^^^^^^^^^^^^^^^^^^^^^
  File "pandas/_libs/ops.pyx", line 180, in pandas._libs.ops.scalar_binop
ValueError: Buffer dtype mismatch, expected 'Python object' but got 'bool'

The above exception was the direct cause of the following exception:

Traceback (most recent call last):
  File "/opt/anaconda3/envs/testenv/lib/python3.12/site-packages/pandasai/pipelines/chat/code_execution.py", line 85, in execute
    result = self.execute_code(code_to_run, code_context)
             ^^^^^^^^^^^^^^^^^^^^^^^^^^^^^^^^^^^^^^^^^^^^
  File "/opt/anaconda3/envs/testenv/lib/python3.12/site-packages/pandasai/pipelines/chat/code_execution.py", line 171, in execute_code
    exec(code, environment)
  File "<string>", line 3, in <module>
  File "/opt/anaconda3/envs/testenv/lib/python3.12/site-packages/pandas/core/ops/common.py", line 72, in new_method
    return method(self, other)
           ^^^^^^^^^^^^^^^^^^^
  File "/opt/anaconda3/envs/testenv/lib/python3.12/site-packages/pandas/core/arraylike.py", line 76, in __rand__
    return self._logical_method(other, roperator.rand_)
           ^^^^^^^^^^^^^^^^^^^^^^^^^^^^^^^^^^^^^^^^^^^^
  File "/opt/anaconda3/envs/testenv/lib/python3.12/site-packages/pandas/core/series.py", line 6254, in _logical_method
    res_values = ops.logical_op(lvalues, rvalues, op)
                 ^^^^^^^^^^^^^^^^^^^^^^^^^^^^^^^^^^^^
  File "/opt/anaconda3/envs/testenv/lib/python3.12/site-packages/pandas/core/ops/array_ops.py", line 395, in logical_op
    res_values = na_logical_op(lvalues, rvalues, op)
                 ^^^^^^^^^^^^^^^^^^^^^^^^^^^^^^^^^^^
  File "/opt/anaconda3/envs/testenv/lib/python3.12/site-packages/pandas/core/ops/array_ops.py", line 328, in na_logical_op
    raise TypeError(
TypeError: Cannot perform 'rand_' with a dtyped [bool] array and scalar of type [bool]

2024-10-23 15:59:11 [WARNING] Failed to execute code retrying with a correction framework [retry number: 1]
2024-10-23 15:59:11 [INFO] Executing Pipeline: ErrorCorrectionPipeline
2024-10-23 15:59:11 [INFO] Executing Step 0: ErrorPromptGeneration
2024-10-23 15:59:11 [INFO] Using prompt: <dataframe>
dfs[0]:25088x10
game_id,date,time,player,role,opponent,player_result,winner,rated,time_class
11775,2024-09-15,22:47:18,Gump_forest,black,Revan_2002,draw,wqws,True,daily
883,2024-09-16,22:29:05,dhanushbharadwaj,white,RTF13,loss,DIMONBANAN,False,bullet
663,2024-08-06,02:27:55,sbasil,black,artooon,win,artin10862,True,blitz
</dataframe>


The user asked the following question:
### QUERY
 How many games did Hikaru play as white?

You generated this python code:
white_games = 0
for df in dfs:
    white_games += len(df[df['player'] == 'Hikaru' & (df['role'] == 'white')])
result = {'type': 'number', 'value': white_games}

It fails with the following error:
Traceback (most recent call last):
  File "/opt/anaconda3/envs/testenv/lib/python3.12/site-packages/pandas/core/ops/array_ops.py", line 305, in na_logical_op
    result = op(x, y)
             ^^^^^^^^
  File "/opt/anaconda3/envs/testenv/lib/python3.12/site-packages/pandas/core/roperator.py", line 54, in rand_
    return operator.and_(right, left)
           ^^^^^^^^^^^^^^^^^^^^^^^^^^
TypeError: ufunc 'bitwise_and' not supported for the input types, and the inputs could not be safely coerced to any supported types according to the casting rule ''safe''

During handling of the above exception, another exception occurred:

Traceback (most recent call last):
  File "/opt/anaconda3/envs/testenv/lib/python3.12/site-packages/pandas/core/ops/array_ops.py", line 319, in na_logical_op
    result = libops.scalar_binop(x, y, op)
             ^^^^^^^^^^^^^^^^^^^^^^^^^^^^^
  File "pandas/_libs/ops.pyx", line 180, in pandas._libs.ops.scalar_binop
ValueError: Buffer dtype mismatch, expected 'Python object' but got 'bool'

The above exception was the direct cause of the following exception:

Traceback (most recent call last):
  File "/opt/anaconda3/envs/testenv/lib/python3.12/site-packages/pandasai/pipelines/chat/code_execution.py", line 85, in execute
    result = self.execute_code(code_to_run, code_context)
             ^^^^^^^^^^^^^^^^^^^^^^^^^^^^^^^^^^^^^^^^^^^^
  File "/opt/anaconda3/envs/testenv/lib/python3.12/site-packages/pandasai/pipelines/chat/code_execution.py", line 171, in execute_code
    exec(code, environment)
  File "<string>", line 3, in <module>
  File "/opt/anaconda3/envs/testenv/lib/python3.12/site-packages/pandas/core/ops/common.py", line 72, in new_method
    return method(self, other)
           ^^^^^^^^^^^^^^^^^^^
  File "/opt/anaconda3/envs/testenv/lib/python3.12/site-packages/pandas/core/arraylike.py", line 76, in __rand__
    return self._logical_method(other, roperator.rand_)
           ^^^^^^^^^^^^^^^^^^^^^^^^^^^^^^^^^^^^^^^^^^^^
  File "/opt/anaconda3/envs/testenv/lib/python3.12/site-packages/pandas/core/series.py", line 6254, in _logical_method
    res_values = ops.logical_op(lvalues, rvalues, op)
                 ^^^^^^^^^^^^^^^^^^^^^^^^^^^^^^^^^^^^
  File "/opt/anaconda3/envs/testenv/lib/python3.12/site-packages/pandas/core/ops/array_ops.py", line 395, in logical_op
    res_values = na_logical_op(lvalues, rvalues, op)
                 ^^^^^^^^^^^^^^^^^^^^^^^^^^^^^^^^^^^
  File "/opt/anaconda3/envs/testenv/lib/python3.12/site-packages/pandas/core/ops/array_ops.py", line 328, in na_logical_op
    raise TypeError(
TypeError: Cannot perform 'rand_' with a dtyped [bool] array and scalar of type [bool]


Fix the python code above and return the new python code:
2024-10-23 15:59:11 [INFO] Executing Step 1: CodeGenerator
2024-10-23 15:59:14 [ERROR] Pipeline failed on step 1: 400 Project `440433821748` is not allowed to use Publisher Model `projects/chess-chatbot/locations/us-central1/publishers/google/models/text-bison@001`
2024-10-23 15:59:14 [ERROR] Pipeline failed on step 6: 400 Project `440433821748` is not allowed to use Publisher Model `projects/chess-chatbot/locations/us-central1/publishers/google/models/text-bison@001`
2024-10-23 16:00:54 [INFO] Question: How many games did Hikaru play as white?
2024-10-23 16:00:54 [INFO] Running PandasAI with google-vertexai LLM...
2024-10-23 16:00:54 [INFO] Prompt ID: a60bfe00-4d07-484f-b0d5-177640946b65
2024-10-23 16:00:54 [INFO] Executing Pipeline: GenerateChatPipeline
2024-10-23 16:00:54 [INFO] Executing Step 0: ValidatePipelineInput
2024-10-23 16:00:54 [INFO] Executing Step 1: CacheLookup
2024-10-23 16:00:54 [INFO] Using cached response
2024-10-23 16:00:54 [INFO] Executing Step 2: PromptGeneration
2024-10-23 16:00:54 [INFO] Executing Step 2: Skipping...
2024-10-23 16:00:54 [INFO] Executing Step 3: CodeGenerator
2024-10-23 16:00:54 [INFO] Executing Step 3: Skipping...
2024-10-23 16:00:54 [INFO] Executing Step 4: CachePopulation
2024-10-23 16:00:54 [INFO] Executing Step 4: Skipping...
2024-10-23 16:00:54 [INFO] Executing Step 5: CodeCleaning
2024-10-23 16:00:54 [INFO] 
Code running:
```
white_games = 0
for df in dfs:
    white_games += len(df[df['player'] == 'Hikaru' & (df['role'] == 'white')])
result = {'type': 'number', 'value': white_games}
        ```
2024-10-23 16:00:54 [INFO] Executing Step 6: CodeExecution
2024-10-23 16:00:54 [ERROR] Unable to extract filters for passed code
2024-10-23 16:00:54 [ERROR] Failed with error: Traceback (most recent call last):
  File "/opt/anaconda3/envs/testenv/lib/python3.12/site-packages/pandas/core/ops/array_ops.py", line 305, in na_logical_op
    result = op(x, y)
             ^^^^^^^^
  File "/opt/anaconda3/envs/testenv/lib/python3.12/site-packages/pandas/core/roperator.py", line 54, in rand_
    return operator.and_(right, left)
           ^^^^^^^^^^^^^^^^^^^^^^^^^^
TypeError: ufunc 'bitwise_and' not supported for the input types, and the inputs could not be safely coerced to any supported types according to the casting rule ''safe''

During handling of the above exception, another exception occurred:

Traceback (most recent call last):
  File "/opt/anaconda3/envs/testenv/lib/python3.12/site-packages/pandas/core/ops/array_ops.py", line 319, in na_logical_op
    result = libops.scalar_binop(x, y, op)
             ^^^^^^^^^^^^^^^^^^^^^^^^^^^^^
  File "pandas/_libs/ops.pyx", line 180, in pandas._libs.ops.scalar_binop
ValueError: Buffer dtype mismatch, expected 'Python object' but got 'bool'

The above exception was the direct cause of the following exception:

Traceback (most recent call last):
  File "/opt/anaconda3/envs/testenv/lib/python3.12/site-packages/pandasai/pipelines/chat/code_execution.py", line 85, in execute
    result = self.execute_code(code_to_run, code_context)
             ^^^^^^^^^^^^^^^^^^^^^^^^^^^^^^^^^^^^^^^^^^^^
  File "/opt/anaconda3/envs/testenv/lib/python3.12/site-packages/pandasai/pipelines/chat/code_execution.py", line 171, in execute_code
    exec(code, environment)
  File "<string>", line 3, in <module>
  File "/opt/anaconda3/envs/testenv/lib/python3.12/site-packages/pandas/core/ops/common.py", line 72, in new_method
    return method(self, other)
           ^^^^^^^^^^^^^^^^^^^
  File "/opt/anaconda3/envs/testenv/lib/python3.12/site-packages/pandas/core/arraylike.py", line 76, in __rand__
    return self._logical_method(other, roperator.rand_)
           ^^^^^^^^^^^^^^^^^^^^^^^^^^^^^^^^^^^^^^^^^^^^
  File "/opt/anaconda3/envs/testenv/lib/python3.12/site-packages/pandas/core/series.py", line 6254, in _logical_method
    res_values = ops.logical_op(lvalues, rvalues, op)
                 ^^^^^^^^^^^^^^^^^^^^^^^^^^^^^^^^^^^^
  File "/opt/anaconda3/envs/testenv/lib/python3.12/site-packages/pandas/core/ops/array_ops.py", line 395, in logical_op
    res_values = na_logical_op(lvalues, rvalues, op)
                 ^^^^^^^^^^^^^^^^^^^^^^^^^^^^^^^^^^^
  File "/opt/anaconda3/envs/testenv/lib/python3.12/site-packages/pandas/core/ops/array_ops.py", line 328, in na_logical_op
    raise TypeError(
TypeError: Cannot perform 'rand_' with a dtyped [bool] array and scalar of type [bool]

2024-10-23 16:00:54 [WARNING] Failed to execute code retrying with a correction framework [retry number: 1]
2024-10-23 16:00:54 [INFO] Executing Pipeline: ErrorCorrectionPipeline
2024-10-23 16:00:54 [INFO] Executing Step 0: ErrorPromptGeneration
2024-10-23 16:00:54 [INFO] Using prompt: <dataframe>
dfs[0]:25088x10
game_id,date,time,player,role,opponent,player_result,winner,rated,time_class
2678,2024-03-22,11:54:42,PositionalPanther,black,1e41-0,loss,Rud_Makarian,True,rapid
15232,2024-09-06,14:43:45,blefer66,white,SpeedKING1234,draw,Chesssplayer21,False,daily
11200,2024-09-08,18:42:30,TanitoluwaAps116,black,drisdan13,win,Mackster23,False,bullet
</dataframe>


The user asked the following question:
### QUERY
 How many games did Hikaru play as white?

You generated this python code:
white_games = 0
for df in dfs:
    white_games += len(df[df['player'] == 'Hikaru' & (df['role'] == 'white')])
result = {'type': 'number', 'value': white_games}

It fails with the following error:
Traceback (most recent call last):
  File "/opt/anaconda3/envs/testenv/lib/python3.12/site-packages/pandas/core/ops/array_ops.py", line 305, in na_logical_op
    result = op(x, y)
             ^^^^^^^^
  File "/opt/anaconda3/envs/testenv/lib/python3.12/site-packages/pandas/core/roperator.py", line 54, in rand_
    return operator.and_(right, left)
           ^^^^^^^^^^^^^^^^^^^^^^^^^^
TypeError: ufunc 'bitwise_and' not supported for the input types, and the inputs could not be safely coerced to any supported types according to the casting rule ''safe''

During handling of the above exception, another exception occurred:

Traceback (most recent call last):
  File "/opt/anaconda3/envs/testenv/lib/python3.12/site-packages/pandas/core/ops/array_ops.py", line 319, in na_logical_op
    result = libops.scalar_binop(x, y, op)
             ^^^^^^^^^^^^^^^^^^^^^^^^^^^^^
  File "pandas/_libs/ops.pyx", line 180, in pandas._libs.ops.scalar_binop
ValueError: Buffer dtype mismatch, expected 'Python object' but got 'bool'

The above exception was the direct cause of the following exception:

Traceback (most recent call last):
  File "/opt/anaconda3/envs/testenv/lib/python3.12/site-packages/pandasai/pipelines/chat/code_execution.py", line 85, in execute
    result = self.execute_code(code_to_run, code_context)
             ^^^^^^^^^^^^^^^^^^^^^^^^^^^^^^^^^^^^^^^^^^^^
  File "/opt/anaconda3/envs/testenv/lib/python3.12/site-packages/pandasai/pipelines/chat/code_execution.py", line 171, in execute_code
    exec(code, environment)
  File "<string>", line 3, in <module>
  File "/opt/anaconda3/envs/testenv/lib/python3.12/site-packages/pandas/core/ops/common.py", line 72, in new_method
    return method(self, other)
           ^^^^^^^^^^^^^^^^^^^
  File "/opt/anaconda3/envs/testenv/lib/python3.12/site-packages/pandas/core/arraylike.py", line 76, in __rand__
    return self._logical_method(other, roperator.rand_)
           ^^^^^^^^^^^^^^^^^^^^^^^^^^^^^^^^^^^^^^^^^^^^
  File "/opt/anaconda3/envs/testenv/lib/python3.12/site-packages/pandas/core/series.py", line 6254, in _logical_method
    res_values = ops.logical_op(lvalues, rvalues, op)
                 ^^^^^^^^^^^^^^^^^^^^^^^^^^^^^^^^^^^^
  File "/opt/anaconda3/envs/testenv/lib/python3.12/site-packages/pandas/core/ops/array_ops.py", line 395, in logical_op
    res_values = na_logical_op(lvalues, rvalues, op)
                 ^^^^^^^^^^^^^^^^^^^^^^^^^^^^^^^^^^^
  File "/opt/anaconda3/envs/testenv/lib/python3.12/site-packages/pandas/core/ops/array_ops.py", line 328, in na_logical_op
    raise TypeError(
TypeError: Cannot perform 'rand_' with a dtyped [bool] array and scalar of type [bool]


Fix the python code above and return the new python code:
2024-10-23 16:00:54 [INFO] Executing Step 1: CodeGenerator
2024-10-23 16:00:56 [ERROR] Pipeline failed on step 1: 400 Project `440433821748` is not allowed to use Publisher Model `projects/chess-chatbot/locations/us-central1/publishers/google/models/text-bison@001`
2024-10-23 16:00:56 [ERROR] Pipeline failed on step 6: 400 Project `440433821748` is not allowed to use Publisher Model `projects/chess-chatbot/locations/us-central1/publishers/google/models/text-bison@001`
2024-10-23 16:05:50 [INFO] Question: How many games did Hikaru play as white?
2024-10-23 16:05:50 [INFO] Running PandasAI with google-vertexai LLM...
2024-10-23 16:05:50 [INFO] Prompt ID: acd650ad-7340-4c19-8fd7-cc4826d69e06
2024-10-23 16:05:50 [INFO] Executing Pipeline: GenerateChatPipeline
2024-10-23 16:05:50 [INFO] Executing Step 0: ValidatePipelineInput
2024-10-23 16:05:50 [INFO] Executing Step 1: CacheLookup
2024-10-23 16:05:50 [INFO] Using cached response
2024-10-23 16:05:50 [INFO] Executing Step 2: PromptGeneration
2024-10-23 16:05:50 [INFO] Executing Step 2: Skipping...
2024-10-23 16:05:50 [INFO] Executing Step 3: CodeGenerator
2024-10-23 16:05:50 [INFO] Executing Step 3: Skipping...
2024-10-23 16:05:50 [INFO] Executing Step 4: CachePopulation
2024-10-23 16:05:50 [INFO] Executing Step 4: Skipping...
2024-10-23 16:05:50 [INFO] Executing Step 5: CodeCleaning
2024-10-23 16:05:50 [INFO] 
Code running:
```
white_games = 0
for df in dfs:
    white_games += len(df[df['player'] == 'Hikaru' & (df['role'] == 'white')])
result = {'type': 'number', 'value': white_games}
        ```
2024-10-23 16:05:50 [INFO] Executing Step 6: CodeExecution
2024-10-23 16:05:50 [ERROR] Unable to extract filters for passed code
2024-10-23 16:05:50 [ERROR] Failed with error: Traceback (most recent call last):
  File "/opt/anaconda3/envs/testenv/lib/python3.12/site-packages/pandas/core/ops/array_ops.py", line 305, in na_logical_op
    result = op(x, y)
             ^^^^^^^^
  File "/opt/anaconda3/envs/testenv/lib/python3.12/site-packages/pandas/core/roperator.py", line 54, in rand_
    return operator.and_(right, left)
           ^^^^^^^^^^^^^^^^^^^^^^^^^^
TypeError: ufunc 'bitwise_and' not supported for the input types, and the inputs could not be safely coerced to any supported types according to the casting rule ''safe''

During handling of the above exception, another exception occurred:

Traceback (most recent call last):
  File "/opt/anaconda3/envs/testenv/lib/python3.12/site-packages/pandas/core/ops/array_ops.py", line 319, in na_logical_op
    result = libops.scalar_binop(x, y, op)
             ^^^^^^^^^^^^^^^^^^^^^^^^^^^^^
  File "pandas/_libs/ops.pyx", line 180, in pandas._libs.ops.scalar_binop
ValueError: Buffer dtype mismatch, expected 'Python object' but got 'bool'

The above exception was the direct cause of the following exception:

Traceback (most recent call last):
  File "/opt/anaconda3/envs/testenv/lib/python3.12/site-packages/pandasai/pipelines/chat/code_execution.py", line 85, in execute
    result = self.execute_code(code_to_run, code_context)
             ^^^^^^^^^^^^^^^^^^^^^^^^^^^^^^^^^^^^^^^^^^^^
  File "/opt/anaconda3/envs/testenv/lib/python3.12/site-packages/pandasai/pipelines/chat/code_execution.py", line 171, in execute_code
    exec(code, environment)
  File "<string>", line 3, in <module>
  File "/opt/anaconda3/envs/testenv/lib/python3.12/site-packages/pandas/core/ops/common.py", line 72, in new_method
    return method(self, other)
           ^^^^^^^^^^^^^^^^^^^
  File "/opt/anaconda3/envs/testenv/lib/python3.12/site-packages/pandas/core/arraylike.py", line 76, in __rand__
    return self._logical_method(other, roperator.rand_)
           ^^^^^^^^^^^^^^^^^^^^^^^^^^^^^^^^^^^^^^^^^^^^
  File "/opt/anaconda3/envs/testenv/lib/python3.12/site-packages/pandas/core/series.py", line 6254, in _logical_method
    res_values = ops.logical_op(lvalues, rvalues, op)
                 ^^^^^^^^^^^^^^^^^^^^^^^^^^^^^^^^^^^^
  File "/opt/anaconda3/envs/testenv/lib/python3.12/site-packages/pandas/core/ops/array_ops.py", line 395, in logical_op
    res_values = na_logical_op(lvalues, rvalues, op)
                 ^^^^^^^^^^^^^^^^^^^^^^^^^^^^^^^^^^^
  File "/opt/anaconda3/envs/testenv/lib/python3.12/site-packages/pandas/core/ops/array_ops.py", line 328, in na_logical_op
    raise TypeError(
TypeError: Cannot perform 'rand_' with a dtyped [bool] array and scalar of type [bool]

2024-10-23 16:05:50 [WARNING] Failed to execute code retrying with a correction framework [retry number: 1]
2024-10-23 16:05:50 [INFO] Executing Pipeline: ErrorCorrectionPipeline
2024-10-23 16:05:50 [INFO] Executing Step 0: ErrorPromptGeneration
2024-10-23 16:05:50 [INFO] Using prompt: <dataframe>
dfs[0]:25088x10
game_id,date,time,player,role,opponent,player_result,winner,rated,time_class
18713,2024-06-16,23:42:34,whyme85,black,Sam_ChessMood,loss,Sychev_Klementy,True,blitz
8822,2024-05-10,20:14:29,Meri-Arabidze,white,momotaro77,win,Abund,False,bullet
7832,2024-04-22,06:48:35,bughouse_addict,white,winniethepooh04,draw,blitzking1729,False,daily
</dataframe>


The user asked the following question:
### QUERY
 How many games did Hikaru play as white?

You generated this python code:
white_games = 0
for df in dfs:
    white_games += len(df[df['player'] == 'Hikaru' & (df['role'] == 'white')])
result = {'type': 'number', 'value': white_games}

It fails with the following error:
Traceback (most recent call last):
  File "/opt/anaconda3/envs/testenv/lib/python3.12/site-packages/pandas/core/ops/array_ops.py", line 305, in na_logical_op
    result = op(x, y)
             ^^^^^^^^
  File "/opt/anaconda3/envs/testenv/lib/python3.12/site-packages/pandas/core/roperator.py", line 54, in rand_
    return operator.and_(right, left)
           ^^^^^^^^^^^^^^^^^^^^^^^^^^
TypeError: ufunc 'bitwise_and' not supported for the input types, and the inputs could not be safely coerced to any supported types according to the casting rule ''safe''

During handling of the above exception, another exception occurred:

Traceback (most recent call last):
  File "/opt/anaconda3/envs/testenv/lib/python3.12/site-packages/pandas/core/ops/array_ops.py", line 319, in na_logical_op
    result = libops.scalar_binop(x, y, op)
             ^^^^^^^^^^^^^^^^^^^^^^^^^^^^^
  File "pandas/_libs/ops.pyx", line 180, in pandas._libs.ops.scalar_binop
ValueError: Buffer dtype mismatch, expected 'Python object' but got 'bool'

The above exception was the direct cause of the following exception:

Traceback (most recent call last):
  File "/opt/anaconda3/envs/testenv/lib/python3.12/site-packages/pandasai/pipelines/chat/code_execution.py", line 85, in execute
    result = self.execute_code(code_to_run, code_context)
             ^^^^^^^^^^^^^^^^^^^^^^^^^^^^^^^^^^^^^^^^^^^^
  File "/opt/anaconda3/envs/testenv/lib/python3.12/site-packages/pandasai/pipelines/chat/code_execution.py", line 171, in execute_code
    exec(code, environment)
  File "<string>", line 3, in <module>
  File "/opt/anaconda3/envs/testenv/lib/python3.12/site-packages/pandas/core/ops/common.py", line 72, in new_method
    return method(self, other)
           ^^^^^^^^^^^^^^^^^^^
  File "/opt/anaconda3/envs/testenv/lib/python3.12/site-packages/pandas/core/arraylike.py", line 76, in __rand__
    return self._logical_method(other, roperator.rand_)
           ^^^^^^^^^^^^^^^^^^^^^^^^^^^^^^^^^^^^^^^^^^^^
  File "/opt/anaconda3/envs/testenv/lib/python3.12/site-packages/pandas/core/series.py", line 6254, in _logical_method
    res_values = ops.logical_op(lvalues, rvalues, op)
                 ^^^^^^^^^^^^^^^^^^^^^^^^^^^^^^^^^^^^
  File "/opt/anaconda3/envs/testenv/lib/python3.12/site-packages/pandas/core/ops/array_ops.py", line 395, in logical_op
    res_values = na_logical_op(lvalues, rvalues, op)
                 ^^^^^^^^^^^^^^^^^^^^^^^^^^^^^^^^^^^
  File "/opt/anaconda3/envs/testenv/lib/python3.12/site-packages/pandas/core/ops/array_ops.py", line 328, in na_logical_op
    raise TypeError(
TypeError: Cannot perform 'rand_' with a dtyped [bool] array and scalar of type [bool]


Fix the python code above and return the new python code:
2024-10-23 16:05:50 [INFO] Executing Step 1: CodeGenerator
2024-10-23 16:05:52 [ERROR] Pipeline failed on step 1: 400 Project `440433821748` is not allowed to use Publisher Model `projects/chess-chatbot/locations/us-central1/publishers/google/models/text-bison@001`
2024-10-23 16:05:52 [ERROR] Pipeline failed on step 6: 400 Project `440433821748` is not allowed to use Publisher Model `projects/chess-chatbot/locations/us-central1/publishers/google/models/text-bison@001`
2024-10-24 18:53:43 [INFO] Question: How many games did Hikaru play as white?
2024-10-24 18:53:43 [INFO] Running PandasAI with google-vertexai LLM...
2024-10-24 18:53:43 [INFO] Prompt ID: 0f0b7434-c950-4222-a1f5-5d18a08f3e34
2024-10-24 18:53:43 [INFO] Executing Pipeline: GenerateChatPipeline
2024-10-24 18:53:43 [INFO] Executing Step 0: ValidatePipelineInput
2024-10-24 18:53:43 [INFO] Executing Step 1: CacheLookup
2024-10-24 18:53:43 [INFO] Using cached response
2024-10-24 18:53:43 [INFO] Executing Step 2: PromptGeneration
2024-10-24 18:53:43 [INFO] Executing Step 2: Skipping...
2024-10-24 18:53:43 [INFO] Executing Step 3: CodeGenerator
2024-10-24 18:53:43 [INFO] Executing Step 3: Skipping...
2024-10-24 18:53:43 [INFO] Executing Step 4: CachePopulation
2024-10-24 18:53:43 [INFO] Executing Step 4: Skipping...
2024-10-24 18:53:43 [INFO] Executing Step 5: CodeCleaning
2024-10-24 18:53:43 [INFO] 
Code running:
```
white_games = 0
for df in dfs:
    white_games += len(df[df['player'] == 'Hikaru' & (df['role'] == 'white')])
result = {'type': 'number', 'value': white_games}
        ```
2024-10-24 18:53:43 [INFO] Executing Step 6: CodeExecution
2024-10-24 18:53:43 [ERROR] Unable to extract filters for passed code
2024-10-24 18:53:43 [ERROR] Failed with error: Traceback (most recent call last):
  File "/opt/anaconda3/envs/testenv/lib/python3.12/site-packages/pandas/core/ops/array_ops.py", line 305, in na_logical_op
    result = op(x, y)
             ^^^^^^^^
  File "/opt/anaconda3/envs/testenv/lib/python3.12/site-packages/pandas/core/roperator.py", line 54, in rand_
    return operator.and_(right, left)
           ^^^^^^^^^^^^^^^^^^^^^^^^^^
TypeError: ufunc 'bitwise_and' not supported for the input types, and the inputs could not be safely coerced to any supported types according to the casting rule ''safe''

During handling of the above exception, another exception occurred:

Traceback (most recent call last):
  File "/opt/anaconda3/envs/testenv/lib/python3.12/site-packages/pandas/core/ops/array_ops.py", line 319, in na_logical_op
    result = libops.scalar_binop(x, y, op)
             ^^^^^^^^^^^^^^^^^^^^^^^^^^^^^
  File "pandas/_libs/ops.pyx", line 180, in pandas._libs.ops.scalar_binop
ValueError: Buffer dtype mismatch, expected 'Python object' but got 'bool'

The above exception was the direct cause of the following exception:

Traceback (most recent call last):
  File "/opt/anaconda3/envs/testenv/lib/python3.12/site-packages/pandasai/pipelines/chat/code_execution.py", line 85, in execute
    result = self.execute_code(code_to_run, code_context)
             ^^^^^^^^^^^^^^^^^^^^^^^^^^^^^^^^^^^^^^^^^^^^
  File "/opt/anaconda3/envs/testenv/lib/python3.12/site-packages/pandasai/pipelines/chat/code_execution.py", line 171, in execute_code
    exec(code, environment)
  File "<string>", line 3, in <module>
  File "/opt/anaconda3/envs/testenv/lib/python3.12/site-packages/pandas/core/ops/common.py", line 72, in new_method
    return method(self, other)
           ^^^^^^^^^^^^^^^^^^^
  File "/opt/anaconda3/envs/testenv/lib/python3.12/site-packages/pandas/core/arraylike.py", line 76, in __rand__
    return self._logical_method(other, roperator.rand_)
           ^^^^^^^^^^^^^^^^^^^^^^^^^^^^^^^^^^^^^^^^^^^^
  File "/opt/anaconda3/envs/testenv/lib/python3.12/site-packages/pandas/core/series.py", line 6254, in _logical_method
    res_values = ops.logical_op(lvalues, rvalues, op)
                 ^^^^^^^^^^^^^^^^^^^^^^^^^^^^^^^^^^^^
  File "/opt/anaconda3/envs/testenv/lib/python3.12/site-packages/pandas/core/ops/array_ops.py", line 395, in logical_op
    res_values = na_logical_op(lvalues, rvalues, op)
                 ^^^^^^^^^^^^^^^^^^^^^^^^^^^^^^^^^^^
  File "/opt/anaconda3/envs/testenv/lib/python3.12/site-packages/pandas/core/ops/array_ops.py", line 328, in na_logical_op
    raise TypeError(
TypeError: Cannot perform 'rand_' with a dtyped [bool] array and scalar of type [bool]

2024-10-24 18:53:43 [WARNING] Failed to execute code retrying with a correction framework [retry number: 1]
2024-10-24 18:53:43 [INFO] Executing Pipeline: ErrorCorrectionPipeline
2024-10-24 18:53:43 [INFO] Executing Step 0: ErrorPromptGeneration
2024-10-24 18:53:43 [INFO] Using prompt: <dataframe>
dfs[0]:25088x10
game_id,date,time,player,role,opponent,player_result,winner,rated,time_class
1854,2024-09-27,01:06:05,PolandHussars,white,ljm509,win,Catinbootsnow,True,bullet
8187,2024-06-04,17:05:30,Zkid,black,WIDBIFS,draw,SenorNadie,True,blitz
3941,2024-02-15,18:07:43,GMHess,white,TheDuck,loss,GianmarcoVaR,False,rapid
</dataframe>


The user asked the following question:
### QUERY
 How many games did Hikaru play as white?

You generated this python code:
white_games = 0
for df in dfs:
    white_games += len(df[df['player'] == 'Hikaru' & (df['role'] == 'white')])
result = {'type': 'number', 'value': white_games}

It fails with the following error:
Traceback (most recent call last):
  File "/opt/anaconda3/envs/testenv/lib/python3.12/site-packages/pandas/core/ops/array_ops.py", line 305, in na_logical_op
    result = op(x, y)
             ^^^^^^^^
  File "/opt/anaconda3/envs/testenv/lib/python3.12/site-packages/pandas/core/roperator.py", line 54, in rand_
    return operator.and_(right, left)
           ^^^^^^^^^^^^^^^^^^^^^^^^^^
TypeError: ufunc 'bitwise_and' not supported for the input types, and the inputs could not be safely coerced to any supported types according to the casting rule ''safe''

During handling of the above exception, another exception occurred:

Traceback (most recent call last):
  File "/opt/anaconda3/envs/testenv/lib/python3.12/site-packages/pandas/core/ops/array_ops.py", line 319, in na_logical_op
    result = libops.scalar_binop(x, y, op)
             ^^^^^^^^^^^^^^^^^^^^^^^^^^^^^
  File "pandas/_libs/ops.pyx", line 180, in pandas._libs.ops.scalar_binop
ValueError: Buffer dtype mismatch, expected 'Python object' but got 'bool'

The above exception was the direct cause of the following exception:

Traceback (most recent call last):
  File "/opt/anaconda3/envs/testenv/lib/python3.12/site-packages/pandasai/pipelines/chat/code_execution.py", line 85, in execute
    result = self.execute_code(code_to_run, code_context)
             ^^^^^^^^^^^^^^^^^^^^^^^^^^^^^^^^^^^^^^^^^^^^
  File "/opt/anaconda3/envs/testenv/lib/python3.12/site-packages/pandasai/pipelines/chat/code_execution.py", line 171, in execute_code
    exec(code, environment)
  File "<string>", line 3, in <module>
  File "/opt/anaconda3/envs/testenv/lib/python3.12/site-packages/pandas/core/ops/common.py", line 72, in new_method
    return method(self, other)
           ^^^^^^^^^^^^^^^^^^^
  File "/opt/anaconda3/envs/testenv/lib/python3.12/site-packages/pandas/core/arraylike.py", line 76, in __rand__
    return self._logical_method(other, roperator.rand_)
           ^^^^^^^^^^^^^^^^^^^^^^^^^^^^^^^^^^^^^^^^^^^^
  File "/opt/anaconda3/envs/testenv/lib/python3.12/site-packages/pandas/core/series.py", line 6254, in _logical_method
    res_values = ops.logical_op(lvalues, rvalues, op)
                 ^^^^^^^^^^^^^^^^^^^^^^^^^^^^^^^^^^^^
  File "/opt/anaconda3/envs/testenv/lib/python3.12/site-packages/pandas/core/ops/array_ops.py", line 395, in logical_op
    res_values = na_logical_op(lvalues, rvalues, op)
                 ^^^^^^^^^^^^^^^^^^^^^^^^^^^^^^^^^^^
  File "/opt/anaconda3/envs/testenv/lib/python3.12/site-packages/pandas/core/ops/array_ops.py", line 328, in na_logical_op
    raise TypeError(
TypeError: Cannot perform 'rand_' with a dtyped [bool] array and scalar of type [bool]


Fix the python code above and return the new python code:
2024-10-24 18:53:43 [INFO] Executing Step 1: CodeGenerator
2024-10-24 18:53:45 [ERROR] Pipeline failed on step 1: 400 Project `440433821748` is not allowed to use Publisher Model `projects/chess-chatbot/locations/us-central1/publishers/google/models/text-bison@001`
2024-10-24 18:53:45 [ERROR] Pipeline failed on step 6: 400 Project `440433821748` is not allowed to use Publisher Model `projects/chess-chatbot/locations/us-central1/publishers/google/models/text-bison@001`
